<?xml version="1.0" encoding="UTF-8" ?>
<testsuite errors="1" failures="0" hostname="S2D-lixl-PC" name="appname.web.BookControllerTest" skipped="0" tests="1" time="3.021" timestamp="2018-11-02T06:28:41">
  <properties>
[...]
</properties>
  <testcase classname="appname.web.BookControllerTest" name="list_test001" time="0.551">
    <error message="javax.servlet.http.HttpServletRequest.getAsyncContext()Ljavax/servlet/AsyncContext;" type="java.lang.NoSuchMethodError">java.lang.NoSuchMethodError: javax.servlet.http.HttpServletRequest.getAsyncContext()Ljavax/servlet/AsyncContext;
	at org.springframework.test.web.servlet.TestDispatcherServlet.service(TestDispatcherServlet.java:73)
	at javax.servlet.http.HttpServlet.service(HttpServlet.java:820)
	at org.springframework.mock.web.MockFilterChain$ServletFilterProxy.doFilter(MockFilterChain.java:160)
	at org.springframework.mock.web.MockFilterChain.doFilter(MockFilterChain.java:127)
	at org.springframework.test.web.servlet.MockMvc.perform(MockMvc.java:151)
	at appname.web.BookControllerTest.list_test001(BookControllerTest.java:82)
	at org.springframework.test.context.junit4.statements.RunBeforeTestMethodCallbacks.evaluate(RunBeforeTestMethodCallbacks.java:75)
	at org.springframework.test.context.junit4.statements.RunAfterTestMethodCallbacks.evaluate(RunAfterTestMethodCallbacks.java:86)
	at org.mockito.internal.junit.JUnitRule$1.evaluateSafely(JUnitRule.java:66)
	at org.mockito.internal.junit.JUnitRule$1.evaluate(JUnitRule.java:46)
	at org.springframework.test.context.junit4.statements.SpringRepeat.evaluate(SpringRepeat.java:84)
	at org.springframework.test.context.junit4.SpringJUnit4ClassRunner.runChild(SpringJUnit4ClassRunner.java:252)
	at org.springframework.test.context.junit4.SpringJUnit4ClassRunner.runChild(SpringJUnit4ClassRunner.java:94)
	at org.springframework.test.context.junit4.statements.RunBeforeTestClassCallbacks.evaluate(RunBeforeTestClassCallbacks.java:61)
	at org.springframework.test.context.junit4.statements.RunAfterTestClassCallbacks.evaluate(RunAfterTestClassCallbacks.java:70)
	at org.springframework.test.context.junit4.SpringJUnit4ClassRunner.run(SpringJUnit4ClassRunner.java:191)
</error>
  </testcase>
  <system-out><![CDATA[14:28:40,730 |-INFO in ch.qos.logback.classic.LoggerContext[default] - Could NOT find resource [logback.groovy]
14:28:40,730 |-INFO in ch.qos.logback.classic.LoggerContext[default] - Could NOT find resource [logback-test.xml]
14:28:40,730 |-INFO in ch.qos.logback.classic.LoggerContext[default] - Found resource [logback.xml] at [file:/D:/eclipse-workspace2/SpringMyBatisDemo/build/classes/logback.xml]
14:28:40,731 |-WARN in ch.qos.logback.classic.LoggerContext[default] - Resource [logback.xml] occurs multiple times on the classpath.
14:28:40,731 |-WARN in ch.qos.logback.classic.LoggerContext[default] - Resource [logback.xml] occurs at [jar:file:/D:/eclipse-workspace2/SpringMyBatisDemo/cobertura/cobertura-2.1.1-sources.jar!/logback.xml]
14:28:40,731 |-WARN in ch.qos.logback.classic.LoggerContext[default] - Resource [logback.xml] occurs at [file:/D:/eclipse-workspace2/SpringMyBatisDemo/build/classes/logback.xml]
14:28:40,731 |-WARN in ch.qos.logback.classic.LoggerContext[default] - Resource [logback.xml] occurs at [jar:file:/D:/eclipse-workspace2/SpringMyBatisDemo/cobertura/cobertura-2.1.1.jar!/logback.xml]
14:28:40,871 |-INFO in ch.qos.logback.core.joran.action.AppenderAction - About to instantiate appender of type [ch.qos.logback.core.ConsoleAppender]
14:28:40,874 |-INFO in ch.qos.logback.core.joran.action.AppenderAction - Naming appender as [STDOUT]
14:28:40,891 |-INFO in ch.qos.logback.core.joran.action.NestedComplexPropertyIA - Assuming default type [ch.qos.logback.classic.encoder.PatternLayoutEncoder] for [encoder] property
14:28:40,932 |-INFO in ch.qos.logback.classic.joran.action.RootLoggerAction - Setting level of ROOT logger to DEBUG
14:28:40,932 |-INFO in ch.qos.logback.core.joran.action.AppenderRefAction - Attaching appender named [STDOUT] to Logger[ROOT]
14:28:40,933 |-INFO in ch.qos.logback.classic.joran.action.ConfigurationAction - End of configuration.
14:28:40,935 |-INFO in ch.qos.logback.classic.joran.JoranConfigurator@60c6f5b - Registering current configuration as safe fallback point
14:28:41.006 [main] DEBUG o.s.t.c.j.SpringJUnit4ClassRunner - SpringJUnit4ClassRunner constructor called with [class appname.web.BookControllerTest]
14:28:41.017 [main] DEBUG o.s.test.context.BootstrapUtils - Instantiating CacheAwareContextLoaderDelegate from class [org.springframework.test.context.cache.DefaultCacheAwareContextLoaderDelegate]
14:28:41.027 [main] DEBUG o.s.test.context.BootstrapUtils - Instantiating BootstrapContext using constructor [public org.springframework.test.context.support.DefaultBootstrapContext(java.lang.Class,org.springframework.test.context.CacheAwareContextLoaderDelegate)]
14:28:41.044 [main] DEBUG o.s.test.context.BootstrapUtils - Instantiating TestContextBootstrapper for test class [appname.web.BookControllerTest] from class [org.springframework.test.context.web.WebTestContextBootstrapper]
14:28:41.083 [main] DEBUG o.s.t.c.s.AbstractDelegatingSmartContextLoader - Delegating to GenericXmlWebContextLoader to process context configuration [ContextConfigurationAttributes@35a50a4c declaringClass = 'appname.web.BookControllerTest', classes = '{}', locations = '{classpath:/spring/applicationContext.xml}', inheritLocations = true, initializers = '{}', inheritInitializers = true, name = [null], contextLoaderClass = 'org.springframework.test.context.ContextLoader'].
14:28:41.099 [main] DEBUG o.s.t.c.support.ActiveProfilesUtils - Could not find an 'annotation declaring class' for annotation type [org.springframework.test.context.ActiveProfiles] and class [appname.web.BookControllerTest]
14:28:41.100 [main] DEBUG o.s.t.c.s.AbstractDelegatingSmartContextLoader - Delegating to GenericXmlWebContextLoader to process context configuration [ContextConfigurationAttributes@dbd940d declaringClass = 'appname.web.BookControllerTest', classes = '{}', locations = '{classpath:/spring/spring-mvc-ut.xml}', inheritLocations = true, initializers = '{}', inheritInitializers = true, name = [null], contextLoaderClass = 'org.springframework.test.context.ContextLoader'].
14:28:41.102 [main] DEBUG o.s.t.c.support.ActiveProfilesUtils - Could not find an 'annotation declaring class' for annotation type [org.springframework.test.context.ActiveProfiles] and class [appname.web.BookControllerTest]
14:28:41.103 [main] DEBUG o.s.t.c.w.WebTestContextBootstrapper - @TestExecutionListeners is not present for class [appname.web.BookControllerTest]: using defaults.
14:28:41.105 [main] INFO  o.s.t.c.w.WebTestContextBootstrapper - Loaded default TestExecutionListener class names from location [META-INF/spring.factories]: [org.springframework.test.context.web.ServletTestExecutionListener, org.springframework.test.context.support.DirtiesContextBeforeModesTestExecutionListener, org.springframework.test.context.support.DependencyInjectionTestExecutionListener, org.springframework.test.context.support.DirtiesContextTestExecutionListener, org.springframework.test.context.transaction.TransactionalTestExecutionListener, org.springframework.test.context.jdbc.SqlScriptsTestExecutionListener]
14:28:41.135 [main] INFO  o.s.t.c.w.WebTestContextBootstrapper - Using TestExecutionListeners: [org.springframework.test.context.web.ServletTestExecutionListener@64d7f7e0, org.springframework.test.context.support.DirtiesContextBeforeModesTestExecutionListener@27c6e487, org.springframework.test.context.support.DependencyInjectionTestExecutionListener@49070868, org.springframework.test.context.support.DirtiesContextTestExecutionListener@6385cb26, org.springframework.test.context.transaction.TransactionalTestExecutionListener@38364841, org.springframework.test.context.jdbc.SqlScriptsTestExecutionListener@28c4711c]
14:28:41.154 [main] DEBUG o.s.t.annotation.ProfileValueUtils - Retrieved @ProfileValueSourceConfiguration [null] for test class [appname.web.BookControllerTest]
14:28:41.154 [main] DEBUG o.s.t.annotation.ProfileValueUtils - Retrieved ProfileValueSource type [class org.springframework.test.annotation.SystemProfileValueSource] for class [appname.web.BookControllerTest]
14:28:41.156 [main] DEBUG o.s.t.annotation.ProfileValueUtils - Retrieved @ProfileValueSourceConfiguration [null] for test class [appname.web.BookControllerTest]
14:28:41.156 [main] DEBUG o.s.t.annotation.ProfileValueUtils - Retrieved ProfileValueSource type [class org.springframework.test.annotation.SystemProfileValueSource] for class [appname.web.BookControllerTest]
14:28:41.157 [main] DEBUG o.s.t.annotation.ProfileValueUtils - Retrieved @ProfileValueSourceConfiguration [null] for test class [appname.web.BookControllerTest]
14:28:41.157 [main] DEBUG o.s.t.annotation.ProfileValueUtils - Retrieved ProfileValueSource type [class org.springframework.test.annotation.SystemProfileValueSource] for class [appname.web.BookControllerTest]
14:28:41.159 [main] DEBUG o.s.t.c.s.AbstractDirtiesContextTestExecutionListener - Before test class: context [DefaultTestContext@525b461a testClass = BookControllerTest, testInstance = [null], testMethod = [null], testException = [null], mergedContextConfiguration = [WebMergedContextConfiguration@58c1c010 testClass = BookControllerTest, locations = '{classpath:/spring/spring-mvc-ut.xml}', classes = '{}', contextInitializerClasses = '[]', activeProfiles = '{}', propertySourceLocations = '{}', propertySourceProperties = '{}', contextCustomizers = set[[empty]], resourceBasePath = 'src/main/webapp', contextLoader = 'org.springframework.test.context.web.WebDelegatingSmartContextLoader', parent = [WebMergedContextConfiguration@b7f23d9 testClass = BookControllerTest, locations = '{classpath:/spring/applicationContext.xml}', classes = '{}', contextInitializerClasses = '[]', activeProfiles = '{}', propertySourceLocations = '{}', propertySourceProperties = '{}', contextCustomizers = set[[empty]], resourceBasePath = 'src/main/webapp', contextLoader = 'org.springframework.test.context.web.WebDelegatingSmartContextLoader', parent = [null]]]], class annotated with @DirtiesContext [false] with mode [null].
14:28:41.160 [main] DEBUG o.s.t.annotation.ProfileValueUtils - Retrieved @ProfileValueSourceConfiguration [null] for test class [appname.web.BookControllerTest]
14:28:41.160 [main] DEBUG o.s.t.annotation.ProfileValueUtils - Retrieved ProfileValueSource type [class org.springframework.test.annotation.SystemProfileValueSource] for class [appname.web.BookControllerTest]
14:28:41.170 [main] DEBUG o.s.t.c.s.AbstractDelegatingSmartContextLoader - Delegating to GenericXmlWebContextLoader to load context from [WebMergedContextConfiguration@58c1c010 testClass = BookControllerTest, locations = '{classpath:/spring/spring-mvc-ut.xml}', classes = '{}', contextInitializerClasses = '[]', activeProfiles = '{}', propertySourceLocations = '{}', propertySourceProperties = '{}', contextCustomizers = set[[empty]], resourceBasePath = 'src/main/webapp', contextLoader = 'org.springframework.test.context.web.WebDelegatingSmartContextLoader', parent = [WebMergedContextConfiguration@b7f23d9 testClass = BookControllerTest, locations = '{classpath:/spring/applicationContext.xml}', classes = '{}', contextInitializerClasses = '[]', activeProfiles = '{}', propertySourceLocations = '{}', propertySourceProperties = '{}', contextCustomizers = set[[empty]], resourceBasePath = 'src/main/webapp', contextLoader = 'org.springframework.test.context.web.WebDelegatingSmartContextLoader', parent = [null]]].
14:28:41.171 [main] DEBUG o.s.t.c.w.AbstractGenericWebContextLoader - Loading WebApplicationContext for merged context configuration [WebMergedContextConfiguration@58c1c010 testClass = BookControllerTest, locations = '{classpath:/spring/spring-mvc-ut.xml}', classes = '{}', contextInitializerClasses = '[]', activeProfiles = '{}', propertySourceLocations = '{}', propertySourceProperties = '{}', contextCustomizers = set[[empty]], resourceBasePath = 'src/main/webapp', contextLoader = 'org.springframework.test.context.web.WebDelegatingSmartContextLoader', parent = [WebMergedContextConfiguration@b7f23d9 testClass = BookControllerTest, locations = '{classpath:/spring/applicationContext.xml}', classes = '{}', contextInitializerClasses = '[]', activeProfiles = '{}', propertySourceLocations = '{}', propertySourceProperties = '{}', contextCustomizers = set[[empty]], resourceBasePath = 'src/main/webapp', contextLoader = 'org.springframework.test.context.web.WebDelegatingSmartContextLoader', parent = [null]]].
14:28:41.228 [main] DEBUG o.s.t.c.s.AbstractDelegatingSmartContextLoader - Delegating to GenericXmlWebContextLoader to load context from [WebMergedContextConfiguration@b7f23d9 testClass = BookControllerTest, locations = '{classpath:/spring/applicationContext.xml}', classes = '{}', contextInitializerClasses = '[]', activeProfiles = '{}', propertySourceLocations = '{}', propertySourceProperties = '{}', contextCustomizers = set[[empty]], resourceBasePath = 'src/main/webapp', contextLoader = 'org.springframework.test.context.web.WebDelegatingSmartContextLoader', parent = [null]].
14:28:41.228 [main] DEBUG o.s.t.c.w.AbstractGenericWebContextLoader - Loading WebApplicationContext for merged context configuration [WebMergedContextConfiguration@b7f23d9 testClass = BookControllerTest, locations = '{classpath:/spring/applicationContext.xml}', classes = '{}', contextInitializerClasses = '[]', activeProfiles = '{}', propertySourceLocations = '{}', propertySourceProperties = '{}', contextCustomizers = set[[empty]], resourceBasePath = 'src/main/webapp', contextLoader = 'org.springframework.test.context.web.WebDelegatingSmartContextLoader', parent = [null]].
14:28:41.240 [main] DEBUG o.s.w.c.s.StandardServletEnvironment - Adding PropertySource 'servletConfigInitParams' with lowest search precedence
14:28:41.241 [main] DEBUG o.s.w.c.s.StandardServletEnvironment - Adding PropertySource 'servletContextInitParams' with lowest search precedence
14:28:41.247 [main] DEBUG o.s.w.c.s.StandardServletEnvironment - Adding PropertySource 'systemProperties' with lowest search precedence
14:28:41.247 [main] DEBUG o.s.w.c.s.StandardServletEnvironment - Adding PropertySource 'systemEnvironment' with lowest search precedence
14:28:41.248 [main] DEBUG o.s.w.c.s.StandardServletEnvironment - Initialized StandardServletEnvironment with PropertySources [StubPropertySource@2051853139 {name='servletConfigInitParams', properties=java.lang.Object@309e345f}, StubPropertySource@1453774246 {name='servletContextInitParams', properties=java.lang.Object@18ce0030}, MapPropertySource@71587369 {name='systemProperties', properties={java.runtime.name=Java(TM) SE Runtime Environment, sun.boot.library.path=C:\Program Files\Java\jdk1.8.0_77\jre\bin, java.vm.version=25.77-b03, java.vm.vendor=Oracle Corporation, java.vendor.url=http://java.oracle.com/, path.separator=;, java.vm.name=Java HotSpot(TM) 64-Bit Server VM, file.encoding.pkg=sun.io, user.country=CN, user.script=, sun.java.launcher=SUN_STANDARD, sun.os.patch.level=, java.vm.specification.name=Java Virtual Machine Specification, user.dir=D:\eclipse-workspace2\SpringMyBatisDemo, java.runtime.version=1.8.0_77-b03, java.awt.graphicsenv=sun.awt.Win32GraphicsEnvironment, java.endorsed.dirs=C:\Program Files\Java\jdk1.8.0_77\jre\lib\endorsed, os.arch=amd64, java.io.tmpdir=C:\WINDOWS\TEMP\, line.separator=
, java.vm.specification.vendor=Oracle Corporation, user.variant=, os.name=Windows 10, sun.jnu.encoding=GBK, java.library.path=C:\Program Files\Java\jdk1.8.0_77\jre\bin;C:\WINDOWS\Sun\Java\bin;C:\WINDOWS\system32;C:\WINDOWS;C:\Program Files\Java\jdk1.8.0_77/bin;C:\Program Files\Java\jdk1.8.0_77/bin;D:\apache-ant-1.10.5/bin;C:\Program Files\Java\jdk1.8.0_77/bin;C:\ProgramData\Oracle\Java\javapath;C:\Program Files\Java\jdk1.8.0_77\bin;C:\Program Files (x86)\Intel\Intel(R) Management Engine Components\iCLS\;C:\Program Files\Intel\Intel(R) Management Engine Components\iCLS\;C:\WINDOWS\system32;C:\WINDOWS;C:\WINDOWS\System32\Wbem;C:\WINDOWS\System32\WindowsPowerShell\v1.0\;C:\Program Files (x86)\Intel\Intel(R) Management Engine Components\DAL;C:\Program Files\Intel\Intel(R) Management Engine Components\DAL;C:\Program Files (x86)\Intel\Intel(R) Management Engine Components\IPT;C:\Program Files\Intel\Intel(R) Management Engine Components\IPT;C:\Program Files\Git\cmd;C:\WINDOWS\System32\OpenSSH\;C:\Program Files\Microsoft\Web Platform Installer\;C:\Program Files (x86)\Microsoft ASP.NET\ASP.NET Web Pages\v1.0\;C:\Program Files (x86)\Windows Kits\8.0\Windows Performance Toolkit\;C:\Program Files (x86)\Microsoft SQL Server\110\Tools\Binn\;C:\Program Files\Microsoft SQL Server\110\Tools\Binn\;C:\Program Files\Microsoft SQL Server\110\DTS\Binn\;C:\Program Files (x86)\Microsoft SQL Server\110\Tools\Binn\ManagementStudio\;C:\Program Files (x86)\Microsoft SQL Server\110\DTS\Binn\;C:\Program Files\nodejs\;D:\apache-maven-3.5.4\bin;C:\WINDOWS\system32\config\systemprofile\AppData\Local\Microsoft\WindowsApps;., java.specification.name=Java Platform API Specification, java.class.version=52.0, sun.management.compiler=HotSpot 64-Bit Tiered Compilers, os.version=10.0, user.home=C:\WINDOWS\system32\config\systemprofile, user.timezone=Asia/Shanghai, java.awt.printerjob=sun.awt.windows.WPrinterJob, file.encoding=GBK, java.specification.version=1.8, java.class.path=D:\eclipse-workspace2\SpringMyBatisDemo\build\instrumented;D:\eclipse-workspace2\SpringMyBatisDemo\build\classes;D:\eclipse-workspace2\SpringMyBatisDemo\cobertura\cobertura-2.1.1-javadoc.jar;D:\eclipse-workspace2\SpringMyBatisDemo\cobertura\cobertura-2.1.1-sources.jar;D:\eclipse-workspace2\SpringMyBatisDemo\cobertura\cobertura-2.1.1.jar;D:\eclipse-workspace2\SpringMyBatisDemo\cobertura\lib\asm-5.0.1.jar;D:\eclipse-workspace2\SpringMyBatisDemo\cobertura\lib\asm-analysis-5.0.1.jar;D:\eclipse-workspace2\SpringMyBatisDemo\cobertura\lib\asm-commons-5.0.1.jar;D:\eclipse-workspace2\SpringMyBatisDemo\cobertura\lib\asm-tree-5.0.1.jar;D:\eclipse-workspace2\SpringMyBatisDemo\cobertura\lib\asm-util-5.0.1.jar;D:\eclipse-workspace2\SpringMyBatisDemo\cobertura\lib\commons-lang3-3.3.2.jar;D:\eclipse-workspace2\SpringMyBatisDemo\cobertura\lib\hamcrest-core-1.3.jar;D:\eclipse-workspace2\SpringMyBatisDemo\cobertura\lib\jaxen-1.1.4.jar;D:\eclipse-workspace2\SpringMyBatisDemo\cobertura\lib\jetty-6.1.14.jar;D:\eclipse-workspace2\SpringMyBatisDemo\cobertura\lib\jetty-util-6.1.14.jar;D:\eclipse-workspace2\SpringMyBatisDemo\cobertura\lib\junit-4.11.jar;D:\eclipse-workspace2\SpringMyBatisDemo\cobertura\lib\logback-classic-1.0.13.jar;D:\eclipse-workspace2\SpringMyBatisDemo\cobertura\lib\logback-core-1.0.13.jar;D:\eclipse-workspace2\SpringMyBatisDemo\cobertura\lib\oro-2.0.8.jar;D:\eclipse-workspace2\SpringMyBatisDemo\cobertura\lib\servlet-api-2.5-6.1.14.jar;D:\eclipse-workspace2\SpringMyBatisDemo\cobertura\lib\slf4j-api-1.7.5.jar;D:\eclipse-workspace2\SpringMyBatisDemo\webapp\WEB-INF\lib\aopalliance-1.0.jar;D:\eclipse-workspace2\SpringMyBatisDemo\webapp\WEB-INF\lib\c3p0-0.9.5.2.jar;D:\eclipse-workspace2\SpringMyBatisDemo\webapp\WEB-INF\lib\classmate-1.3.4.jar;D:\eclipse-workspace2\SpringMyBatisDemo\webapp\WEB-INF\lib\commons-beanutils-1.8.0.jar;D:\eclipse-workspace2\SpringMyBatisDemo\webapp\WEB-INF\lib\commons-collections-3.2.jar;D:\eclipse-workspace2\SpringMyBatisDemo\webapp\WEB-INF\lib\commons-digester-2.0.jar;D:\eclipse-workspace2\SpringMyBatisDemo\webapp\WEB-INF\lib\commons-io-2.5.jar;D:\eclipse-workspace2\SpringMyBatisDemo\webapp\WEB-INF\lib\commons-lang-2.4.jar;D:\eclipse-workspace2\SpringMyBatisDemo\webapp\WEB-INF\lib\commons-logging-1.2.jar;D:\eclipse-workspace2\SpringMyBatisDemo\webapp\WEB-INF\lib\commons-pool2-2.3.jar;D:\eclipse-workspace2\SpringMyBatisDemo\webapp\WEB-INF\lib\hamcrest-core-1.3.jar;D:\eclipse-workspace2\SpringMyBatisDemo\webapp\WEB-INF\lib\hibernate-validator-6.0.12.Final.jar;D:\eclipse-workspace2\SpringMyBatisDemo\webapp\WEB-INF\lib\jackson-annotations-2.5.0.jar;D:\eclipse-workspace2\SpringMyBatisDemo\webapp\WEB-INF\lib\jackson-core-2.5.4.jar;D:\eclipse-workspace2\SpringMyBatisDemo\webapp\WEB-INF\lib\jackson-databind-2.5.4.jar;D:\eclipse-workspace2\SpringMyBatisDemo\webapp\WEB-INF\lib\javax.servlet-api-3.1.0.jar;D:\eclipse-workspace2\SpringMyBatisDemo\webapp\WEB-INF\lib\jboss-logging-3.3.2.Final.jar;D:\eclipse-workspace2\SpringMyBatisDemo\webapp\WEB-INF\lib\jcl-over-slf4j-1.7.6.jar;D:\eclipse-workspace2\SpringMyBatisDemo\webapp\WEB-INF\lib\jedis-2.7.3.jar;D:\eclipse-workspace2\SpringMyBatisDemo\webapp\WEB-INF\lib\jstl-1.2.jar;D:\eclipse-workspace2\SpringMyBatisDemo\webapp\WEB-INF\lib\logback-classic-1.1.1.jar;D:\eclipse-workspace2\SpringMyBatisDemo\webapp\WEB-INF\lib\logback-core-1.1.1.jar;D:\eclipse-workspace2\SpringMyBatisDemo\webapp\WEB-INF\lib\mchange-commons-java-0.2.11.jar;D:\eclipse-workspace2\SpringMyBatisDemo\webapp\WEB-INF\lib\mssql-jdbc-6.2.2.jre8.jar;D:\eclipse-workspace2\SpringMyBatisDemo\webapp\WEB-INF\lib\mybatis-3.4.6.jar;D:\eclipse-workspace2\SpringMyBatisDemo\webapp\WEB-INF\lib\mybatis-spring-1.3.2.jar;D:\eclipse-workspace2\SpringMyBatisDemo\webapp\WEB-INF\lib\protostuff-api-1.0.8.jar;D:\eclipse-workspace2\SpringMyBatisDemo\webapp\WEB-INF\lib\protostuff-collectionschema-1.0.8.jar;D:\eclipse-workspace2\SpringMyBatisDemo\webapp\WEB-INF\lib\protostuff-core-1.0.8.jar;D:\eclipse-workspace2\SpringMyBatisDemo\webapp\WEB-INF\lib\protostuff-runtime-1.0.8.jar;D:\eclipse-workspace2\SpringMyBatisDemo\webapp\WEB-INF\lib\slf4j-api-1.7.6.jar;D:\eclipse-workspace2\SpringMyBatisDemo\webapp\WEB-INF\lib\spring-aop-4.3.20.RELEASE.jar;D:\eclipse-workspace2\SpringMyBatisDemo\webapp\WEB-INF\lib\spring-aspects-4.3.20.RELEASE.jar;D:\eclipse-workspace2\SpringMyBatisDemo\webapp\WEB-INF\lib\spring-beans-4.3.20.RELEASE.jar;D:\eclipse-workspace2\SpringMyBatisDemo\webapp\WEB-INF\lib\spring-context-4.3.20.RELEASE.jar;D:\eclipse-workspace2\SpringMyBatisDemo\webapp\WEB-INF\lib\spring-core-4.3.20.RELEASE.jar;D:\eclipse-workspace2\SpringMyBatisDemo\webapp\WEB-INF\lib\spring-expression-4.3.20.RELEASE.jar;D:\eclipse-workspace2\SpringMyBatisDemo\webapp\WEB-INF\lib\spring-instrument-4.3.20.RELEASE.jar;D:\eclipse-workspace2\SpringMyBatisDemo\webapp\WEB-INF\lib\spring-jdbc-4.3.20.RELEASE.jar;D:\eclipse-workspace2\SpringMyBatisDemo\webapp\WEB-INF\lib\spring-tx-4.3.20.RELEASE.jar;D:\eclipse-workspace2\SpringMyBatisDemo\webapp\WEB-INF\lib\spring-web-4.3.20.RELEASE.jar;D:\eclipse-workspace2\SpringMyBatisDemo\webapp\WEB-INF\lib\spring-webmvc-4.3.20.RELEASE.jar;D:\eclipse-workspace2\SpringMyBatisDemo\webapp\WEB-INF\lib\standard-1.1.2.jar;D:\eclipse-workspace2\SpringMyBatisDemo\webapp\WEB-INF\lib\tiles-api-3.0.8.jar;D:\eclipse-workspace2\SpringMyBatisDemo\webapp\WEB-INF\lib\tiles-autotag-core-runtime-1.2.jar;D:\eclipse-workspace2\SpringMyBatisDemo\webapp\WEB-INF\lib\tiles-core-3.0.8.jar;D:\eclipse-workspace2\SpringMyBatisDemo\webapp\WEB-INF\lib\tiles-jsp-3.0.8.jar;D:\eclipse-workspace2\SpringMyBatisDemo\webapp\WEB-INF\lib\tiles-request-api-1.0.7.jar;D:\eclipse-workspace2\SpringMyBatisDemo\webapp\WEB-INF\lib\tiles-request-jsp-1.0.7.jar;D:\eclipse-workspace2\SpringMyBatisDemo\webapp\WEB-INF\lib\tiles-request-servlet-1.0.7.jar;D:\eclipse-workspace2\SpringMyBatisDemo\webapp\WEB-INF\lib\tiles-servlet-3.0.8.jar;D:\eclipse-workspace2\SpringMyBatisDemo\webapp\WEB-INF\lib\tiles-template-3.0.8.jar;D:\eclipse-workspace2\SpringMyBatisDemo\webapp\WEB-INF\lib\validation-api-2.0.1.Final.jar;D:\eclipse-workspace2\SpringMyBatisDemo\lib\test\byte-buddy-1.7.11.jar;D:\eclipse-workspace2\SpringMyBatisDemo\lib\test\dbunit-2.5.4.jar;D:\eclipse-workspace2\SpringMyBatisDemo\lib\test\h2-1.4.196.jar;D:\eclipse-workspace2\SpringMyBatisDemo\lib\test\junit-4.12.jar;D:\eclipse-workspace2\SpringMyBatisDemo\lib\test\mockito-core-2.3.3.jar;D:\eclipse-workspace2\SpringMyBatisDemo\lib\test\objenesis-2.6.jar;D:\eclipse-workspace2\SpringMyBatisDemo\lib\test\poi-3.11-20141221.jar;D:\eclipse-workspace2\SpringMyBatisDemo\lib\test\poi-ooxml-3.11-20141221.jar;D:\eclipse-workspace2\SpringMyBatisDemo\lib\test\poi-ooxml-schemas-3.11-20141221.jar;D:\eclipse-workspace2\SpringMyBatisDemo\lib\test\spring-test-4.3.20.RELEASE.jar;D:\eclipse-workspace2\SpringMyBatisDemo\lib\test\xmlbeans-2.6.0.jar;D:\apache-ant-1.10.5\lib\ant-launcher.jar;D:\apache-ant-1.10.5\lib\ant.jar;D:\apache-ant-1.10.5\lib\ant-junit.jar;D:\apache-ant-1.10.5\lib\ant-junit4.jar, user.name=S2D-LIXL-PC$, java.vm.specification.version=1.8, sun.java.command=org.apache.tools.ant.taskdefs.optional.junit.JUnitTestRunner appname.web.BookControllerTest skipNonTests=false filtertrace=true haltOnError=false haltOnFailure=false showoutput=false outputtoformatters=true logfailedtests=true threadid=0 logtestlistenerevents=false formatter=org.apache.tools.ant.taskdefs.optional.junit.XMLJUnitResultFormatter,D:\eclipse-workspace2\SpringMyBatisDemo\reports\junit-xml\TEST-appname.web.BookControllerTest.xml crashfile=D:\eclipse-workspace2\SpringMyBatisDemo\junitvmwatcher6777404637318343550.properties propsfile=D:\eclipse-workspace2\SpringMyBatisDemo\junit3577929397909760759.properties, java.home=C:\Program Files\Java\jdk1.8.0_77\jre, sun.arch.data.model=64, user.language=zh, java.specification.vendor=Oracle Corporation, awt.toolkit=sun.awt.windows.WToolkit, java.vm.info=mixed mode, java.version=1.8.0_77, java.ext.dirs=C:\Program Files\Java\jdk1.8.0_77\jre\lib\ext;C:\WINDOWS\Sun\Java\lib\ext, sun.boot.class.path=C:\Program Files\Java\jdk1.8.0_77\jre\lib\resources.jar;C:\Program Files\Java\jdk1.8.0_77\jre\lib\rt.jar;C:\Program Files\Java\jdk1.8.0_77\jre\lib\sunrsasign.jar;C:\Program Files\Java\jdk1.8.0_77\jre\lib\jsse.jar;C:\Program Files\Java\jdk1.8.0_77\jre\lib\jce.jar;C:\Program Files\Java\jdk1.8.0_77\jre\lib\charsets.jar;C:\Program Files\Java\jdk1.8.0_77\jre\lib\jfr.jar;C:\Program Files\Java\jdk1.8.0_77\jre\classes, java.vendor=Oracle Corporation, file.separator=\, java.vendor.url.bug=http://bugreport.sun.com/bugreport/, sun.io.unicode.encoding=UnicodeLittle, sun.cpu.endian=little, sun.desktop=windows, sun.cpu.isalist=amd64}}, SystemEnvironmentPropertySource@1169794610 {name='systemEnvironment', properties={PROCESSOR_LEVEL=6, RUN_DISPLAY_URL=http://unconfigured-jenkins-location/job/SpringMybatisDemo/31/display/redirect, HUDSON_HOME=C:\Program Files (x86)\Jenkins, RUN_CHANGES_DISPLAY_URL=http://unconfigured-jenkins-location/job/SpringMybatisDemo/31/display/redirect?page=changes, WINSW_SERVICE_ID=Jenkins, HUDSON_COOKIE=c9115c60-7093-4b0d-bf36-3ab69ac95b5d, ALLUSERSPROFILE=C:\ProgramData, PROCESSOR_ARCHITECTURE=AMD64, PSModulePath=C:\Program Files\WindowsPowerShell\Modules;C:\WINDOWS\system32\WindowsPowerShell\v1.0\Modules;C:\Program Files (x86)\Microsoft SQL Server\110\Tools\PowerShell\Modules\, SystemDrive=C:, JENKINS_SERVER_COOKIE=90f5e365a96a8656, SERVICE_ID=Jenkins, USERNAME=S2D-LIXL-PC$, _JAVACMD=C:\Program Files\Java\jdk1.8.0_77\bin\java.exe, ProgramFiles(x86)=C:\Program Files (x86), BUILD_TAG=jenkins-SpringMybatisDemo-31, PATHEXT=.COM;.EXE;.BAT;.CMD;.VBS;.VBE;.JS;.JSE;.WSF;.WSH;.MSC, DriverData=C:\Windows\System32\Drivers\DriverData, JENKINS_HOME=C:\Program Files (x86)\Jenkins, ProgramData=C:\ProgramData, ProgramW6432=C:\Program Files, NODE_NAME=master, BUILD_DISPLAY_NAME=#31, ANT_CMD_LINE_ARGS= -file build.xml coverage, PROCESSOR_IDENTIFIER=Intel64 Family 6 Model 142 Stepping 10, GenuineIntel, JOB_DISPLAY_URL=http://unconfigured-jenkins-location/job/SpringMybatisDemo/display/redirect, WINSW_EXECUTABLE=C:\Program Files (x86)\Jenkins\jenkins.exe, ProgramFiles=C:\Program Files, PUBLIC=C:\Users\Public, windir=C:\WINDOWS, LOCALAPPDATA=C:\WINDOWS\system32\config\systemprofile\AppData\Local, USERDOMAIN=HYRON-JS, JAVA_HOME=C:\Program Files\Java\jdk1.8.0_77, PROMPT=$P$G, BUILD_ID=31, BASE=C:\Program Files (x86)\Jenkins, JOB_NAME=SpringMybatisDemo, ANT_HOME=D:\apache-ant-1.10.5, asl.log=Destination=file, OneDrive=C:\WINDOWS\system32\config\systemprofile\OneDrive, APPDATA=C:\WINDOWS\system32\config\systemprofile\AppData\Roaming, NODE_LABELS=master, WORKSPACE=D:\eclipse-workspace2\SpringMyBatisDemo, CommonProgramFiles=C:\Program Files\Common Files, Path=C:\Program Files\Java\jdk1.8.0_77/bin;C:\Program Files\Java\jdk1.8.0_77/bin;D:\apache-ant-1.10.5/bin;C:\Program Files\Java\jdk1.8.0_77/bin;C:\ProgramData\Oracle\Java\javapath;C:\Program Files\Java\jdk1.8.0_77\bin;C:\Program Files (x86)\Intel\Intel(R) Management Engine Components\iCLS\;C:\Program Files\Intel\Intel(R) Management Engine Components\iCLS\;C:\WINDOWS\system32;C:\WINDOWS;C:\WINDOWS\System32\Wbem;C:\WINDOWS\System32\WindowsPowerShell\v1.0\;C:\Program Files (x86)\Intel\Intel(R) Management Engine Components\DAL;C:\Program Files\Intel\Intel(R) Management Engine Components\DAL;C:\Program Files (x86)\Intel\Intel(R) Management Engine Components\IPT;C:\Program Files\Intel\Intel(R) Management Engine Components\IPT;C:\Program Files\Git\cmd;C:\WINDOWS\System32\OpenSSH\;C:\Program Files\Microsoft\Web Platform Installer\;C:\Program Files (x86)\Microsoft ASP.NET\ASP.NET Web Pages\v1.0\;C:\Program Files (x86)\Windows Kits\8.0\Windows Performance Toolkit\;C:\Program Files (x86)\Microsoft SQL Server\110\Tools\Binn\;C:\Program Files\Microsoft SQL Server\110\Tools\Binn\;C:\Program Files\Microsoft SQL Server\110\DTS\Binn\;C:\Program Files (x86)\Microsoft SQL Server\110\Tools\Binn\ManagementStudio\;C:\Program Files (x86)\Microsoft SQL Server\110\DTS\Binn\;C:\Program Files\nodejs\;D:\apache-maven-3.5.4\bin;C:\WINDOWS\system32\config\systemprofile\AppData\Local\Microsoft\WindowsApps, OS=Windows_NT, COMPUTERNAME=S2D-LIXL-PC, EXECUTOR_NUMBER=1, HUDSON_SERVER_COOKIE=90f5e365a96a8656, JOB_BASE_NAME=SpringMybatisDemo, PROCESSOR_REVISION=8e0a, CommonProgramW6432=C:\Program Files\Common Files, ComSpec=C:\WINDOWS\system32\cmd.exe, =D:=D:\eclipse-workspace2\SpringMyBatisDemo, BUILD_NUMBER=31, SystemRoot=C:\WINDOWS, TEMP=C:\WINDOWS\TEMP, USERPROFILE=C:\WINDOWS\system32\config\systemprofile, TMP=C:\WINDOWS\TEMP, VS110COMNTOOLS=C:\Program Files (x86)\Microsoft Visual Studio 11.0\Common7\Tools\, CommonProgramFiles(x86)=C:\Program Files (x86)\Common Files, NUMBER_OF_PROCESSORS=8, _USE_CLASSPATH=no}}]
14:28:41.248 [main] DEBUG o.s.w.c.s.StandardServletEnvironment - Activating profiles []
14:28:41.261 [main] INFO  o.s.b.f.xml.XmlBeanDefinitionReader - Loading XML bean definitions from class path resource [spring/applicationContext.xml]
14:28:41.267 [main] DEBUG o.s.b.f.xml.DefaultDocumentLoader - Using JAXP provider [com.sun.org.apache.xerces.internal.jaxp.DocumentBuilderFactoryImpl]
14:28:41.304 [main] DEBUG o.s.b.f.xml.PluggableSchemaResolver - Loading schema mappings from [META-INF/spring.schemas]
14:28:41.308 [main] DEBUG o.s.b.f.xml.PluggableSchemaResolver - Loaded schema mappings: {http://www.springframework.org/schema/tx/spring-tx-4.3.xsd=org/springframework/transaction/config/spring-tx-4.3.xsd, http://www.springframework.org/schema/tx/spring-tx-2.5.xsd=org/springframework/transaction/config/spring-tx-2.5.xsd, http://www.springframework.org/schema/cache/spring-cache-4.2.xsd=org/springframework/cache/config/spring-cache-4.2.xsd, http://www.springframework.org/schema/aop/spring-aop-4.1.xsd=org/springframework/aop/config/spring-aop-4.1.xsd, http://www.springframework.org/schema/context/spring-context-3.1.xsd=org/springframework/context/config/spring-context-3.1.xsd, http://www.springframework.org/schema/jdbc/spring-jdbc-4.1.xsd=org/springframework/jdbc/config/spring-jdbc-4.1.xsd, http://www.springframework.org/schema/mvc/spring-mvc-4.1.xsd=org/springframework/web/servlet/config/spring-mvc-4.1.xsd, http://www.springframework.org/schema/util/spring-util-3.0.xsd=org/springframework/beans/factory/xml/spring-util-3.0.xsd, http://www.springframework.org/schema/tool/spring-tool.xsd=org/springframework/beans/factory/xml/spring-tool-4.3.xsd, http://www.springframework.org/schema/aop/spring-aop-3.2.xsd=org/springframework/aop/config/spring-aop-3.2.xsd, http://mybatis.org/schema/mybatis-spring-1.2.xsd=org/mybatis/spring/config/mybatis-spring-1.2.xsd, http://www.springframework.org/schema/lang/spring-lang-4.1.xsd=org/springframework/scripting/config/spring-lang-4.1.xsd, http://www.springframework.org/schema/context/spring-context-4.0.xsd=org/springframework/context/config/spring-context-4.0.xsd, http://www.springframework.org/schema/mvc/spring-mvc-3.2.xsd=org/springframework/web/servlet/config/spring-mvc-3.2.xsd, http://www.springframework.org/schema/beans/spring-beans-4.2.xsd=org/springframework/beans/factory/xml/spring-beans-4.2.xsd, http://www.springframework.org/schema/tool/spring-tool-4.1.xsd=org/springframework/beans/factory/xml/spring-tool-4.1.xsd, http://www.springframework.org/schema/lang/spring-lang-3.2.xsd=org/springframework/scripting/config/spring-lang-3.2.xsd, http://www.springframework.org/schema/cache/spring-cache-3.2.xsd=org/springframework/cache/config/spring-cache-3.2.xsd, http://www.springframework.org/schema/jee/spring-jee-4.1.xsd=org/springframework/ejb/config/spring-jee-4.1.xsd, http://www.springframework.org/schema/jdbc/spring-jdbc-3.1.xsd=org/springframework/jdbc/config/spring-jdbc-3.1.xsd, http://www.springframework.org/schema/task/spring-task-4.2.xsd=org/springframework/scheduling/config/spring-task-4.2.xsd, http://www.springframework.org/schema/util/spring-util-2.0.xsd=org/springframework/beans/factory/xml/spring-util-2.0.xsd, http://www.springframework.org/schema/tool/spring-tool-3.2.xsd=org/springframework/beans/factory/xml/spring-tool-3.2.xsd, http://www.springframework.org/schema/context/spring-context.xsd=org/springframework/context/config/spring-context-4.3.xsd, http://www.springframework.org/schema/tx/spring-tx-4.2.xsd=org/springframework/transaction/config/spring-tx-4.2.xsd, http://www.springframework.org/schema/cache/spring-cache-4.1.xsd=org/springframework/cache/config/spring-cache-4.1.xsd, http://www.springframework.org/schema/aop/spring-aop-4.0.xsd=org/springframework/aop/config/spring-aop-4.0.xsd, http://www.springframework.org/schema/jee/spring-jee-3.2.xsd=org/springframework/ejb/config/spring-jee-3.2.xsd, http://www.springframework.org/schema/context/spring-context-3.0.xsd=org/springframework/context/config/spring-context-3.0.xsd, http://www.springframework.org/schema/jdbc/spring-jdbc-4.0.xsd=org/springframework/jdbc/config/spring-jdbc-4.0.xsd, http://www.springframework.org/schema/mvc/spring-mvc-4.0.xsd=org/springframework/web/servlet/config/spring-mvc-4.0.xsd, http://www.springframework.org/schema/util/spring-util-2.5.xsd=org/springframework/beans/factory/xml/spring-util-2.5.xsd, http://www.springframework.org/schema/util/spring-util-4.3.xsd=org/springframework/beans/factory/xml/spring-util-4.3.xsd, http://www.springframework.org/schema/beans/spring-beans-3.2.xsd=org/springframework/beans/factory/xml/spring-beans-3.2.xsd, http://www.springframework.org/schema/aop/spring-aop-3.1.xsd=org/springframework/aop/config/spring-aop-3.1.xsd, http://www.springframework.org/schema/lang/spring-lang-4.0.xsd=org/springframework/scripting/config/spring-lang-4.0.xsd, http://www.springframework.org/schema/mvc/spring-mvc.xsd=org/springframework/web/servlet/config/spring-mvc-4.3.xsd, http://www.springframework.org/schema/mvc/spring-mvc-3.1.xsd=org/springframework/web/servlet/config/spring-mvc-3.1.xsd, http://www.springframework.org/schema/beans/spring-beans-4.1.xsd=org/springframework/beans/factory/xml/spring-beans-4.1.xsd, http://www.springframework.org/schema/tool/spring-tool-4.0.xsd=org/springframework/beans/factory/xml/spring-tool-4.0.xsd, http://www.springframework.org/schema/tx/spring-tx-3.2.xsd=org/springframework/transaction/config/spring-tx-3.2.xsd, http://www.springframework.org/schema/lang/spring-lang-3.1.xsd=org/springframework/scripting/config/spring-lang-3.1.xsd, http://www.springframework.org/schema/cache/spring-cache-3.1.xsd=org/springframework/cache/config/spring-cache-3.1.xsd, http://www.springframework.org/schema/jee/spring-jee-4.0.xsd=org/springframework/ejb/config/spring-jee-4.0.xsd, http://www.springframework.org/schema/jdbc/spring-jdbc-3.0.xsd=org/springframework/jdbc/config/spring-jdbc-3.0.xsd, http://www.springframework.org/schema/task/spring-task-4.1.xsd=org/springframework/scheduling/config/spring-task-4.1.xsd, http://www.springframework.org/schema/jdbc/spring-jdbc.xsd=org/springframework/jdbc/config/spring-jdbc-4.3.xsd, http://www.springframework.org/schema/tool/spring-tool-3.1.xsd=org/springframework/beans/factory/xml/spring-tool-3.1.xsd, http://www.springframework.org/schema/tx/spring-tx-4.1.xsd=org/springframework/transaction/config/spring-tx-4.1.xsd, http://www.springframework.org/schema/cache/spring-cache-4.0.xsd=org/springframework/cache/config/spring-cache-4.0.xsd, http://www.springframework.org/schema/jee/spring-jee-3.1.xsd=org/springframework/ejb/config/spring-jee-3.1.xsd, http://www.springframework.org/schema/task/spring-task-3.2.xsd=org/springframework/scheduling/config/spring-task-3.2.xsd, http://www.springframework.org/schema/util/spring-util-4.2.xsd=org/springframework/beans/factory/xml/spring-util-4.2.xsd, http://www.springframework.org/schema/beans/spring-beans-3.1.xsd=org/springframework/beans/factory/xml/spring-beans-3.1.xsd, http://www.springframework.org/schema/util/spring-util.xsd=org/springframework/beans/factory/xml/spring-util-4.3.xsd, http://www.springframework.org/schema/aop/spring-aop-3.0.xsd=org/springframework/aop/config/spring-aop-3.0.xsd, http://www.springframework.org/schema/mvc/spring-mvc-3.0.xsd=org/springframework/web/servlet/config/spring-mvc-3.0.xsd, http://www.springframework.org/schema/beans/spring-beans-4.0.xsd=org/springframework/beans/factory/xml/spring-beans-4.0.xsd, http://www.springframework.org/schema/beans/spring-beans.xsd=org/springframework/beans/factory/xml/spring-beans-4.3.xsd, http://www.springframework.org/schema/tx/spring-tx-3.1.xsd=org/springframework/transaction/config/spring-tx-3.1.xsd, http://www.springframework.org/schema/lang/spring-lang-3.0.xsd=org/springframework/scripting/config/spring-lang-3.0.xsd, http://mybatis.org/schema/mybatis-spring.xsd=org/mybatis/spring/config/mybatis-spring-1.2.xsd, http://www.springframework.org/schema/context/spring-context-2.5.xsd=org/springframework/context/config/spring-context-2.5.xsd, http://www.springframework.org/schema/context/spring-context-4.3.xsd=org/springframework/context/config/spring-context-4.3.xsd, http://www.springframework.org/schema/task/spring-task-4.0.xsd=org/springframework/scheduling/config/spring-task-4.0.xsd, http://www.springframework.org/schema/tool/spring-tool-3.0.xsd=org/springframework/beans/factory/xml/spring-tool-3.0.xsd, http://www.springframework.org/schema/tx/spring-tx-4.0.xsd=org/springframework/transaction/config/spring-tx-4.0.xsd, http://www.springframework.org/schema/aop/spring-aop-2.0.xsd=org/springframework/aop/config/spring-aop-2.0.xsd, http://www.springframework.org/schema/jee/spring-jee-3.0.xsd=org/springframework/ejb/config/spring-jee-3.0.xsd, http://www.springframework.org/schema/task/spring-task-3.1.xsd=org/springframework/scheduling/config/spring-task-3.1.xsd, http://www.springframework.org/schema/util/spring-util-4.1.xsd=org/springframework/beans/factory/xml/spring-util-4.1.xsd, http://www.springframework.org/schema/beans/spring-beans-3.0.xsd=org/springframework/beans/factory/xml/spring-beans-3.0.xsd, http://www.springframework.org/schema/jee/spring-jee.xsd=org/springframework/ejb/config/spring-jee-4.3.xsd, http://www.springframework.org/schema/aop/spring-aop-2.5.xsd=org/springframework/aop/config/spring-aop-2.5.xsd, http://www.springframework.org/schema/aop/spring-aop-4.3.xsd=org/springframework/aop/config/spring-aop-4.3.xsd, http://www.springframework.org/schema/lang/spring-lang-2.0.xsd=org/springframework/scripting/config/spring-lang-2.0.xsd, http://www.springframework.org/schema/jdbc/spring-jdbc-4.3.xsd=org/springframework/jdbc/config/spring-jdbc-4.3.xsd, http://www.springframework.org/schema/mvc/spring-mvc-4.3.xsd=org/springframework/web/servlet/config/spring-mvc-4.3.xsd, http://www.springframework.org/schema/util/spring-util-3.2.xsd=org/springframework/beans/factory/xml/spring-util-3.2.xsd, http://www.springframework.org/schema/task/spring-task.xsd=org/springframework/scheduling/config/spring-task-4.3.xsd, http://www.springframework.org/schema/tool/spring-tool-2.0.xsd=org/springframework/beans/factory/xml/spring-tool-2.0.xsd, http://www.springframework.org/schema/tx/spring-tx-3.0.xsd=org/springframework/transaction/config/spring-tx-3.0.xsd, http://www.springframework.org/schema/lang/spring-lang-2.5.xsd=org/springframework/scripting/config/spring-lang-2.5.xsd, http://www.springframework.org/schema/lang/spring-lang-4.3.xsd=org/springframework/scripting/config/spring-lang-4.3.xsd, http://www.springframework.org/schema/context/spring-context-4.2.xsd=org/springframework/context/config/spring-context-4.2.xsd, http://www.springframework.org/schema/jee/spring-jee-2.0.xsd=org/springframework/ejb/config/spring-jee-2.0.xsd, http://www.springframework.org/schema/tool/spring-tool-4.3.xsd=org/springframework/beans/factory/xml/spring-tool-4.3.xsd, http://www.springframework.org/schema/tool/spring-tool-2.5.xsd=org/springframework/beans/factory/xml/spring-tool-2.5.xsd, http://www.springframework.org/schema/jee/spring-jee-4.3.xsd=org/springframework/ejb/config/spring-jee-4.3.xsd, http://www.springframework.org/schema/jee/spring-jee-2.5.xsd=org/springframework/ejb/config/spring-jee-2.5.xsd, http://www.springframework.org/schema/task/spring-task-3.0.xsd=org/springframework/scheduling/config/spring-task-3.0.xsd, http://www.springframework.org/schema/util/spring-util-4.0.xsd=org/springframework/beans/factory/xml/spring-util-4.0.xsd, http://www.springframework.org/schema/cache/spring-cache-4.3.xsd=org/springframework/cache/config/spring-cache-4.3.xsd, http://www.springframework.org/schema/aop/spring-aop-4.2.xsd=org/springframework/aop/config/spring-aop-4.2.xsd, http://www.springframework.org/schema/lang/spring-lang.xsd=org/springframework/scripting/config/spring-lang-4.3.xsd, http://www.springframework.org/schema/context/spring-context-3.2.xsd=org/springframework/context/config/spring-context-3.2.xsd, http://www.springframework.org/schema/jdbc/spring-jdbc-4.2.xsd=org/springframework/jdbc/config/spring-jdbc-4.2.xsd, http://www.springframework.org/schema/mvc/spring-mvc-4.2.xsd=org/springframework/web/servlet/config/spring-mvc-4.2.xsd, http://www.springframework.org/schema/util/spring-util-3.1.xsd=org/springframework/beans/factory/xml/spring-util-3.1.xsd, http://www.springframework.org/schema/beans/spring-beans-2.0.xsd=org/springframework/beans/factory/xml/spring-beans-2.0.xsd, http://www.springframework.org/schema/cache/spring-cache.xsd=org/springframework/cache/config/spring-cache-4.3.xsd, http://www.springframework.org/schema/tx/spring-tx.xsd=org/springframework/transaction/config/spring-tx-4.3.xsd, http://www.springframework.org/schema/lang/spring-lang-4.2.xsd=org/springframework/scripting/config/spring-lang-4.2.xsd, http://www.springframework.org/schema/context/spring-context-4.1.xsd=org/springframework/context/config/spring-context-4.1.xsd, http://www.springframework.org/schema/beans/spring-beans-2.5.xsd=org/springframework/beans/factory/xml/spring-beans-2.5.xsd, http://www.springframework.org/schema/beans/spring-beans-4.3.xsd=org/springframework/beans/factory/xml/spring-beans-4.3.xsd, http://www.springframework.org/schema/tool/spring-tool-4.2.xsd=org/springframework/beans/factory/xml/spring-tool-4.2.xsd, http://www.springframework.org/schema/tx/spring-tx-2.0.xsd=org/springframework/transaction/config/spring-tx-2.0.xsd, http://www.springframework.org/schema/jee/spring-jee-4.2.xsd=org/springframework/ejb/config/spring-jee-4.2.xsd, http://www.springframework.org/schema/jdbc/spring-jdbc-3.2.xsd=org/springframework/jdbc/config/spring-jdbc-3.2.xsd, http://www.springframework.org/schema/task/spring-task-4.3.xsd=org/springframework/scheduling/config/spring-task-4.3.xsd, http://www.springframework.org/schema/aop/spring-aop.xsd=org/springframework/aop/config/spring-aop-4.3.xsd}
14:28:41.309 [main] DEBUG o.s.b.f.xml.PluggableSchemaResolver - Found XML schema [http://www.springframework.org/schema/beans/spring-beans.xsd] in classpath: org/springframework/beans/factory/xml/spring-beans-4.3.xsd
14:28:41.349 [main] DEBUG o.s.b.f.xml.PluggableSchemaResolver - Found XML schema [http://www.springframework.org/schema/context/spring-context.xsd] in classpath: org/springframework/context/config/spring-context-4.3.xsd
14:28:41.361 [main] DEBUG o.s.b.f.xml.PluggableSchemaResolver - Found XML schema [http://www.springframework.org/schema/tool/spring-tool-4.3.xsd] in classpath: org/springframework/beans/factory/xml/spring-tool-4.3.xsd
14:28:41.369 [main] DEBUG o.s.b.f.x.DefaultBeanDefinitionDocumentReader - Loading bean definitions
14:28:41.379 [main] INFO  o.s.b.f.xml.XmlBeanDefinitionReader - Loading XML bean definitions from class path resource [spring/spring-bl.xml]
14:28:41.380 [main] DEBUG o.s.b.f.xml.DefaultDocumentLoader - Using JAXP provider [com.sun.org.apache.xerces.internal.jaxp.DocumentBuilderFactoryImpl]
14:28:41.381 [main] DEBUG o.s.b.f.xml.PluggableSchemaResolver - Found XML schema [http://www.springframework.org/schema/beans/spring-beans.xsd] in classpath: org/springframework/beans/factory/xml/spring-beans-4.3.xsd
14:28:41.393 [main] DEBUG o.s.b.f.x.DefaultBeanDefinitionDocumentReader - Loading bean definitions
14:28:41.393 [main] INFO  o.s.b.f.xml.XmlBeanDefinitionReader - Loading XML bean definitions from class path resource [spring/spring-dao.xml]
14:28:41.394 [main] DEBUG o.s.b.f.xml.DefaultDocumentLoader - Using JAXP provider [com.sun.org.apache.xerces.internal.jaxp.DocumentBuilderFactoryImpl]
14:28:41.395 [main] DEBUG o.s.b.f.xml.PluggableSchemaResolver - Found XML schema [http://www.springframework.org/schema/beans/spring-beans.xsd] in classpath: org/springframework/beans/factory/xml/spring-beans-4.3.xsd
14:28:41.423 [main] DEBUG o.s.b.f.xml.PluggableSchemaResolver - Found XML schema [http://www.springframework.org/schema/context/spring-context.xsd] in classpath: org/springframework/context/config/spring-context-4.3.xsd
14:28:41.426 [main] DEBUG o.s.b.f.xml.PluggableSchemaResolver - Found XML schema [http://www.springframework.org/schema/tool/spring-tool-4.3.xsd] in classpath: org/springframework/beans/factory/xml/spring-tool-4.3.xsd
14:28:41.431 [main] DEBUG o.s.b.f.x.DefaultBeanDefinitionDocumentReader - Loading bean definitions
14:28:41.431 [main] DEBUG o.s.b.f.x.DefaultNamespaceHandlerResolver - Loading NamespaceHandler mappings from [META-INF/spring.handlers]
14:28:41.433 [main] DEBUG o.s.b.f.x.DefaultNamespaceHandlerResolver - Loaded NamespaceHandler mappings: {http://www.springframework.org/schema/p=org.springframework.beans.factory.xml.SimplePropertyNamespaceHandler, http://www.springframework.org/schema/mvc=org.springframework.web.servlet.config.MvcNamespaceHandler, http://www.springframework.org/schema/util=org.springframework.beans.factory.xml.UtilNamespaceHandler, http://www.springframework.org/schema/jee=org.springframework.ejb.config.JeeNamespaceHandler, http://www.springframework.org/schema/aop=org.springframework.aop.config.AopNamespaceHandler, http://www.springframework.org/schema/jdbc=org.springframework.jdbc.config.JdbcNamespaceHandler, http://www.springframework.org/schema/cache=org.springframework.cache.config.CacheNamespaceHandler, http://mybatis.org/schema/mybatis-spring=org.mybatis.spring.config.NamespaceHandler, http://www.springframework.org/schema/c=org.springframework.beans.factory.xml.SimpleConstructorNamespaceHandler, http://www.springframework.org/schema/tx=org.springframework.transaction.config.TxNamespaceHandler, http://www.springframework.org/schema/task=org.springframework.scheduling.config.TaskNamespaceHandler, http://www.springframework.org/schema/lang=org.springframework.scripting.config.LangNamespaceHandler, http://www.springframework.org/schema/context=org.springframework.context.config.ContextNamespaceHandler}
14:28:41.452 [main] DEBUG o.s.b.f.x.BeanDefinitionParserDelegate - Neither XML 'id' nor 'name' specified - using generated bean name [org.mybatis.spring.mapper.MapperScannerConfigurer#0]
14:28:41.453 [main] DEBUG o.s.b.f.xml.XmlBeanDefinitionReader - Loaded 4 bean definitions from location pattern [classpath:spring/spring-dao.xml]
14:28:41.453 [main] DEBUG o.s.b.f.x.DefaultBeanDefinitionDocumentReader - Imported 4 bean definitions from URL location [classpath:spring/spring-dao.xml]
14:28:41.453 [main] INFO  o.s.b.f.xml.XmlBeanDefinitionReader - Loading XML bean definitions from class path resource [spring/spring-service.xml]
14:28:41.455 [main] DEBUG o.s.b.f.xml.DefaultDocumentLoader - Using JAXP provider [com.sun.org.apache.xerces.internal.jaxp.DocumentBuilderFactoryImpl]
14:28:41.457 [main] DEBUG o.s.b.f.xml.PluggableSchemaResolver - Found XML schema [http://www.springframework.org/schema/beans/spring-beans.xsd] in classpath: org/springframework/beans/factory/xml/spring-beans-4.3.xsd
14:28:41.462 [main] DEBUG o.s.b.f.xml.PluggableSchemaResolver - Found XML schema [http://www.springframework.org/schema/context/spring-context.xsd] in classpath: org/springframework/context/config/spring-context-4.3.xsd
14:28:41.465 [main] DEBUG o.s.b.f.xml.PluggableSchemaResolver - Found XML schema [http://www.springframework.org/schema/tool/spring-tool-4.3.xsd] in classpath: org/springframework/beans/factory/xml/spring-tool-4.3.xsd
14:28:41.468 [main] DEBUG o.s.b.f.xml.PluggableSchemaResolver - Found XML schema [http://www.springframework.org/schema/tx/spring-tx-4.3.xsd] in classpath: org/springframework/transaction/config/spring-tx-4.3.xsd
14:28:41.471 [main] DEBUG o.s.b.f.x.DefaultBeanDefinitionDocumentReader - Loading bean definitions
14:28:41.487 [main] DEBUG o.s.c.i.s.PathMatchingResourcePatternResolver - Resolved classpath location [appname/bl/service/] to resources [URL [file:/D:/eclipse-workspace2/SpringMyBatisDemo/build/instrumented/appname/bl/service/], URL [file:/D:/eclipse-workspace2/SpringMyBatisDemo/build/classes/appname/bl/service/]]
14:28:41.489 [main] DEBUG o.s.c.i.s.PathMatchingResourcePatternResolver - Looking for matching resources in directory tree [D:\eclipse-workspace2\SpringMyBatisDemo\build\instrumented\appname\bl\service]
14:28:41.490 [main] DEBUG o.s.c.i.s.PathMatchingResourcePatternResolver - Searching directory [D:\eclipse-workspace2\SpringMyBatisDemo\build\instrumented\appname\bl\service] for files matching pattern [D:/eclipse-workspace2/SpringMyBatisDemo/build/instrumented/appname/bl/service/**/*.class]
14:28:41.492 [main] DEBUG o.s.c.i.s.PathMatchingResourcePatternResolver - Searching directory [D:\eclipse-workspace2\SpringMyBatisDemo\build\instrumented\appname\bl\service\impl] for files matching pattern [D:/eclipse-workspace2/SpringMyBatisDemo/build/instrumented/appname/bl/service/**/*.class]
14:28:41.494 [main] DEBUG o.s.c.i.s.PathMatchingResourcePatternResolver - Looking for matching resources in directory tree [D:\eclipse-workspace2\SpringMyBatisDemo\build\classes\appname\bl\service]
14:28:41.495 [main] DEBUG o.s.c.i.s.PathMatchingResourcePatternResolver - Searching directory [D:\eclipse-workspace2\SpringMyBatisDemo\build\classes\appname\bl\service] for files matching pattern [D:/eclipse-workspace2/SpringMyBatisDemo/build/classes/appname/bl/service/**/*.class]
14:28:41.495 [main] DEBUG o.s.c.i.s.PathMatchingResourcePatternResolver - Searching directory [D:\eclipse-workspace2\SpringMyBatisDemo\build\classes\appname\bl\service\impl] for files matching pattern [D:/eclipse-workspace2/SpringMyBatisDemo/build/classes/appname/bl/service/**/*.class]
14:28:41.496 [main] DEBUG o.s.c.i.s.PathMatchingResourcePatternResolver - Resolved location pattern [classpath*:appname/bl/service/**/*.class] to resources [file [D:\eclipse-workspace2\SpringMyBatisDemo\build\instrumented\appname\bl\service\impl\BookServiceImpl.class], file [D:\eclipse-workspace2\SpringMyBatisDemo\build\classes\appname\bl\service\BookService.class], file [D:\eclipse-workspace2\SpringMyBatisDemo\build\classes\appname\bl\service\BookServiceTest.class], file [D:\eclipse-workspace2\SpringMyBatisDemo\build\classes\appname\bl\service\impl\BookServiceImpl.class]]
14:28:41.514 [main] DEBUG o.s.c.a.ClassPathBeanDefinitionScanner - Identified candidate component class: file [D:\eclipse-workspace2\SpringMyBatisDemo\build\instrumented\appname\bl\service\impl\BookServiceImpl.class]
14:28:41.516 [main] DEBUG o.s.c.a.ClassPathBeanDefinitionScanner - Identified candidate component class: file [D:\eclipse-workspace2\SpringMyBatisDemo\build\classes\appname\bl\service\impl\BookServiceImpl.class]
14:28:41.536 [main] DEBUG o.s.b.f.xml.XmlBeanDefinitionReader - Loaded 13 bean definitions from location pattern [classpath:spring/spring-service.xml]
14:28:41.536 [main] DEBUG o.s.b.f.x.DefaultBeanDefinitionDocumentReader - Imported 13 bean definitions from URL location [classpath:spring/spring-service.xml]
14:28:41.538 [main] DEBUG o.s.b.f.xml.XmlBeanDefinitionReader - Loaded 17 bean definitions from location pattern [classpath:/spring/spring-bl.xml]
14:28:41.538 [main] DEBUG o.s.b.f.x.DefaultBeanDefinitionDocumentReader - Imported 17 bean definitions from URL location [classpath:/spring/spring-bl.xml]
14:28:41.539 [main] DEBUG o.s.b.f.xml.XmlBeanDefinitionReader - Loaded 19 bean definitions from location pattern [classpath:/spring/applicationContext.xml]
14:28:41.543 [main] INFO  o.s.w.c.s.GenericWebApplicationContext - Refreshing org.springframework.web.context.support.GenericWebApplicationContext@f8c1ddd: startup date [Fri Nov 02 14:28:41 CST 2018]; root of context hierarchy
14:28:41.545 [main] DEBUG o.s.w.c.s.StandardServletEnvironment - Replacing PropertySource 'servletContextInitParams' with 'servletContextInitParams'
14:28:41.546 [main] DEBUG o.s.w.c.s.GenericWebApplicationContext - Bean factory for org.springframework.web.context.support.GenericWebApplicationContext@f8c1ddd: org.springframework.beans.factory.support.DefaultListableBeanFactory@3cd3e762: defining beans [org.springframework.context.support.PropertySourcesPlaceholderConfigurer#0,dataSource,sqlSessionFactory,org.mybatis.spring.mapper.MapperScannerConfigurer#0,bookServiceImpl,org.springframework.context.annotation.internalConfigurationAnnotationProcessor,org.springframework.context.annotation.internalAutowiredAnnotationProcessor,org.springframework.context.annotation.internalRequiredAnnotationProcessor,org.springframework.context.annotation.internalCommonAnnotationProcessor,org.springframework.context.event.internalEventListenerProcessor,org.springframework.context.event.internalEventListenerFactory,transactionManager,org.springframework.transaction.config.internalTransactionalEventListenerFactory,org.springframework.aop.config.internalAutoProxyCreator,org.springframework.transaction.annotation.AnnotationTransactionAttributeSource#0,org.springframework.transaction.interceptor.TransactionInterceptor#0,org.springframework.transaction.config.internalTransactionAdvisor,org.springframework.context.support.PropertySourcesPlaceholderConfigurer#1,messageSource]; root of factory hierarchy
14:28:41.556 [main] DEBUG o.s.b.f.s.DefaultListableBeanFactory - Registering scope 'request' with implementation [org.springframework.web.context.request.RequestScope@2002fc1d]
14:28:41.557 [main] DEBUG o.s.b.f.s.DefaultListableBeanFactory - Registering scope 'session' with implementation [org.springframework.web.context.request.SessionScope@ae13544]
14:28:41.557 [main] DEBUG o.s.b.f.s.DefaultListableBeanFactory - Registering scope 'globalSession' with implementation [org.springframework.web.context.request.SessionScope@3d34d211]
14:28:41.558 [main] DEBUG o.s.b.f.s.DefaultListableBeanFactory - Registering scope 'application' with implementation [org.springframework.web.context.support.ServletContextScope@43c1b556]
14:28:41.580 [main] DEBUG o.s.b.f.s.DefaultListableBeanFactory - Creating shared instance of singleton bean 'org.springframework.context.annotation.internalConfigurationAnnotationProcessor'
14:28:41.580 [main] DEBUG o.s.b.f.s.DefaultListableBeanFactory - Creating instance of bean 'org.springframework.context.annotation.internalConfigurationAnnotationProcessor'
14:28:41.601 [main] DEBUG o.s.b.f.s.DefaultListableBeanFactory - Eagerly caching bean 'org.springframework.context.annotation.internalConfigurationAnnotationProcessor' to allow for resolving potential circular references
14:28:41.602 [main] DEBUG o.s.b.f.s.DefaultListableBeanFactory - Finished creating instance of bean 'org.springframework.context.annotation.internalConfigurationAnnotationProcessor'
14:28:41.632 [main] DEBUG o.s.b.f.s.DefaultListableBeanFactory - Creating shared instance of singleton bean 'org.mybatis.spring.mapper.MapperScannerConfigurer#0'
14:28:41.632 [main] DEBUG o.s.b.f.s.DefaultListableBeanFactory - Creating instance of bean 'org.mybatis.spring.mapper.MapperScannerConfigurer#0'
14:28:41.633 [main] DEBUG o.s.b.f.s.DefaultListableBeanFactory - Eagerly caching bean 'org.mybatis.spring.mapper.MapperScannerConfigurer#0' to allow for resolving potential circular references
14:28:41.678 [main] DEBUG o.s.b.f.s.DefaultListableBeanFactory - Invoking afterPropertiesSet() on bean with name 'org.mybatis.spring.mapper.MapperScannerConfigurer#0'
14:28:41.678 [main] DEBUG o.s.b.f.s.DefaultListableBeanFactory - Finished creating instance of bean 'org.mybatis.spring.mapper.MapperScannerConfigurer#0'
14:28:41.678 [main] DEBUG o.s.core.env.StandardEnvironment - Adding PropertySource 'systemProperties' with lowest search precedence
14:28:41.678 [main] DEBUG o.s.core.env.StandardEnvironment - Adding PropertySource 'systemEnvironment' with lowest search precedence
14:28:41.679 [main] DEBUG o.s.core.env.StandardEnvironment - Initialized StandardEnvironment with PropertySources [MapPropertySource@257608605 {name='systemProperties', properties={java.runtime.name=Java(TM) SE Runtime Environment, sun.boot.library.path=C:\Program Files\Java\jdk1.8.0_77\jre\bin, java.vm.version=25.77-b03, java.vm.vendor=Oracle Corporation, java.vendor.url=http://java.oracle.com/, path.separator=;, java.vm.name=Java HotSpot(TM) 64-Bit Server VM, file.encoding.pkg=sun.io, user.country=CN, user.script=, sun.java.launcher=SUN_STANDARD, sun.os.patch.level=, java.vm.specification.name=Java Virtual Machine Specification, user.dir=D:\eclipse-workspace2\SpringMyBatisDemo, java.runtime.version=1.8.0_77-b03, java.awt.graphicsenv=sun.awt.Win32GraphicsEnvironment, java.endorsed.dirs=C:\Program Files\Java\jdk1.8.0_77\jre\lib\endorsed, os.arch=amd64, java.io.tmpdir=C:\WINDOWS\TEMP\, line.separator=
, java.vm.specification.vendor=Oracle Corporation, user.variant=, os.name=Windows 10, sun.jnu.encoding=GBK, java.library.path=C:\Program Files\Java\jdk1.8.0_77\jre\bin;C:\WINDOWS\Sun\Java\bin;C:\WINDOWS\system32;C:\WINDOWS;C:\Program Files\Java\jdk1.8.0_77/bin;C:\Program Files\Java\jdk1.8.0_77/bin;D:\apache-ant-1.10.5/bin;C:\Program Files\Java\jdk1.8.0_77/bin;C:\ProgramData\Oracle\Java\javapath;C:\Program Files\Java\jdk1.8.0_77\bin;C:\Program Files (x86)\Intel\Intel(R) Management Engine Components\iCLS\;C:\Program Files\Intel\Intel(R) Management Engine Components\iCLS\;C:\WINDOWS\system32;C:\WINDOWS;C:\WINDOWS\System32\Wbem;C:\WINDOWS\System32\WindowsPowerShell\v1.0\;C:\Program Files (x86)\Intel\Intel(R) Management Engine Components\DAL;C:\Program Files\Intel\Intel(R) Management Engine Components\DAL;C:\Program Files (x86)\Intel\Intel(R) Management Engine Components\IPT;C:\Program Files\Intel\Intel(R) Management Engine Components\IPT;C:\Program Files\Git\cmd;C:\WINDOWS\System32\OpenSSH\;C:\Program Files\Microsoft\Web Platform Installer\;C:\Program Files (x86)\Microsoft ASP.NET\ASP.NET Web Pages\v1.0\;C:\Program Files (x86)\Windows Kits\8.0\Windows Performance Toolkit\;C:\Program Files (x86)\Microsoft SQL Server\110\Tools\Binn\;C:\Program Files\Microsoft SQL Server\110\Tools\Binn\;C:\Program Files\Microsoft SQL Server\110\DTS\Binn\;C:\Program Files (x86)\Microsoft SQL Server\110\Tools\Binn\ManagementStudio\;C:\Program Files (x86)\Microsoft SQL Server\110\DTS\Binn\;C:\Program Files\nodejs\;D:\apache-maven-3.5.4\bin;C:\WINDOWS\system32\config\systemprofile\AppData\Local\Microsoft\WindowsApps;., java.specification.name=Java Platform API Specification, java.class.version=52.0, sun.management.compiler=HotSpot 64-Bit Tiered Compilers, os.version=10.0, user.home=C:\WINDOWS\system32\config\systemprofile, user.timezone=Asia/Shanghai, java.awt.printerjob=sun.awt.windows.WPrinterJob, file.encoding=GBK, java.specification.version=1.8, java.class.path=D:\eclipse-workspace2\SpringMyBatisDemo\build\instrumented;D:\eclipse-workspace2\SpringMyBatisDemo\build\classes;D:\eclipse-workspace2\SpringMyBatisDemo\cobertura\cobertura-2.1.1-javadoc.jar;D:\eclipse-workspace2\SpringMyBatisDemo\cobertura\cobertura-2.1.1-sources.jar;D:\eclipse-workspace2\SpringMyBatisDemo\cobertura\cobertura-2.1.1.jar;D:\eclipse-workspace2\SpringMyBatisDemo\cobertura\lib\asm-5.0.1.jar;D:\eclipse-workspace2\SpringMyBatisDemo\cobertura\lib\asm-analysis-5.0.1.jar;D:\eclipse-workspace2\SpringMyBatisDemo\cobertura\lib\asm-commons-5.0.1.jar;D:\eclipse-workspace2\SpringMyBatisDemo\cobertura\lib\asm-tree-5.0.1.jar;D:\eclipse-workspace2\SpringMyBatisDemo\cobertura\lib\asm-util-5.0.1.jar;D:\eclipse-workspace2\SpringMyBatisDemo\cobertura\lib\commons-lang3-3.3.2.jar;D:\eclipse-workspace2\SpringMyBatisDemo\cobertura\lib\hamcrest-core-1.3.jar;D:\eclipse-workspace2\SpringMyBatisDemo\cobertura\lib\jaxen-1.1.4.jar;D:\eclipse-workspace2\SpringMyBatisDemo\cobertura\lib\jetty-6.1.14.jar;D:\eclipse-workspace2\SpringMyBatisDemo\cobertura\lib\jetty-util-6.1.14.jar;D:\eclipse-workspace2\SpringMyBatisDemo\cobertura\lib\junit-4.11.jar;D:\eclipse-workspace2\SpringMyBatisDemo\cobertura\lib\logback-classic-1.0.13.jar;D:\eclipse-workspace2\SpringMyBatisDemo\cobertura\lib\logback-core-1.0.13.jar;D:\eclipse-workspace2\SpringMyBatisDemo\cobertura\lib\oro-2.0.8.jar;D:\eclipse-workspace2\SpringMyBatisDemo\cobertura\lib\servlet-api-2.5-6.1.14.jar;D:\eclipse-workspace2\SpringMyBatisDemo\cobertura\lib\slf4j-api-1.7.5.jar;D:\eclipse-workspace2\SpringMyBatisDemo\webapp\WEB-INF\lib\aopalliance-1.0.jar;D:\eclipse-workspace2\SpringMyBatisDemo\webapp\WEB-INF\lib\c3p0-0.9.5.2.jar;D:\eclipse-workspace2\SpringMyBatisDemo\webapp\WEB-INF\lib\classmate-1.3.4.jar;D:\eclipse-workspace2\SpringMyBatisDemo\webapp\WEB-INF\lib\commons-beanutils-1.8.0.jar;D:\eclipse-workspace2\SpringMyBatisDemo\webapp\WEB-INF\lib\commons-collections-3.2.jar;D:\eclipse-workspace2\SpringMyBatisDemo\webapp\WEB-INF\lib\commons-digester-2.0.jar;D:\eclipse-workspace2\SpringMyBatisDemo\webapp\WEB-INF\lib\commons-io-2.5.jar;D:\eclipse-workspace2\SpringMyBatisDemo\webapp\WEB-INF\lib\commons-lang-2.4.jar;D:\eclipse-workspace2\SpringMyBatisDemo\webapp\WEB-INF\lib\commons-logging-1.2.jar;D:\eclipse-workspace2\SpringMyBatisDemo\webapp\WEB-INF\lib\commons-pool2-2.3.jar;D:\eclipse-workspace2\SpringMyBatisDemo\webapp\WEB-INF\lib\hamcrest-core-1.3.jar;D:\eclipse-workspace2\SpringMyBatisDemo\webapp\WEB-INF\lib\hibernate-validator-6.0.12.Final.jar;D:\eclipse-workspace2\SpringMyBatisDemo\webapp\WEB-INF\lib\jackson-annotations-2.5.0.jar;D:\eclipse-workspace2\SpringMyBatisDemo\webapp\WEB-INF\lib\jackson-core-2.5.4.jar;D:\eclipse-workspace2\SpringMyBatisDemo\webapp\WEB-INF\lib\jackson-databind-2.5.4.jar;D:\eclipse-workspace2\SpringMyBatisDemo\webapp\WEB-INF\lib\javax.servlet-api-3.1.0.jar;D:\eclipse-workspace2\SpringMyBatisDemo\webapp\WEB-INF\lib\jboss-logging-3.3.2.Final.jar;D:\eclipse-workspace2\SpringMyBatisDemo\webapp\WEB-INF\lib\jcl-over-slf4j-1.7.6.jar;D:\eclipse-workspace2\SpringMyBatisDemo\webapp\WEB-INF\lib\jedis-2.7.3.jar;D:\eclipse-workspace2\SpringMyBatisDemo\webapp\WEB-INF\lib\jstl-1.2.jar;D:\eclipse-workspace2\SpringMyBatisDemo\webapp\WEB-INF\lib\logback-classic-1.1.1.jar;D:\eclipse-workspace2\SpringMyBatisDemo\webapp\WEB-INF\lib\logback-core-1.1.1.jar;D:\eclipse-workspace2\SpringMyBatisDemo\webapp\WEB-INF\lib\mchange-commons-java-0.2.11.jar;D:\eclipse-workspace2\SpringMyBatisDemo\webapp\WEB-INF\lib\mssql-jdbc-6.2.2.jre8.jar;D:\eclipse-workspace2\SpringMyBatisDemo\webapp\WEB-INF\lib\mybatis-3.4.6.jar;D:\eclipse-workspace2\SpringMyBatisDemo\webapp\WEB-INF\lib\mybatis-spring-1.3.2.jar;D:\eclipse-workspace2\SpringMyBatisDemo\webapp\WEB-INF\lib\protostuff-api-1.0.8.jar;D:\eclipse-workspace2\SpringMyBatisDemo\webapp\WEB-INF\lib\protostuff-collectionschema-1.0.8.jar;D:\eclipse-workspace2\SpringMyBatisDemo\webapp\WEB-INF\lib\protostuff-core-1.0.8.jar;D:\eclipse-workspace2\SpringMyBatisDemo\webapp\WEB-INF\lib\protostuff-runtime-1.0.8.jar;D:\eclipse-workspace2\SpringMyBatisDemo\webapp\WEB-INF\lib\slf4j-api-1.7.6.jar;D:\eclipse-workspace2\SpringMyBatisDemo\webapp\WEB-INF\lib\spring-aop-4.3.20.RELEASE.jar;D:\eclipse-workspace2\SpringMyBatisDemo\webapp\WEB-INF\lib\spring-aspects-4.3.20.RELEASE.jar;D:\eclipse-workspace2\SpringMyBatisDemo\webapp\WEB-INF\lib\spring-beans-4.3.20.RELEASE.jar;D:\eclipse-workspace2\SpringMyBatisDemo\webapp\WEB-INF\lib\spring-context-4.3.20.RELEASE.jar;D:\eclipse-workspace2\SpringMyBatisDemo\webapp\WEB-INF\lib\spring-core-4.3.20.RELEASE.jar;D:\eclipse-workspace2\SpringMyBatisDemo\webapp\WEB-INF\lib\spring-expression-4.3.20.RELEASE.jar;D:\eclipse-workspace2\SpringMyBatisDemo\webapp\WEB-INF\lib\spring-instrument-4.3.20.RELEASE.jar;D:\eclipse-workspace2\SpringMyBatisDemo\webapp\WEB-INF\lib\spring-jdbc-4.3.20.RELEASE.jar;D:\eclipse-workspace2\SpringMyBatisDemo\webapp\WEB-INF\lib\spring-tx-4.3.20.RELEASE.jar;D:\eclipse-workspace2\SpringMyBatisDemo\webapp\WEB-INF\lib\spring-web-4.3.20.RELEASE.jar;D:\eclipse-workspace2\SpringMyBatisDemo\webapp\WEB-INF\lib\spring-webmvc-4.3.20.RELEASE.jar;D:\eclipse-workspace2\SpringMyBatisDemo\webapp\WEB-INF\lib\standard-1.1.2.jar;D:\eclipse-workspace2\SpringMyBatisDemo\webapp\WEB-INF\lib\tiles-api-3.0.8.jar;D:\eclipse-workspace2\SpringMyBatisDemo\webapp\WEB-INF\lib\tiles-autotag-core-runtime-1.2.jar;D:\eclipse-workspace2\SpringMyBatisDemo\webapp\WEB-INF\lib\tiles-core-3.0.8.jar;D:\eclipse-workspace2\SpringMyBatisDemo\webapp\WEB-INF\lib\tiles-jsp-3.0.8.jar;D:\eclipse-workspace2\SpringMyBatisDemo\webapp\WEB-INF\lib\tiles-request-api-1.0.7.jar;D:\eclipse-workspace2\SpringMyBatisDemo\webapp\WEB-INF\lib\tiles-request-jsp-1.0.7.jar;D:\eclipse-workspace2\SpringMyBatisDemo\webapp\WEB-INF\lib\tiles-request-servlet-1.0.7.jar;D:\eclipse-workspace2\SpringMyBatisDemo\webapp\WEB-INF\lib\tiles-servlet-3.0.8.jar;D:\eclipse-workspace2\SpringMyBatisDemo\webapp\WEB-INF\lib\tiles-template-3.0.8.jar;D:\eclipse-workspace2\SpringMyBatisDemo\webapp\WEB-INF\lib\validation-api-2.0.1.Final.jar;D:\eclipse-workspace2\SpringMyBatisDemo\lib\test\byte-buddy-1.7.11.jar;D:\eclipse-workspace2\SpringMyBatisDemo\lib\test\dbunit-2.5.4.jar;D:\eclipse-workspace2\SpringMyBatisDemo\lib\test\h2-1.4.196.jar;D:\eclipse-workspace2\SpringMyBatisDemo\lib\test\junit-4.12.jar;D:\eclipse-workspace2\SpringMyBatisDemo\lib\test\mockito-core-2.3.3.jar;D:\eclipse-workspace2\SpringMyBatisDemo\lib\test\objenesis-2.6.jar;D:\eclipse-workspace2\SpringMyBatisDemo\lib\test\poi-3.11-20141221.jar;D:\eclipse-workspace2\SpringMyBatisDemo\lib\test\poi-ooxml-3.11-20141221.jar;D:\eclipse-workspace2\SpringMyBatisDemo\lib\test\poi-ooxml-schemas-3.11-20141221.jar;D:\eclipse-workspace2\SpringMyBatisDemo\lib\test\spring-test-4.3.20.RELEASE.jar;D:\eclipse-workspace2\SpringMyBatisDemo\lib\test\xmlbeans-2.6.0.jar;D:\apache-ant-1.10.5\lib\ant-launcher.jar;D:\apache-ant-1.10.5\lib\ant.jar;D:\apache-ant-1.10.5\lib\ant-junit.jar;D:\apache-ant-1.10.5\lib\ant-junit4.jar, user.name=S2D-LIXL-PC$, java.vm.specification.version=1.8, sun.java.command=org.apache.tools.ant.taskdefs.optional.junit.JUnitTestRunner appname.web.BookControllerTest skipNonTests=false filtertrace=true haltOnError=false haltOnFailure=false showoutput=false outputtoformatters=true logfailedtests=true threadid=0 logtestlistenerevents=false formatter=org.apache.tools.ant.taskdefs.optional.junit.XMLJUnitResultFormatter,D:\eclipse-workspace2\SpringMyBatisDemo\reports\junit-xml\TEST-appname.web.BookControllerTest.xml crashfile=D:\eclipse-workspace2\SpringMyBatisDemo\junitvmwatcher6777404637318343550.properties propsfile=D:\eclipse-workspace2\SpringMyBatisDemo\junit3577929397909760759.properties, java.home=C:\Program Files\Java\jdk1.8.0_77\jre, sun.arch.data.model=64, user.language=zh, java.specification.vendor=Oracle Corporation, awt.toolkit=sun.awt.windows.WToolkit, java.vm.info=mixed mode, java.version=1.8.0_77, java.ext.dirs=C:\Program Files\Java\jdk1.8.0_77\jre\lib\ext;C:\WINDOWS\Sun\Java\lib\ext, sun.boot.class.path=C:\Program Files\Java\jdk1.8.0_77\jre\lib\resources.jar;C:\Program Files\Java\jdk1.8.0_77\jre\lib\rt.jar;C:\Program Files\Java\jdk1.8.0_77\jre\lib\sunrsasign.jar;C:\Program Files\Java\jdk1.8.0_77\jre\lib\jsse.jar;C:\Program Files\Java\jdk1.8.0_77\jre\lib\jce.jar;C:\Program Files\Java\jdk1.8.0_77\jre\lib\charsets.jar;C:\Program Files\Java\jdk1.8.0_77\jre\lib\jfr.jar;C:\Program Files\Java\jdk1.8.0_77\jre\classes, java.vendor=Oracle Corporation, file.separator=\, java.vendor.url.bug=http://bugreport.sun.com/bugreport/, sun.io.unicode.encoding=UnicodeLittle, sun.cpu.endian=little, sun.desktop=windows, sun.cpu.isalist=amd64}}, SystemEnvironmentPropertySource@1337192014 {name='systemEnvironment', properties={PROCESSOR_LEVEL=6, RUN_DISPLAY_URL=http://unconfigured-jenkins-location/job/SpringMybatisDemo/31/display/redirect, HUDSON_HOME=C:\Program Files (x86)\Jenkins, RUN_CHANGES_DISPLAY_URL=http://unconfigured-jenkins-location/job/SpringMybatisDemo/31/display/redirect?page=changes, WINSW_SERVICE_ID=Jenkins, HUDSON_COOKIE=c9115c60-7093-4b0d-bf36-3ab69ac95b5d, ALLUSERSPROFILE=C:\ProgramData, PROCESSOR_ARCHITECTURE=AMD64, PSModulePath=C:\Program Files\WindowsPowerShell\Modules;C:\WINDOWS\system32\WindowsPowerShell\v1.0\Modules;C:\Program Files (x86)\Microsoft SQL Server\110\Tools\PowerShell\Modules\, SystemDrive=C:, JENKINS_SERVER_COOKIE=90f5e365a96a8656, SERVICE_ID=Jenkins, USERNAME=S2D-LIXL-PC$, _JAVACMD=C:\Program Files\Java\jdk1.8.0_77\bin\java.exe, ProgramFiles(x86)=C:\Program Files (x86), BUILD_TAG=jenkins-SpringMybatisDemo-31, PATHEXT=.COM;.EXE;.BAT;.CMD;.VBS;.VBE;.JS;.JSE;.WSF;.WSH;.MSC, DriverData=C:\Windows\System32\Drivers\DriverData, JENKINS_HOME=C:\Program Files (x86)\Jenkins, ProgramData=C:\ProgramData, ProgramW6432=C:\Program Files, NODE_NAME=master, BUILD_DISPLAY_NAME=#31, ANT_CMD_LINE_ARGS= -file build.xml coverage, PROCESSOR_IDENTIFIER=Intel64 Family 6 Model 142 Stepping 10, GenuineIntel, JOB_DISPLAY_URL=http://unconfigured-jenkins-location/job/SpringMybatisDemo/display/redirect, WINSW_EXECUTABLE=C:\Program Files (x86)\Jenkins\jenkins.exe, ProgramFiles=C:\Program Files, PUBLIC=C:\Users\Public, windir=C:\WINDOWS, LOCALAPPDATA=C:\WINDOWS\system32\config\systemprofile\AppData\Local, USERDOMAIN=HYRON-JS, JAVA_HOME=C:\Program Files\Java\jdk1.8.0_77, PROMPT=$P$G, BUILD_ID=31, BASE=C:\Program Files (x86)\Jenkins, JOB_NAME=SpringMybatisDemo, ANT_HOME=D:\apache-ant-1.10.5, asl.log=Destination=file, OneDrive=C:\WINDOWS\system32\config\systemprofile\OneDrive, APPDATA=C:\WINDOWS\system32\config\systemprofile\AppData\Roaming, NODE_LABELS=master, WORKSPACE=D:\eclipse-workspace2\SpringMyBatisDemo, CommonProgramFiles=C:\Program Files\Common Files, Path=C:\Program Files\Java\jdk1.8.0_77/bin;C:\Program Files\Java\jdk1.8.0_77/bin;D:\apache-ant-1.10.5/bin;C:\Program Files\Java\jdk1.8.0_77/bin;C:\ProgramData\Oracle\Java\javapath;C:\Program Files\Java\jdk1.8.0_77\bin;C:\Program Files (x86)\Intel\Intel(R) Management Engine Components\iCLS\;C:\Program Files\Intel\Intel(R) Management Engine Components\iCLS\;C:\WINDOWS\system32;C:\WINDOWS;C:\WINDOWS\System32\Wbem;C:\WINDOWS\System32\WindowsPowerShell\v1.0\;C:\Program Files (x86)\Intel\Intel(R) Management Engine Components\DAL;C:\Program Files\Intel\Intel(R) Management Engine Components\DAL;C:\Program Files (x86)\Intel\Intel(R) Management Engine Components\IPT;C:\Program Files\Intel\Intel(R) Management Engine Components\IPT;C:\Program Files\Git\cmd;C:\WINDOWS\System32\OpenSSH\;C:\Program Files\Microsoft\Web Platform Installer\;C:\Program Files (x86)\Microsoft ASP.NET\ASP.NET Web Pages\v1.0\;C:\Program Files (x86)\Windows Kits\8.0\Windows Performance Toolkit\;C:\Program Files (x86)\Microsoft SQL Server\110\Tools\Binn\;C:\Program Files\Microsoft SQL Server\110\Tools\Binn\;C:\Program Files\Microsoft SQL Server\110\DTS\Binn\;C:\Program Files (x86)\Microsoft SQL Server\110\Tools\Binn\ManagementStudio\;C:\Program Files (x86)\Microsoft SQL Server\110\DTS\Binn\;C:\Program Files\nodejs\;D:\apache-maven-3.5.4\bin;C:\WINDOWS\system32\config\systemprofile\AppData\Local\Microsoft\WindowsApps, OS=Windows_NT, COMPUTERNAME=S2D-LIXL-PC, EXECUTOR_NUMBER=1, HUDSON_SERVER_COOKIE=90f5e365a96a8656, JOB_BASE_NAME=SpringMybatisDemo, PROCESSOR_REVISION=8e0a, CommonProgramW6432=C:\Program Files\Common Files, ComSpec=C:\WINDOWS\system32\cmd.exe, =D:=D:\eclipse-workspace2\SpringMyBatisDemo, BUILD_NUMBER=31, SystemRoot=C:\WINDOWS, TEMP=C:\WINDOWS\TEMP, USERPROFILE=C:\WINDOWS\system32\config\systemprofile, TMP=C:\WINDOWS\TEMP, VS110COMNTOOLS=C:\Program Files (x86)\Microsoft Visual Studio 11.0\Common7\Tools\, CommonProgramFiles(x86)=C:\Program Files (x86)\Common Files, NUMBER_OF_PROCESSORS=8, _USE_CLASSPATH=no}}]
14:28:41.681 [main] DEBUG o.s.c.i.s.PathMatchingResourcePatternResolver - Resolved classpath location [appname/bl/dao/] to resources [URL [file:/D:/eclipse-workspace2/SpringMyBatisDemo/build/classes/appname/bl/dao/]]
14:28:41.681 [main] DEBUG o.s.c.i.s.PathMatchingResourcePatternResolver - Looking for matching resources in directory tree [D:\eclipse-workspace2\SpringMyBatisDemo\build\classes\appname\bl\dao]
14:28:41.681 [main] DEBUG o.s.c.i.s.PathMatchingResourcePatternResolver - Searching directory [D:\eclipse-workspace2\SpringMyBatisDemo\build\classes\appname\bl\dao] for files matching pattern [D:/eclipse-workspace2/SpringMyBatisDemo/build/classes/appname/bl/dao/**/*.class]
14:28:41.681 [main] DEBUG o.s.c.i.s.PathMatchingResourcePatternResolver - Searching directory [D:\eclipse-workspace2\SpringMyBatisDemo\build\classes\appname\bl\dao\base] for files matching pattern [D:/eclipse-workspace2/SpringMyBatisDemo/build/classes/appname/bl/dao/**/*.class]
14:28:41.681 [main] DEBUG o.s.c.i.s.PathMatchingResourcePatternResolver - Resolved location pattern [classpath*:appname/bl/dao/**/*.class] to resources [file [D:\eclipse-workspace2\SpringMyBatisDemo\build\classes\appname\bl\dao\base\SanshoDaoTestHelper$1.class], file [D:\eclipse-workspace2\SpringMyBatisDemo\build\classes\appname\bl\dao\base\SanshoDaoTestHelper.class], file [D:\eclipse-workspace2\SpringMyBatisDemo\build\classes\appname\bl\dao\BookDao.class], file [D:\eclipse-workspace2\SpringMyBatisDemo\build\classes\appname\bl\dao\BookDaoQueryAllTest.class]]
14:28:41.682 [main] DEBUG o.m.s.mapper.ClassPathMapperScanner - Ignored because not a concrete top-level class: file [D:\eclipse-workspace2\SpringMyBatisDemo\build\classes\appname\bl\dao\base\SanshoDaoTestHelper$1.class]
14:28:41.685 [main] DEBUG o.m.s.mapper.ClassPathMapperScanner - Ignored because not a concrete top-level class: file [D:\eclipse-workspace2\SpringMyBatisDemo\build\classes\appname\bl\dao\base\SanshoDaoTestHelper.class]
14:28:41.685 [main] DEBUG o.m.s.mapper.ClassPathMapperScanner - Identified candidate component class: file [D:\eclipse-workspace2\SpringMyBatisDemo\build\classes\appname\bl\dao\BookDao.class]
14:28:41.685 [main] DEBUG o.m.s.mapper.ClassPathMapperScanner - Ignored because not a concrete top-level class: file [D:\eclipse-workspace2\SpringMyBatisDemo\build\classes\appname\bl\dao\BookDaoQueryAllTest.class]
14:28:41.686 [main] DEBUG o.m.s.mapper.ClassPathMapperScanner - Creating MapperFactoryBean with name 'bookDao' and 'appname.bl.dao.BookDao' mapperInterface
14:28:41.687 [main] DEBUG o.s.b.f.s.DefaultListableBeanFactory - Creating shared instance of singleton bean 'org.springframework.context.support.PropertySourcesPlaceholderConfigurer#0'
14:28:41.687 [main] DEBUG o.s.b.f.s.DefaultListableBeanFactory - Creating instance of bean 'org.springframework.context.support.PropertySourcesPlaceholderConfigurer#0'
14:28:41.688 [main] DEBUG o.s.b.f.s.DefaultListableBeanFactory - Eagerly caching bean 'org.springframework.context.support.PropertySourcesPlaceholderConfigurer#0' to allow for resolving potential circular references
14:28:41.699 [main] DEBUG o.s.b.f.s.DefaultListableBeanFactory - Finished creating instance of bean 'org.springframework.context.support.PropertySourcesPlaceholderConfigurer#0'
14:28:41.700 [main] DEBUG o.s.b.f.s.DefaultListableBeanFactory - Creating shared instance of singleton bean 'org.springframework.context.support.PropertySourcesPlaceholderConfigurer#1'
14:28:41.700 [main] DEBUG o.s.b.f.s.DefaultListableBeanFactory - Creating instance of bean 'org.springframework.context.support.PropertySourcesPlaceholderConfigurer#1'
14:28:41.700 [main] DEBUG o.s.b.f.s.DefaultListableBeanFactory - Eagerly caching bean 'org.springframework.context.support.PropertySourcesPlaceholderConfigurer#1' to allow for resolving potential circular references
14:28:41.700 [main] DEBUG o.s.c.i.s.PathMatchingResourcePatternResolver - Resolved classpath location [/spring/] to resources [URL [file:/D:/eclipse-workspace2/SpringMyBatisDemo/build/classes/spring/]]
14:28:41.700 [main] DEBUG o.s.c.i.s.PathMatchingResourcePatternResolver - Looking for matching resources in directory tree [D:\eclipse-workspace2\SpringMyBatisDemo\build\classes\spring]
14:28:41.700 [main] DEBUG o.s.c.i.s.PathMatchingResourcePatternResolver - Searching directory [D:\eclipse-workspace2\SpringMyBatisDemo\build\classes\spring] for files matching pattern [D:/eclipse-workspace2/SpringMyBatisDemo/build/classes/spring/*.properties]
14:28:41.702 [main] DEBUG o.s.c.i.s.PathMatchingResourcePatternResolver - Resolved location pattern [classpath*:/spring/*.properties] to resources []
14:28:41.702 [main] DEBUG o.s.b.f.s.DefaultListableBeanFactory - Finished creating instance of bean 'org.springframework.context.support.PropertySourcesPlaceholderConfigurer#1'
14:28:41.702 [main] DEBUG o.s.core.env.MutablePropertySources - Adding PropertySource 'environmentProperties' with lowest search precedence
14:28:41.702 [main] DEBUG o.s.c.s.PropertySourcesPlaceholderConfigurer - Loading properties file from class path resource [jdbc.properties]
14:28:41.702 [main] DEBUG o.s.core.env.MutablePropertySources - Adding PropertySource 'localProperties' with lowest search precedence
14:28:41.705 [main] DEBUG o.s.c.e.PropertySourcesPropertyResolver - Could not find key 'jdbc.driver' in any property source
14:28:41.705 [main] DEBUG o.s.c.e.PropertySourcesPropertyResolver - Found key 'jdbc.driver' in PropertySource 'localProperties' with value of type String
14:28:41.705 [main] DEBUG o.s.c.e.PropertySourcesPropertyResolver - Could not find key 'jdbc.url' in any property source
14:28:41.705 [main] DEBUG o.s.c.e.PropertySourcesPropertyResolver - Found key 'jdbc.url' in PropertySource 'localProperties' with value of type String
14:28:41.705 [main] DEBUG o.s.c.e.PropertySourcesPropertyResolver - Could not find key 'jdbc.username' in any property source
14:28:41.705 [main] DEBUG o.s.c.e.PropertySourcesPropertyResolver - Found key 'jdbc.username' in PropertySource 'localProperties' with value of type String
14:28:41.705 [main] DEBUG o.s.c.e.PropertySourcesPropertyResolver - Could not find key 'jdbc.password' in any property source
14:28:41.705 [main] DEBUG o.s.c.e.PropertySourcesPropertyResolver - Found key 'jdbc.password' in PropertySource 'localProperties' with value of type String
14:28:41.705 [main] DEBUG o.s.core.env.MutablePropertySources - Adding PropertySource 'environmentProperties' with lowest search precedence
14:28:41.706 [main] DEBUG o.s.core.env.MutablePropertySources - Adding PropertySource 'localProperties' with lowest search precedence
[...]
batisDemo/31/display/redirect, HUDSON_HOME=C:\Program Files (x86)\Jenkins, RUN_CHANGES_DISPLAY_URL=http://unconfigured-jenkins-location/job/SpringMybatisDemo/31/display/redirect?page=changes, WINSW_SERVICE_ID=Jenkins, HUDSON_COOKIE=c9115c60-7093-4b0d-bf36-3ab69ac95b5d, ALLUSERSPROFILE=C:\ProgramData, PROCESSOR_ARCHITECTURE=AMD64, PSModulePath=C:\Program Files\WindowsPowerShell\Modules;C:\WINDOWS\system32\WindowsPowerShell\v1.0\Modules;C:\Program Files (x86)\Microsoft SQL Server\110\Tools\PowerShell\Modules\, SystemDrive=C:, JENKINS_SERVER_COOKIE=90f5e365a96a8656, SERVICE_ID=Jenkins, USERNAME=S2D-LIXL-PC$, _JAVACMD=C:\Program Files\Java\jdk1.8.0_77\bin\java.exe, ProgramFiles(x86)=C:\Program Files (x86), BUILD_TAG=jenkins-SpringMybatisDemo-31, PATHEXT=.COM;.EXE;.BAT;.CMD;.VBS;.VBE;.JS;.JSE;.WSF;.WSH;.MSC, DriverData=C:\Windows\System32\Drivers\DriverData, JENKINS_HOME=C:\Program Files (x86)\Jenkins, ProgramData=C:\ProgramData, ProgramW6432=C:\Program Files, NODE_NAME=master, BUILD_DISPLAY_NAME=#31, ANT_CMD_LINE_ARGS= -file build.xml coverage, PROCESSOR_IDENTIFIER=Intel64 Family 6 Model 142 Stepping 10, GenuineIntel, JOB_DISPLAY_URL=http://unconfigured-jenkins-location/job/SpringMybatisDemo/display/redirect, WINSW_EXECUTABLE=C:\Program Files (x86)\Jenkins\jenkins.exe, ProgramFiles=C:\Program Files, PUBLIC=C:\Users\Public, windir=C:\WINDOWS, LOCALAPPDATA=C:\WINDOWS\system32\config\systemprofile\AppData\Local, USERDOMAIN=HYRON-JS, JAVA_HOME=C:\Program Files\Java\jdk1.8.0_77, PROMPT=$P$G, BUILD_ID=31, BASE=C:\Program Files (x86)\Jenkins, JOB_NAME=SpringMybatisDemo, ANT_HOME=D:\apache-ant-1.10.5, asl.log=Destination=file, OneDrive=C:\WINDOWS\system32\config\systemprofile\OneDrive, APPDATA=C:\WINDOWS\system32\config\systemprofile\AppData\Roaming, NODE_LABELS=master, WORKSPACE=D:\eclipse-workspace2\SpringMyBatisDemo, CommonProgramFiles=C:\Program Files\Common Files, Path=C:\Program Files\Java\jdk1.8.0_77/bin;C:\Program Files\Java\jdk1.8.0_77/bin;D:\apache-ant-1.10.5/bin;C:\Program Files\Java\jdk1.8.0_77/bin;C:\ProgramData\Oracle\Java\javapath;C:\Program Files\Java\jdk1.8.0_77\bin;C:\Program Files (x86)\Intel\Intel(R) Management Engine Components\iCLS\;C:\Program Files\Intel\Intel(R) Management Engine Components\iCLS\;C:\WINDOWS\system32;C:\WINDOWS;C:\WINDOWS\System32\Wbem;C:\WINDOWS\System32\WindowsPowerShell\v1.0\;C:\Program Files (x86)\Intel\Intel(R) Management Engine Components\DAL;C:\Program Files\Intel\Intel(R) Management Engine Components\DAL;C:\Program Files (x86)\Intel\Intel(R) Management Engine Components\IPT;C:\Program Files\Intel\Intel(R) Management Engine Components\IPT;C:\Program Files\Git\cmd;C:\WINDOWS\System32\OpenSSH\;C:\Program Files\Microsoft\Web Platform Installer\;C:\Program Files (x86)\Microsoft ASP.NET\ASP.NET Web Pages\v1.0\;C:\Program Files (x86)\Windows Kits\8.0\Windows Performance Toolkit\;C:\Program Files (x86)\Microsoft SQL Server\110\Tools\Binn\;C:\Program Files\Microsoft SQL Server\110\Tools\Binn\;C:\Program Files\Microsoft SQL Server\110\DTS\Binn\;C:\Program Files (x86)\Microsoft SQL Server\110\Tools\Binn\ManagementStudio\;C:\Program Files (x86)\Microsoft SQL Server\110\DTS\Binn\;C:\Program Files\nodejs\;D:\apache-maven-3.5.4\bin;C:\WINDOWS\system32\config\systemprofile\AppData\Local\Microsoft\WindowsApps, OS=Windows_NT, COMPUTERNAME=S2D-LIXL-PC, EXECUTOR_NUMBER=1, HUDSON_SERVER_COOKIE=90f5e365a96a8656, JOB_BASE_NAME=SpringMybatisDemo, PROCESSOR_REVISION=8e0a, CommonProgramW6432=C:\Program Files\Common Files, ComSpec=C:\WINDOWS\system32\cmd.exe, =D:=D:\eclipse-workspace2\SpringMyBatisDemo, BUILD_NUMBER=31, SystemRoot=C:\WINDOWS, TEMP=C:\WINDOWS\TEMP, USERPROFILE=C:\WINDOWS\system32\config\systemprofile, TMP=C:\WINDOWS\TEMP, VS110COMNTOOLS=C:\Program Files (x86)\Microsoft Visual Studio 11.0\Common7\Tools\, CommonProgramFiles(x86)=C:\Program Files (x86)\Common Files, NUMBER_OF_PROCESSORS=8, _USE_CLASSPATH=no}}]
14:28:44.061 [main] DEBUG o.s.t.w.s.s.StandaloneMockMvcBuilder$StaticRequestMappingHandlerMapping - Looking for request mappings in application context: org.springframework.test.web.servlet.setup.StubWebApplicationContext@25b5c5e3
14:28:44.062 [main] DEBUG o.s.t.w.s.s.StandaloneMockMvcBuilder$StaticRequestMappingHandlerMapping - 4 request handler methods found on class appname.web.BookController: {public java.lang.String appname.web.BookController.index(appname.bl.model.BookForm)={[/book],methods=[GET]}, public java.lang.String appname.web.BookController.create(appname.bl.model.BookForm,org.springframework.validation.BindingResult,org.springframework.ui.Model,org.springframework.web.multipart.MultipartFile)={[/book/create],methods=[POST]}, private java.lang.String appname.web.BookController.list(org.springframework.ui.Model)={[/book/list],methods=[GET]}, private java.lang.String appname.web.BookController.detail(java.lang.Integer,org.springframework.ui.Model)={[/book/{bookId}/detail],methods=[GET]}}
14:28:44.062 [main] INFO  o.s.t.w.s.s.StandaloneMockMvcBuilder$StaticRequestMappingHandlerMapping - Mapped "{[/book],methods=[GET]}" onto public java.lang.String appname.web.BookController.index(appname.bl.model.BookForm)
14:28:44.062 [main] INFO  o.s.t.w.s.s.StandaloneMockMvcBuilder$StaticRequestMappingHandlerMapping - Mapped "{[/book/create],methods=[POST]}" onto public java.lang.String appname.web.BookController.create(appname.bl.model.BookForm,org.springframework.validation.BindingResult,org.springframework.ui.Model,org.springframework.web.multipart.MultipartFile)
14:28:44.062 [main] INFO  o.s.t.w.s.s.StandaloneMockMvcBuilder$StaticRequestMappingHandlerMapping - Mapped "{[/book/list],methods=[GET]}" onto private java.lang.String appname.web.BookController.list(org.springframework.ui.Model)
14:28:44.062 [main] INFO  o.s.t.w.s.s.StandaloneMockMvcBuilder$StaticRequestMappingHandlerMapping - Mapped "{[/book/{bookId}/detail],methods=[GET]}" onto private java.lang.String appname.web.BookController.detail(java.lang.Integer,org.springframework.ui.Model)
14:28:44.068 [main] DEBUG o.h.v.i.e.r.TraversableResolvers - Cannot find javax.persistence.Persistence on classpath. Assuming non JPA 2 environment. All properties will per default be traversable.
14:28:44.069 [main] DEBUG o.s.v.b.OptionalValidatorFactoryBean - Failed to set up a Bean Validation provider
javax.validation.ValidationException: HV000183: Unable to initialize 'javax.el.ExpressionFactory'. Check that you have the EL dependencies on the classpath, or use ParameterMessageInterpolator instead
	at org.hibernate.validator.messageinterpolation.ResourceBundleMessageInterpolator.buildExpressionFactory(ResourceBundleMessageInterpolator.java:116) ~[hibernate-validator-6.0.12.Final.jar:6.0.12.Final]
	at org.hibernate.validator.messageinterpolation.ResourceBundleMessageInterpolator.<init>(ResourceBundleMessageInterpolator.java:47) ~[hibernate-validator-6.0.12.Final.jar:6.0.12.Final]
	at org.hibernate.validator.internal.engine.ConfigurationImpl.getDefaultMessageInterpolator(ConfigurationImpl.java:474) ~[hibernate-validator-6.0.12.Final.jar:6.0.12.Final]
	at org.springframework.validation.beanvalidation.LocalValidatorFactoryBean.afterPropertiesSet(LocalValidatorFactoryBean.java:271) ~[spring-context-4.3.20.RELEASE.jar:4.3.20.RELEASE]
	at org.springframework.validation.beanvalidation.OptionalValidatorFactoryBean.afterPropertiesSet(OptionalValidatorFactoryBean.java:40) ~[spring-context-4.3.20.RELEASE.jar:4.3.20.RELEASE]
	at org.springframework.test.web.servlet.setup.StandaloneMockMvcBuilder$StandaloneConfiguration.mvcValidator(StandaloneMockMvcBuilder.java:447) [spring-test-4.3.20.RELEASE.jar:4.3.20.RELEASE]
	at org.springframework.web.servlet.config.annotation.WebMvcConfigurationSupport.getConfigurableWebBindingInitializer(WebMvcConfigurationSupport.java:574) [spring-webmvc-4.3.20.RELEASE.jar:4.3.20.RELEASE]
	at org.springframework.web.servlet.config.annotation.WebMvcConfigurationSupport.requestMappingHandlerAdapter(WebMvcConfigurationSupport.java:533) [spring-webmvc-4.3.20.RELEASE.jar:4.3.20.RELEASE]
	at org.springframework.test.web.servlet.setup.StandaloneMockMvcBuilder.registerMvcSingletons(StandaloneMockMvcBuilder.java:355) [spring-test-4.3.20.RELEASE.jar:4.3.20.RELEASE]
	at org.springframework.test.web.servlet.setup.StandaloneMockMvcBuilder.initWebAppContext(StandaloneMockMvcBuilder.java:337) [spring-test-4.3.20.RELEASE.jar:4.3.20.RELEASE]
	at org.springframework.test.web.servlet.setup.AbstractMockMvcBuilder.build(AbstractMockMvcBuilder.java:139) [spring-test-4.3.20.RELEASE.jar:4.3.20.RELEASE]
	at appname.web.BookControllerTest.setUp(BookControllerTest.java:69) [classes/:na]
	at sun.reflect.NativeMethodAccessorImpl.invoke0(Native Method) ~[na:1.8.0_77]
	at sun.reflect.NativeMethodAccessorImpl.invoke(NativeMethodAccessorImpl.java:62) ~[na:1.8.0_77]
	at sun.reflect.DelegatingMethodAccessorImpl.invoke(DelegatingMethodAccessorImpl.java:43) ~[na:1.8.0_77]
	at java.lang.reflect.Method.invoke(Method.java:498) ~[na:1.8.0_77]
	at org.junit.runners.model.FrameworkMethod$1.runReflectiveCall(FrameworkMethod.java:47) [junit-4.11.jar:na]
	at org.junit.internal.runners.model.ReflectiveCallable.run(ReflectiveCallable.java:12) [junit-4.11.jar:na]
	at org.junit.runners.model.FrameworkMethod.invokeExplosively(FrameworkMethod.java:44) [junit-4.11.jar:na]
	at org.junit.internal.runners.statements.RunBefores.evaluate(RunBefores.java:24) [junit-4.11.jar:na]
	at org.springframework.test.context.junit4.statements.RunBeforeTestMethodCallbacks.evaluate(RunBeforeTestMethodCallbacks.java:75) [spring-test-4.3.20.RELEASE.jar:4.3.20.RELEASE]
	at org.springframework.test.context.junit4.statements.RunAfterTestMethodCallbacks.evaluate(RunAfterTestMethodCallbacks.java:86) [spring-test-4.3.20.RELEASE.jar:4.3.20.RELEASE]
	at org.mockito.internal.junit.JUnitRule$1.evaluateSafely(JUnitRule.java:66) [mockito-core-2.3.3.jar:na]
	at org.mockito.internal.junit.JUnitRule$1.evaluate(JUnitRule.java:46) [mockito-core-2.3.3.jar:na]
	at org.springframework.test.context.junit4.statements.SpringRepeat.evaluate(SpringRepeat.java:84) [spring-test-4.3.20.RELEASE.jar:4.3.20.RELEASE]
	at org.junit.runners.ParentRunner.runLeaf(ParentRunner.java:271) [junit-4.11.jar:na]
	at org.springframework.test.context.junit4.SpringJUnit4ClassRunner.runChild(SpringJUnit4ClassRunner.java:252) [spring-test-4.3.20.RELEASE.jar:4.3.20.RELEASE]
	at org.springframework.test.context.junit4.SpringJUnit4ClassRunner.runChild(SpringJUnit4ClassRunner.java:94) [spring-test-4.3.20.RELEASE.jar:4.3.20.RELEASE]
	at org.junit.runners.ParentRunner$3.run(ParentRunner.java:238) [junit-4.11.jar:na]
	at org.junit.runners.ParentRunner$1.schedule(ParentRunner.java:63) [junit-4.11.jar:na]
	at org.junit.runners.ParentRunner.runChildren(ParentRunner.java:236) [junit-4.11.jar:na]
	at org.junit.runners.ParentRunner.access$000(ParentRunner.java:53) [junit-4.11.jar:na]
	at org.junit.runners.ParentRunner$2.evaluate(ParentRunner.java:229) [junit-4.11.jar:na]
	at org.springframework.test.context.junit4.statements.RunBeforeTestClassCallbacks.evaluate(RunBeforeTestClassCallbacks.java:61) [spring-test-4.3.20.RELEASE.jar:4.3.20.RELEASE]
	at org.springframework.test.context.junit4.statements.RunAfterTestClassCallbacks.evaluate(RunAfterTestClassCallbacks.java:70) [spring-test-4.3.20.RELEASE.jar:4.3.20.RELEASE]
	at org.junit.runners.ParentRunner.run(ParentRunner.java:309) [junit-4.11.jar:na]
	at org.springframework.test.context.junit4.SpringJUnit4ClassRunner.run(SpringJUnit4ClassRunner.java:191) [spring-test-4.3.20.RELEASE.jar:4.3.20.RELEASE]
	at junit.framework.JUnit4TestAdapter.run(JUnit4TestAdapter.java:38) [junit-4.11.jar:na]
	at org.apache.tools.ant.taskdefs.optional.junit.JUnitTestRunner.run(JUnitTestRunner.java:534) [ant-junit.jar:na]
	at org.apache.tools.ant.taskdefs.optional.junit.JUnitTestRunner.launch(JUnitTestRunner.java:1196) [ant-junit.jar:na]
	at org.apache.tools.ant.taskdefs.optional.junit.JUnitTestRunner.main(JUnitTestRunner.java:1041) [ant-junit.jar:na]
Caused by: java.lang.NoClassDefFoundError: javax/el/ELManager
	at org.hibernate.validator.messageinterpolation.ResourceBundleMessageInterpolator.buildExpressionFactory(ResourceBundleMessageInterpolator.java:108) ~[hibernate-validator-6.0.12.Final.jar:6.0.12.Final]
	... 40 common frames omitted
14:28:44.070 [main] INFO  o.s.w.s.m.m.a.RequestMappingHandlerAdapter - Looking for @ControllerAdvice: org.springframework.test.web.servlet.setup.StubWebApplicationContext@25b5c5e3
14:28:44.072 [main] DEBUG o.s.w.s.m.m.a.ExceptionHandlerExceptionResolver - Looking for exception mappings: org.springframework.test.web.servlet.setup.StubWebApplicationContext@25b5c5e3
14:28:44.079 [main] DEBUG o.s.t.w.s.TestDispatcherServlet - Initializing servlet ''
14:28:44.080 [main] INFO  o.s.mock.web.MockServletContext - Initializing Spring FrameworkServlet ''
14:28:44.080 [main] INFO  o.s.t.w.s.TestDispatcherServlet - FrameworkServlet '': initialization started
14:28:44.080 [main] DEBUG o.s.t.w.s.TestDispatcherServlet - Unable to locate MultipartResolver with name 'multipartResolver': no multipart request handling provided
14:28:44.080 [main] DEBUG o.s.t.w.s.TestDispatcherServlet - Using LocaleResolver [org.springframework.web.servlet.i18n.AcceptHeaderLocaleResolver@7cb2651f]
14:28:44.080 [main] DEBUG o.s.t.w.s.TestDispatcherServlet - Using ThemeResolver [org.springframework.web.servlet.theme.FixedThemeResolver@4441d567]
14:28:44.080 [main] DEBUG o.s.t.w.s.TestDispatcherServlet - Using RequestToViewNameTranslator [org.springframework.web.servlet.view.DefaultRequestToViewNameTranslator@3e1624c7]
14:28:44.080 [main] DEBUG o.s.t.w.s.TestDispatcherServlet - Using FlashMapManager [org.springframework.web.servlet.support.SessionFlashMapManager@62b969c4]
14:28:44.080 [main] DEBUG o.s.t.w.s.TestDispatcherServlet - Published WebApplicationContext of servlet '' as ServletContext attribute with name [org.springframework.web.servlet.FrameworkServlet.CONTEXT.]
14:28:44.080 [main] INFO  o.s.t.w.s.TestDispatcherServlet - FrameworkServlet '': initialization completed in 0 ms
14:28:44.080 [main] DEBUG o.s.t.w.s.TestDispatcherServlet - Servlet '' configured successfully
14:28:44.110 [main] DEBUG o.s.t.w.s.TestDispatcherServlet - DispatcherServlet with name '' processing GET request for [/book/list]
14:28:44.112 [main] DEBUG o.s.t.w.s.s.StandaloneMockMvcBuilder$StaticRequestMappingHandlerMapping - Looking up handler method for path /book/list
14:28:44.116 [main] DEBUG o.s.t.w.s.s.StandaloneMockMvcBuilder$StaticRequestMappingHandlerMapping - Returning handler method [private java.lang.String appname.web.BookController.list(org.springframework.ui.Model)]
14:28:44.117 [main] DEBUG o.s.t.w.s.TestDispatcherServlet - Last-Modified value for [/book/list] is: -1
14:28:44.138 [main] DEBUG o.s.t.w.s.TestDispatcherServlet - Rendering view [org.springframework.web.servlet.view.JstlView: unnamed; URL [/WEB-INF/views/list.jsp]] in DispatcherServlet with name ''
14:28:44.138 [main] DEBUG o.s.web.servlet.view.JstlView - Added model object 'list' of type [java.util.ArrayList] to request in view with name 'null'
14:28:44.144 [main] DEBUG o.s.web.servlet.view.JstlView - Forwarding to resource [/WEB-INF/views/list.jsp] in InternalResourceView 'null'
14:28:44.144 [main] DEBUG o.s.mock.web.MockRequestDispatcher - MockRequestDispatcher: forwarding to [/WEB-INF/views/list.jsp]
14:28:44.144 [main] DEBUG o.s.t.w.s.TestDispatcherServlet - Successfully completed request
14:28:44.146 [main] DEBUG o.s.t.c.s.AbstractDirtiesContextTestExecutionListener - After test method: context [DefaultTestContext@525b461a testClass = BookControllerTest, testInstance = appname.web.BookControllerTest@3153ddfc, testMethod = list_test001@BookControllerTest, testException = java.lang.NoSuchMethodError: javax.servlet.http.HttpServletRequest.getAsyncContext()Ljavax/servlet/AsyncContext;, mergedContextConfiguration = [WebMergedContextConfiguration@58c1c010 testClass = BookControllerTest, locations = '{classpath:/spring/spring-mvc-ut.xml}', classes = '{}', contextInitializerClasses = '[]', activeProfiles = '{}', propertySourceLocations = '{}', propertySourceProperties = '{}', contextCustomizers = set[[empty]], resourceBasePath = 'src/main/webapp', contextLoader = 'org.springframework.test.context.web.WebDelegatingSmartContextLoader', parent = [WebMergedContextConfiguration@b7f23d9 testClass = BookControllerTest, locations = '{classpath:/spring/applicationContext.xml}', classes = '{}', contextInitializerClasses = '[]', activeProfiles = '{}', propertySourceLocations = '{}', propertySourceProperties = '{}', contextCustomizers = set[[empty]], resourceBasePath = 'src/main/webapp', contextLoader = 'org.springframework.test.context.web.WebDelegatingSmartContextLoader', parent = [null]]]], class annotated with @DirtiesContext [false] with mode [null], method annotated with @DirtiesContext [false] with mode [null].
14:28:44.146 [main] DEBUG o.s.t.c.w.ServletTestExecutionListener - Resetting RequestContextHolder for test context [DefaultTestContext@525b461a testClass = BookControllerTest, testInstance = appname.web.BookControllerTest@3153ddfc, testMethod = list_test001@BookControllerTest, testException = java.lang.NoSuchMethodError: javax.servlet.http.HttpServletRequest.getAsyncContext()Ljavax/servlet/AsyncContext;, mergedContextConfiguration = [WebMergedContextConfiguration@58c1c010 testClass = BookControllerTest, locations = '{classpath:/spring/spring-mvc-ut.xml}', classes = '{}', contextInitializerClasses = '[]', activeProfiles = '{}', propertySourceLocations = '{}', propertySourceProperties = '{}', contextCustomizers = set[[empty]], resourceBasePath = 'src/main/webapp', contextLoader = 'org.springframework.test.context.web.WebDelegatingSmartContextLoader', parent = [WebMergedContextConfiguration@b7f23d9 testClass = BookControllerTest, locations = '{classpath:/spring/applicationContext.xml}', classes = '{}', contextInitializerClasses = '[]', activeProfiles = '{}', propertySourceLocations = '{}', propertySourceProperties = '{}', contextCustomizers = set[[empty]], resourceBasePath = 'src/main/webapp', contextLoader = 'org.springframework.test.context.web.WebDelegatingSmartContextLoader', parent = [null]]]].
14:28:44.155 [main] DEBUG o.s.t.c.s.AbstractDirtiesContextTestExecutionListener - After test class: context [DefaultTestContext@525b461a testClass = BookControllerTest, testInstance = [null], testMethod = [null], testException = [null], mergedContextConfiguration = [WebMergedContextConfiguration@58c1c010 testClass = BookControllerTest, locations = '{classpath:/spring/spring-mvc-ut.xml}', classes = '{}', contextInitializerClasses = '[]', activeProfiles = '{}', propertySourceLocations = '{}', propertySourceProperties = '{}', contextCustomizers = set[[empty]], resourceBasePath = 'src/main/webapp', contextLoader = 'org.springframework.test.context.web.WebDelegatingSmartContextLoader', parent = [WebMergedContextConfiguration@b7f23d9 testClass = BookControllerTest, locations = '{classpath:/spring/applicationContext.xml}', classes = '{}', contextInitializerClasses = '[]', activeProfiles = '{}', propertySourceLocations = '{}', propertySourceProperties = '{}', contextCustomizers = set[[empty]], resourceBasePath = 'src/main/webapp', contextLoader = 'org.springframework.test.context.web.WebDelegatingSmartContextLoader', parent = [null]]]], class annotated with @DirtiesContext [false] with mode [null].
]]></system-out>
  <system-err><![CDATA[SLF4J: Class path contains multiple SLF4J bindings.
SLF4J: Found binding in [jar:file:/D:/eclipse-workspace2/SpringMyBatisDemo/cobertura/lib/logback-classic-1.0.13.jar!/org/slf4j/impl/StaticLoggerBinder.class]
SLF4J: Found binding in [jar:file:/D:/eclipse-workspace2/SpringMyBatisDemo/webapp/WEB-INF/lib/logback-classic-1.1.1.jar!/org/slf4j/impl/StaticLoggerBinder.class]
SLF4J: See http://www.slf4j.org/codes.html#multiple_bindings for an explanation.
SLF4J: Actual binding is of type [ch.qos.logback.classic.util.ContextSelectorStaticBinder]
]]></system-err>
</testsuite>
