<?xml version="1.0" encoding="UTF-8" ?>
<testsuite errors="1" failures="0" hostname="S2D-lixl-PC" name="appname.bl.dao.BookDaoQueryAllTest" skipped="0" tests="1" time="3.534" timestamp="2018-11-02T06:28:32">
  <properties>
[...]
</properties>
  <testcase classname="appname.bl.dao.BookDaoQueryAllTest" name="queryAll_test001" time="2.167">
    <error message="Could not open JDBC Connection for transaction; nested exception is org.h2.jdbc.JdbcSQLException: Connection is broken: &quot;java.net.ConnectException: Connection refused: connect: localhost&quot; [90067-196]" type="org.springframework.transaction.CannotCreateTransactionException">org.springframework.transaction.CannotCreateTransactionException: Could not open JDBC Connection for transaction; nested exception is org.h2.jdbc.JdbcSQLException: Connection is broken: &quot;java.net.ConnectException: Connection refused: connect: localhost&quot; [90067-196]
	at org.springframework.jdbc.datasource.DataSourceTransactionManager.doBegin(DataSourceTransactionManager.java:289)
	at org.springframework.transaction.support.AbstractPlatformTransactionManager.getTransaction(AbstractPlatformTransactionManager.java:377)
	at org.springframework.test.context.transaction.TransactionContext.startTransaction(TransactionContext.java:102)
	at org.springframework.test.context.transaction.TransactionalTestExecutionListener.beforeTestMethod(TransactionalTestExecutionListener.java:200)
	at org.springframework.test.context.TestContextManager.beforeTestMethod(TestContextManager.java:269)
	at org.springframework.test.context.junit4.statements.RunBeforeTestMethodCallbacks.evaluate(RunBeforeTestMethodCallbacks.java:74)
	at org.springframework.test.context.junit4.statements.RunAfterTestMethodCallbacks.evaluate(RunAfterTestMethodCallbacks.java:86)
	at org.springframework.test.context.junit4.statements.SpringRepeat.evaluate(SpringRepeat.java:84)
	at org.springframework.test.context.junit4.SpringJUnit4ClassRunner.runChild(SpringJUnit4ClassRunner.java:252)
	at org.springframework.test.context.junit4.SpringJUnit4ClassRunner.runChild(SpringJUnit4ClassRunner.java:94)
	at org.springframework.test.context.junit4.statements.RunBeforeTestClassCallbacks.evaluate(RunBeforeTestClassCallbacks.java:61)
	at org.springframework.test.context.junit4.statements.RunAfterTestClassCallbacks.evaluate(RunAfterTestClassCallbacks.java:70)
	at org.springframework.test.context.junit4.SpringJUnit4ClassRunner.run(SpringJUnit4ClassRunner.java:191)
Caused by: org.h2.jdbc.JdbcSQLException: Connection is broken: &quot;java.net.ConnectException: Connection refused: connect: localhost&quot; [90067-196]
	at org.h2.message.DbException.getJdbcSQLException(DbException.java:345)
	at org.h2.message.DbException.get(DbException.java:168)
	at org.h2.engine.SessionRemote.connectServer(SessionRemote.java:457)
	at org.h2.engine.SessionRemote.connectEmbeddedOrServer(SessionRemote.java:334)
	at org.h2.jdbc.JdbcConnection.&lt;init&gt;(JdbcConnection.java:116)
	at org.h2.jdbc.JdbcConnection.&lt;init&gt;(JdbcConnection.java:100)
	at org.h2.Driver.connect(Driver.java:69)
	at java.sql.DriverManager.getConnection(DriverManager.java:664)
	at java.sql.DriverManager.getConnection(DriverManager.java:208)
	at org.springframework.jdbc.datasource.DriverManagerDataSource.getConnectionFromDriverManager(DriverManagerDataSource.java:153)
	at org.springframework.jdbc.datasource.DriverManagerDataSource.getConnectionFromDriver(DriverManagerDataSource.java:144)
	at org.springframework.jdbc.datasource.AbstractDriverBasedDataSource.getConnectionFromDriver(AbstractDriverBasedDataSource.java:196)
	at org.springframework.jdbc.datasource.AbstractDriverBasedDataSource.getConnection(AbstractDriverBasedDataSource.java:159)
	at org.springframework.jdbc.datasource.DataSourceTransactionManager.doBegin(DataSourceTransactionManager.java:246)
Caused by: java.net.ConnectException: Connection refused: connect
	at java.net.DualStackPlainSocketImpl.waitForConnect(Native Method)
	at java.net.DualStackPlainSocketImpl.socketConnect(DualStackPlainSocketImpl.java:85)
	at java.net.AbstractPlainSocketImpl.doConnect(AbstractPlainSocketImpl.java:350)
	at java.net.AbstractPlainSocketImpl.connectToAddress(AbstractPlainSocketImpl.java:206)
	at java.net.AbstractPlainSocketImpl.connect(AbstractPlainSocketImpl.java:188)
	at java.net.PlainSocketImpl.connect(PlainSocketImpl.java:172)
	at java.net.SocksSocketImpl.connect(SocksSocketImpl.java:392)
	at java.net.Socket.connect(Socket.java:589)
	at org.h2.util.NetUtils.createSocket(NetUtils.java:103)
	at org.h2.util.NetUtils.createSocket(NetUtils.java:83)
	at org.h2.engine.SessionRemote.initTransfer(SessionRemote.java:115)
	at org.h2.engine.SessionRemote.connectServer(SessionRemote.java:453)
</error>
  </testcase>
  <system-out><![CDATA[14:28:32,120 |-INFO in ch.qos.logback.classic.LoggerContext[default] - Could NOT find resource [logback.groovy]
14:28:32,120 |-INFO in ch.qos.logback.classic.LoggerContext[default] - Could NOT find resource [logback-test.xml]
14:28:32,120 |-INFO in ch.qos.logback.classic.LoggerContext[default] - Found resource [logback.xml] at [file:/D:/eclipse-workspace2/SpringMyBatisDemo/build/classes/logback.xml]
14:28:32,121 |-WARN in ch.qos.logback.classic.LoggerContext[default] - Resource [logback.xml] occurs multiple times on the classpath.
14:28:32,121 |-WARN in ch.qos.logback.classic.LoggerContext[default] - Resource [logback.xml] occurs at [jar:file:/D:/eclipse-workspace2/SpringMyBatisDemo/cobertura/cobertura-2.1.1-sources.jar!/logback.xml]
14:28:32,121 |-WARN in ch.qos.logback.classic.LoggerContext[default] - Resource [logback.xml] occurs at [file:/D:/eclipse-workspace2/SpringMyBatisDemo/build/classes/logback.xml]
14:28:32,124 |-WARN in ch.qos.logback.classic.LoggerContext[default] - Resource [logback.xml] occurs at [jar:file:/D:/eclipse-workspace2/SpringMyBatisDemo/cobertura/cobertura-2.1.1.jar!/logback.xml]
14:28:32,259 |-INFO in ch.qos.logback.core.joran.action.AppenderAction - About to instantiate appender of type [ch.qos.logback.core.ConsoleAppender]
14:28:32,262 |-INFO in ch.qos.logback.core.joran.action.AppenderAction - Naming appender as [STDOUT]
14:28:32,284 |-INFO in ch.qos.logback.core.joran.action.NestedComplexPropertyIA - Assuming default type [ch.qos.logback.classic.encoder.PatternLayoutEncoder] for [encoder] property
14:28:32,324 |-INFO in ch.qos.logback.classic.joran.action.RootLoggerAction - Setting level of ROOT logger to DEBUG
14:28:32,324 |-INFO in ch.qos.logback.core.joran.action.AppenderRefAction - Attaching appender named [STDOUT] to Logger[ROOT]
14:28:32,324 |-INFO in ch.qos.logback.classic.joran.action.ConfigurationAction - End of configuration.
14:28:32,326 |-INFO in ch.qos.logback.classic.joran.JoranConfigurator@3632be31 - Registering current configuration as safe fallback point
14:28:32.385 [main] DEBUG o.s.t.c.j.SpringJUnit4ClassRunner - SpringJUnit4ClassRunner constructor called with [class appname.bl.dao.BookDaoQueryAllTest]
14:28:32.397 [main] DEBUG o.s.test.context.BootstrapUtils - Instantiating CacheAwareContextLoaderDelegate from class [org.springframework.test.context.cache.DefaultCacheAwareContextLoaderDelegate]
14:28:32.408 [main] DEBUG o.s.test.context.BootstrapUtils - Instantiating BootstrapContext using constructor [public org.springframework.test.context.support.DefaultBootstrapContext(java.lang.Class,org.springframework.test.context.CacheAwareContextLoaderDelegate)]
14:28:32.423 [main] DEBUG o.s.test.context.BootstrapUtils - Instantiating TestContextBootstrapper for test class [appname.bl.dao.BookDaoQueryAllTest] from class [org.springframework.test.context.support.DefaultTestContextBootstrapper]
14:28:32.450 [main] DEBUG o.s.t.c.s.AbstractDelegatingSmartContextLoader - Delegating to GenericXmlContextLoader to process context configuration [ContextConfigurationAttributes@67b467e9 declaringClass = 'appname.bl.dao.base.SanshoDaoTestHelper', classes = '{}', locations = '{classpath:/spring/daoTestApplicationContext.xml}', inheritLocations = true, initializers = '{}', inheritInitializers = true, name = [null], contextLoaderClass = 'org.springframework.test.context.ContextLoader'].
14:28:32.473 [main] DEBUG o.s.t.c.support.ActiveProfilesUtils - Could not find an 'annotation declaring class' for annotation type [org.springframework.test.context.ActiveProfiles] and class [appname.bl.dao.BookDaoQueryAllTest]
14:28:32.473 [main] DEBUG o.s.t.c.s.DefaultTestContextBootstrapper - @TestExecutionListeners is not present for class [appname.bl.dao.BookDaoQueryAllTest]: using defaults.
14:28:32.476 [main] INFO  o.s.t.c.s.DefaultTestContextBootstrapper - Loaded default TestExecutionListener class names from location [META-INF/spring.factories]: [org.springframework.test.context.web.ServletTestExecutionListener, org.springframework.test.context.support.DirtiesContextBeforeModesTestExecutionListener, org.springframework.test.context.support.DependencyInjectionTestExecutionListener, org.springframework.test.context.support.DirtiesContextTestExecutionListener, org.springframework.test.context.transaction.TransactionalTestExecutionListener, org.springframework.test.context.jdbc.SqlScriptsTestExecutionListener]
14:28:32.498 [main] INFO  o.s.t.c.s.DefaultTestContextBootstrapper - Using TestExecutionListeners: [org.springframework.test.context.web.ServletTestExecutionListener@2bbaf4f0, org.springframework.test.context.support.DirtiesContextBeforeModesTestExecutionListener@11c20519, org.springframework.test.context.support.DependencyInjectionTestExecutionListener@70beb599, org.springframework.test.context.support.DirtiesContextTestExecutionListener@4e41089d, org.springframework.test.context.transaction.TransactionalTestExecutionListener@32a068d1, org.springframework.test.context.jdbc.SqlScriptsTestExecutionListener@33cb5951]
14:28:32.525 [main] DEBUG o.s.t.annotation.ProfileValueUtils - Retrieved @ProfileValueSourceConfiguration [null] for test class [appname.bl.dao.BookDaoQueryAllTest]
14:28:32.526 [main] DEBUG o.s.t.annotation.ProfileValueUtils - Retrieved ProfileValueSource type [class org.springframework.test.annotation.SystemProfileValueSource] for class [appname.bl.dao.BookDaoQueryAllTest]
14:28:32.528 [main] DEBUG o.s.t.annotation.ProfileValueUtils - Retrieved @ProfileValueSourceConfiguration [null] for test class [appname.bl.dao.BookDaoQueryAllTest]
14:28:32.528 [main] DEBUG o.s.t.annotation.ProfileValueUtils - Retrieved ProfileValueSource type [class org.springframework.test.annotation.SystemProfileValueSource] for class [appname.bl.dao.BookDaoQueryAllTest]
14:28:32.529 [main] DEBUG o.s.t.annotation.ProfileValueUtils - Retrieved @ProfileValueSourceConfiguration [null] for test class [appname.bl.dao.BookDaoQueryAllTest]
14:28:32.529 [main] DEBUG o.s.t.annotation.ProfileValueUtils - Retrieved ProfileValueSource type [class org.springframework.test.annotation.SystemProfileValueSource] for class [appname.bl.dao.BookDaoQueryAllTest]
14:28:32.532 [main] DEBUG o.s.t.c.s.AbstractDirtiesContextTestExecutionListener - Before test class: context [DefaultTestContext@1445d7f testClass = BookDaoQueryAllTest, testInstance = [null], testMethod = [null], testException = [null], mergedContextConfiguration = [MergedContextConfiguration@6a396c1e testClass = BookDaoQueryAllTest, locations = '{classpath:/spring/daoTestApplicationContext.xml}', classes = '{}', contextInitializerClasses = '[]', activeProfiles = '{}', propertySourceLocations = '{}', propertySourceProperties = '{}', contextCustomizers = set[[empty]], contextLoader = 'org.springframework.test.context.support.DelegatingSmartContextLoader', parent = [null]]], class annotated with @DirtiesContext [false] with mode [null].
14:28:32.533 [main] DEBUG o.s.t.annotation.ProfileValueUtils - Retrieved @ProfileValueSourceConfiguration [null] for test class [appname.bl.dao.BookDaoQueryAllTest]
14:28:32.533 [main] DEBUG o.s.t.annotation.ProfileValueUtils - Retrieved ProfileValueSource type [class org.springframework.test.annotation.SystemProfileValueSource] for class [appname.bl.dao.BookDaoQueryAllTest]
14:28:32.538 [main] DEBUG o.s.t.c.s.DependencyInjectionTestExecutionListener - Performing dependency injection for test context [[DefaultTestContext@1445d7f testClass = BookDaoQueryAllTest, testInstance = appname.bl.dao.BookDaoQueryAllTest@64d7f7e0, testMethod = [null], testException = [null], mergedContextConfiguration = [MergedContextConfiguration@6a396c1e testClass = BookDaoQueryAllTest, locations = '{classpath:/spring/daoTestApplicationContext.xml}', classes = '{}', contextInitializerClasses = '[]', activeProfiles = '{}', propertySourceLocations = '{}', propertySourceProperties = '{}', contextCustomizers = set[[empty]], contextLoader = 'org.springframework.test.context.support.DelegatingSmartContextLoader', parent = [null]]]].
14:28:32.539 [main] DEBUG o.s.t.c.s.AbstractDelegatingSmartContextLoader - Delegating to GenericXmlContextLoader to load context from [MergedContextConfiguration@6a396c1e testClass = BookDaoQueryAllTest, locations = '{classpath:/spring/daoTestApplicationContext.xml}', classes = '{}', contextInitializerClasses = '[]', activeProfiles = '{}', propertySourceLocations = '{}', propertySourceProperties = '{}', contextCustomizers = set[[empty]], contextLoader = 'org.springframework.test.context.support.DelegatingSmartContextLoader', parent = [null]].
14:28:32.539 [main] DEBUG o.s.t.c.s.AbstractGenericContextLoader - Loading ApplicationContext for merged context configuration [[MergedContextConfiguration@6a396c1e testClass = BookDaoQueryAllTest, locations = '{classpath:/spring/daoTestApplicationContext.xml}', classes = '{}', contextInitializerClasses = '[]', activeProfiles = '{}', propertySourceLocations = '{}', propertySourceProperties = '{}', contextCustomizers = set[[empty]], contextLoader = 'org.springframework.test.context.support.DelegatingSmartContextLoader', parent = [null]]].
14:28:32.610 [main] DEBUG o.s.core.env.StandardEnvironment - Adding PropertySource 'systemProperties' with lowest search precedence
14:28:32.610 [main] DEBUG o.s.core.env.StandardEnvironment - Adding PropertySource 'systemEnvironment' with lowest search precedence
14:28:32.611 [main] DEBUG o.s.core.env.StandardEnvironment - Initialized StandardEnvironment with PropertySources [MapPropertySource@927327686 {name='systemProperties', properties={java.runtime.name=Java(TM) SE Runtime Environment, sun.boot.library.path=C:\Program Files\Java\jdk1.8.0_77\jre\bin, java.vm.version=25.77-b03, java.vm.vendor=Oracle Corporation, java.vendor.url=http://java.oracle.com/, path.separator=;, java.vm.name=Java HotSpot(TM) 64-Bit Server VM, file.encoding.pkg=sun.io, user.country=CN, user.script=, sun.java.launcher=SUN_STANDARD, sun.os.patch.level=, java.vm.specification.name=Java Virtual Machine Specification, user.dir=D:\eclipse-workspace2\SpringMyBatisDemo, java.runtime.version=1.8.0_77-b03, java.awt.graphicsenv=sun.awt.Win32GraphicsEnvironment, java.endorsed.dirs=C:\Program Files\Java\jdk1.8.0_77\jre\lib\endorsed, os.arch=amd64, java.io.tmpdir=C:\WINDOWS\TEMP\, line.separator=
, java.vm.specification.vendor=Oracle Corporation, user.variant=, os.name=Windows 10, sun.jnu.encoding=GBK, java.library.path=C:\Program Files\Java\jdk1.8.0_77\jre\bin;C:\WINDOWS\Sun\Java\bin;C:\WINDOWS\system32;C:\WINDOWS;C:\Program Files\Java\jdk1.8.0_77/bin;C:\Program Files\Java\jdk1.8.0_77/bin;D:\apache-ant-1.10.5/bin;C:\Program Files\Java\jdk1.8.0_77/bin;C:\ProgramData\Oracle\Java\javapath;C:\Program Files\Java\jdk1.8.0_77\bin;C:\Program Files (x86)\Intel\Intel(R) Management Engine Components\iCLS\;C:\Program Files\Intel\Intel(R) Management Engine Components\iCLS\;C:\WINDOWS\system32;C:\WINDOWS;C:\WINDOWS\System32\Wbem;C:\WINDOWS\System32\WindowsPowerShell\v1.0\;C:\Program Files (x86)\Intel\Intel(R) Management Engine Components\DAL;C:\Program Files\Intel\Intel(R) Management Engine Components\DAL;C:\Program Files (x86)\Intel\Intel(R) Management Engine Components\IPT;C:\Program Files\Intel\Intel(R) Management Engine Components\IPT;C:\Program Files\Git\cmd;C:\WINDOWS\System32\OpenSSH\;C:\Program Files\Microsoft\Web Platform Installer\;C:\Program Files (x86)\Microsoft ASP.NET\ASP.NET Web Pages\v1.0\;C:\Program Files (x86)\Windows Kits\8.0\Windows Performance Toolkit\;C:\Program Files (x86)\Microsoft SQL Server\110\Tools\Binn\;C:\Program Files\Microsoft SQL Server\110\Tools\Binn\;C:\Program Files\Microsoft SQL Server\110\DTS\Binn\;C:\Program Files (x86)\Microsoft SQL Server\110\Tools\Binn\ManagementStudio\;C:\Program Files (x86)\Microsoft SQL Server\110\DTS\Binn\;C:\Program Files\nodejs\;D:\apache-maven-3.5.4\bin;C:\WINDOWS\system32\config\systemprofile\AppData\Local\Microsoft\WindowsApps;., java.specification.name=Java Platform API Specification, java.class.version=52.0, sun.management.compiler=HotSpot 64-Bit Tiered Compilers, os.version=10.0, user.home=C:\WINDOWS\system32\config\systemprofile, user.timezone=Asia/Shanghai, java.awt.printerjob=sun.awt.windows.WPrinterJob, file.encoding=GBK, java.specification.version=1.8, java.class.path=D:\eclipse-workspace2\SpringMyBatisDemo\build\instrumented;D:\eclipse-workspace2\SpringMyBatisDemo\build\classes;D:\eclipse-workspace2\SpringMyBatisDemo\cobertura\cobertura-2.1.1-javadoc.jar;D:\eclipse-workspace2\SpringMyBatisDemo\cobertura\cobertura-2.1.1-sources.jar;D:\eclipse-workspace2\SpringMyBatisDemo\cobertura\cobertura-2.1.1.jar;D:\eclipse-workspace2\SpringMyBatisDemo\cobertura\lib\asm-5.0.1.jar;D:\eclipse-workspace2\SpringMyBatisDemo\cobertura\lib\asm-analysis-5.0.1.jar;D:\eclipse-workspace2\SpringMyBatisDemo\cobertura\lib\asm-commons-5.0.1.jar;D:\eclipse-workspace2\SpringMyBatisDemo\cobertura\lib\asm-tree-5.0.1.jar;D:\eclipse-workspace2\SpringMyBatisDemo\cobertura\lib\asm-util-5.0.1.jar;D:\eclipse-workspace2\SpringMyBatisDemo\cobertura\lib\commons-lang3-3.3.2.jar;D:\eclipse-workspace2\SpringMyBatisDemo\cobertura\lib\hamcrest-core-1.3.jar;D:\eclipse-workspace2\SpringMyBatisDemo\cobertura\lib\jaxen-1.1.4.jar;D:\eclipse-workspace2\SpringMyBatisDemo\cobertura\lib\jetty-6.1.14.jar;D:\eclipse-workspace2\SpringMyBatisDemo\cobertura\lib\jetty-util-6.1.14.jar;D:\eclipse-workspace2\SpringMyBatisDemo\cobertura\lib\junit-4.11.jar;D:\eclipse-workspace2\SpringMyBatisDemo\cobertura\lib\logback-classic-1.0.13.jar;D:\eclipse-workspace2\SpringMyBatisDemo\cobertura\lib\logback-core-1.0.13.jar;D:\eclipse-workspace2\SpringMyBatisDemo\cobertura\lib\oro-2.0.8.jar;D:\eclipse-workspace2\SpringMyBatisDemo\cobertura\lib\servlet-api-2.5-6.1.14.jar;D:\eclipse-workspace2\SpringMyBatisDemo\cobertura\lib\slf4j-api-1.7.5.jar;D:\eclipse-workspace2\SpringMyBatisDemo\webapp\WEB-INF\lib\aopalliance-1.0.jar;D:\eclipse-workspace2\SpringMyBatisDemo\webapp\WEB-INF\lib\c3p0-0.9.5.2.jar;D:\eclipse-workspace2\SpringMyBatisDemo\webapp\WEB-INF\lib\classmate-1.3.4.jar;D:\eclipse-workspace2\SpringMyBatisDemo\webapp\WEB-INF\lib\commons-beanutils-1.8.0.jar;D:\eclipse-workspace2\SpringMyBatisDemo\webapp\WEB-INF\lib\commons-collections-3.2.jar;D:\eclipse-workspace2\SpringMyBatisDemo\webapp\WEB-INF\lib\commons-digester-2.0.jar;D:\eclipse-workspace2\SpringMyBatisDemo\webapp\WEB-INF\lib\commons-io-2.5.jar;D:\eclipse-workspace2\SpringMyBatisDemo\webapp\WEB-INF\lib\commons-lang-2.4.jar;D:\eclipse-workspace2\SpringMyBatisDemo\webapp\WEB-INF\lib\commons-logging-1.2.jar;D:\eclipse-workspace2\SpringMyBatisDemo\webapp\WEB-INF\lib\commons-pool2-2.3.jar;D:\eclipse-workspace2\SpringMyBatisDemo\webapp\WEB-INF\lib\hamcrest-core-1.3.jar;D:\eclipse-workspace2\SpringMyBatisDemo\webapp\WEB-INF\lib\hibernate-validator-6.0.12.Final.jar;D:\eclipse-workspace2\SpringMyBatisDemo\webapp\WEB-INF\lib\jackson-annotations-2.5.0.jar;D:\eclipse-workspace2\SpringMyBatisDemo\webapp\WEB-INF\lib\jackson-core-2.5.4.jar;D:\eclipse-workspace2\SpringMyBatisDemo\webapp\WEB-INF\lib\jackson-databind-2.5.4.jar;D:\eclipse-workspace2\SpringMyBatisDemo\webapp\WEB-INF\lib\javax.servlet-api-3.1.0.jar;D:\eclipse-workspace2\SpringMyBatisDemo\webapp\WEB-INF\lib\jboss-logging-3.3.2.Final.jar;D:\eclipse-workspace2\SpringMyBatisDemo\webapp\WEB-INF\lib\jcl-over-slf4j-1.7.6.jar;D:\eclipse-workspace2\SpringMyBatisDemo\webapp\WEB-INF\lib\jedis-2.7.3.jar;D:\eclipse-workspace2\SpringMyBatisDemo\webapp\WEB-INF\lib\jstl-1.2.jar;D:\eclipse-workspace2\SpringMyBatisDemo\webapp\WEB-INF\lib\logback-classic-1.1.1.jar;D:\eclipse-workspace2\SpringMyBatisDemo\webapp\WEB-INF\lib\logback-core-1.1.1.jar;D:\eclipse-workspace2\SpringMyBatisDemo\webapp\WEB-INF\lib\mchange-commons-java-0.2.11.jar;D:\eclipse-workspace2\SpringMyBatisDemo\webapp\WEB-INF\lib\mssql-jdbc-6.2.2.jre8.jar;D:\eclipse-workspace2\SpringMyBatisDemo\webapp\WEB-INF\lib\mybatis-3.4.6.jar;D:\eclipse-workspace2\SpringMyBatisDemo\webapp\WEB-INF\lib\mybatis-spring-1.3.2.jar;D:\eclipse-workspace2\SpringMyBatisDemo\webapp\WEB-INF\lib\protostuff-api-1.0.8.jar;D:\eclipse-workspace2\SpringMyBatisDemo\webapp\WEB-INF\lib\protostuff-collectionschema-1.0.8.jar;D:\eclipse-workspace2\SpringMyBatisDemo\webapp\WEB-INF\lib\protostuff-core-1.0.8.jar;D:\eclipse-workspace2\SpringMyBatisDemo\webapp\WEB-INF\lib\protostuff-runtime-1.0.8.jar;D:\eclipse-workspace2\SpringMyBatisDemo\webapp\WEB-INF\lib\slf4j-api-1.7.6.jar;D:\eclipse-workspace2\SpringMyBatisDemo\webapp\WEB-INF\lib\spring-aop-4.3.20.RELEASE.jar;D:\eclipse-workspace2\SpringMyBatisDemo\webapp\WEB-INF\lib\spring-aspects-4.3.20.RELEASE.jar;D:\eclipse-workspace2\SpringMyBatisDemo\webapp\WEB-INF\lib\spring-beans-4.3.20.RELEASE.jar;D:\eclipse-workspace2\SpringMyBatisDemo\webapp\WEB-INF\lib\spring-context-4.3.20.RELEASE.jar;D:\eclipse-workspace2\SpringMyBatisDemo\webapp\WEB-INF\lib\spring-core-4.3.20.RELEASE.jar;D:\eclipse-workspace2\SpringMyBatisDemo\webapp\WEB-INF\lib\spring-expression-4.3.20.RELEASE.jar;D:\eclipse-workspace2\SpringMyBatisDemo\webapp\WEB-INF\lib\spring-instrument-4.3.20.RELEASE.jar;D:\eclipse-workspace2\SpringMyBatisDemo\webapp\WEB-INF\lib\spring-jdbc-4.3.20.RELEASE.jar;D:\eclipse-workspace2\SpringMyBatisDemo\webapp\WEB-INF\lib\spring-tx-4.3.20.RELEASE.jar;D:\eclipse-workspace2\SpringMyBatisDemo\webapp\WEB-INF\lib\spring-web-4.3.20.RELEASE.jar;D:\eclipse-workspace2\SpringMyBatisDemo\webapp\WEB-INF\lib\spring-webmvc-4.3.20.RELEASE.jar;D:\eclipse-workspace2\SpringMyBatisDemo\webapp\WEB-INF\lib\standard-1.1.2.jar;D:\eclipse-workspace2\SpringMyBatisDemo\webapp\WEB-INF\lib\tiles-api-3.0.8.jar;D:\eclipse-workspace2\SpringMyBatisDemo\webapp\WEB-INF\lib\tiles-autotag-core-runtime-1.2.jar;D:\eclipse-workspace2\SpringMyBatisDemo\webapp\WEB-INF\lib\tiles-core-3.0.8.jar;D:\eclipse-workspace2\SpringMyBatisDemo\webapp\WEB-INF\lib\tiles-jsp-3.0.8.jar;D:\eclipse-workspace2\SpringMyBatisDemo\webapp\WEB-INF\lib\tiles-request-api-1.0.7.jar;D:\eclipse-workspace2\SpringMyBatisDemo\webapp\WEB-INF\lib\tiles-request-jsp-1.0.7.jar;D:\eclipse-workspace2\SpringMyBatisDemo\webapp\WEB-INF\lib\tiles-request-servlet-1.0.7.jar;D:\eclipse-workspace2\SpringMyBatisDemo\webapp\WEB-INF\lib\tiles-servlet-3.0.8.jar;D:\eclipse-workspace2\SpringMyBatisDemo\webapp\WEB-INF\lib\tiles-template-3.0.8.jar;D:\eclipse-workspace2\SpringMyBatisDemo\webapp\WEB-INF\lib\validation-api-2.0.1.Final.jar;D:\eclipse-workspace2\SpringMyBatisDemo\lib\test\byte-buddy-1.7.11.jar;D:\eclipse-workspace2\SpringMyBatisDemo\lib\test\dbunit-2.5.4.jar;D:\eclipse-workspace2\SpringMyBatisDemo\lib\test\h2-1.4.196.jar;D:\eclipse-workspace2\SpringMyBatisDemo\lib\test\junit-4.12.jar;D:\eclipse-workspace2\SpringMyBatisDemo\lib\test\mockito-core-2.3.3.jar;D:\eclipse-workspace2\SpringMyBatisDemo\lib\test\objenesis-2.6.jar;D:\eclipse-workspace2\SpringMyBatisDemo\lib\test\poi-3.11-20141221.jar;D:\eclipse-workspace2\SpringMyBatisDemo\lib\test\poi-ooxml-3.11-20141221.jar;D:\eclipse-workspace2\SpringMyBatisDemo\lib\test\poi-ooxml-schemas-3.11-20141221.jar;D:\eclipse-workspace2\SpringMyBatisDemo\lib\test\spring-test-4.3.20.RELEASE.jar;D:\eclipse-workspace2\SpringMyBatisDemo\lib\test\xmlbeans-2.6.0.jar;D:\apache-ant-1.10.5\lib\ant-launcher.jar;D:\apache-ant-1.10.5\lib\ant.jar;D:\apache-ant-1.10.5\lib\ant-junit.jar;D:\apache-ant-1.10.5\lib\ant-junit4.jar, user.name=S2D-LIXL-PC$, java.vm.specification.version=1.8, sun.java.command=org.apache.tools.ant.taskdefs.optional.junit.JUnitTestRunner appname.bl.dao.BookDaoQueryAllTest skipNonTests=false filtertrace=true haltOnError=false haltOnFailure=false showoutput=false outputtoformatters=true logfailedtests=true threadid=0 logtestlistenerevents=false formatter=org.apache.tools.ant.taskdefs.optional.junit.XMLJUnitResultFormatter,D:\eclipse-workspace2\SpringMyBatisDemo\reports\junit-xml\TEST-appname.bl.dao.BookDaoQueryAllTest.xml crashfile=D:\eclipse-workspace2\SpringMyBatisDemo\junitvmwatcher4309912369449466321.properties propsfile=D:\eclipse-workspace2\SpringMyBatisDemo\junit4794650249231111733.properties, java.home=C:\Program Files\Java\jdk1.8.0_77\jre, sun.arch.data.model=64, user.language=zh, java.specification.vendor=Oracle Corporation, awt.toolkit=sun.awt.windows.WToolkit, java.vm.info=mixed mode, java.version=1.8.0_77, java.ext.dirs=C:\Program Files\Java\jdk1.8.0_77\jre\lib\ext;C:\WINDOWS\Sun\Java\lib\ext, sun.boot.class.path=C:\Program Files\Java\jdk1.8.0_77\jre\lib\resources.jar;C:\Program Files\Java\jdk1.8.0_77\jre\lib\rt.jar;C:\Program Files\Java\jdk1.8.0_77\jre\lib\sunrsasign.jar;C:\Program Files\Java\jdk1.8.0_77\jre\lib\jsse.jar;C:\Program Files\Java\jdk1.8.0_77\jre\lib\jce.jar;C:\Program Files\Java\jdk1.8.0_77\jre\lib\charsets.jar;C:\Program Files\Java\jdk1.8.0_77\jre\lib\jfr.jar;C:\Program Files\Java\jdk1.8.0_77\jre\classes, java.vendor=Oracle Corporation, file.separator=\, java.vendor.url.bug=http://bugreport.sun.com/bugreport/, sun.io.unicode.encoding=UnicodeLittle, sun.cpu.endian=little, sun.desktop=windows, sun.cpu.isalist=amd64}}, SystemEnvironmentPropertySource@1582071873 {name='systemEnvironment', properties={PROCESSOR_LEVEL=6, RUN_DISPLAY_URL=http://unconfigured-jenkins-location/job/SpringMybatisDemo/31/display/redirect, HUDSON_HOME=C:\Program Files (x86)\Jenkins, RUN_CHANGES_DISPLAY_URL=http://unconfigured-jenkins-location/job/SpringMybatisDemo/31/display/redirect?page=changes, WINSW_SERVICE_ID=Jenkins, HUDSON_COOKIE=c9115c60-7093-4b0d-bf36-3ab69ac95b5d, ALLUSERSPROFILE=C:\ProgramData, PROCESSOR_ARCHITECTURE=AMD64, PSModulePath=C:\Program Files\WindowsPowerShell\Modules;C:\WINDOWS\system32\WindowsPowerShell\v1.0\Modules;C:\Program Files (x86)\Microsoft SQL Server\110\Tools\PowerShell\Modules\, SystemDrive=C:, JENKINS_SERVER_COOKIE=90f5e365a96a8656, SERVICE_ID=Jenkins, USERNAME=S2D-LIXL-PC$, _JAVACMD=C:\Program Files\Java\jdk1.8.0_77\bin\java.exe, ProgramFiles(x86)=C:\Program Files (x86), BUILD_TAG=jenkins-SpringMybatisDemo-31, PATHEXT=.COM;.EXE;.BAT;.CMD;.VBS;.VBE;.JS;.JSE;.WSF;.WSH;.MSC, DriverData=C:\Windows\System32\Drivers\DriverData, JENKINS_HOME=C:\Program Files (x86)\Jenkins, ProgramData=C:\ProgramData, ProgramW6432=C:\Program Files, NODE_NAME=master, BUILD_DISPLAY_NAME=#31, ANT_CMD_LINE_ARGS= -file build.xml coverage, PROCESSOR_IDENTIFIER=Intel64 Family 6 Model 142 Stepping 10, GenuineIntel, JOB_DISPLAY_URL=http://unconfigured-jenkins-location/job/SpringMybatisDemo/display/redirect, WINSW_EXECUTABLE=C:\Program Files (x86)\Jenkins\jenkins.exe, ProgramFiles=C:\Program Files, PUBLIC=C:\Users\Public, windir=C:\WINDOWS, LOCALAPPDATA=C:\WINDOWS\system32\config\systemprofile\AppData\Local, USERDOMAIN=HYRON-JS, JAVA_HOME=C:\Program Files\Java\jdk1.8.0_77, PROMPT=$P$G, BUILD_ID=31, BASE=C:\Program Files (x86)\Jenkins, JOB_NAME=SpringMybatisDemo, ANT_HOME=D:\apache-ant-1.10.5, asl.log=Destination=file, OneDrive=C:\WINDOWS\system32\config\systemprofile\OneDrive, APPDATA=C:\WINDOWS\system32\config\systemprofile\AppData\Roaming, NODE_LABELS=master, WORKSPACE=D:\eclipse-workspace2\SpringMyBatisDemo, CommonProgramFiles=C:\Program Files\Common Files, Path=C:\Program Files\Java\jdk1.8.0_77/bin;C:\Program Files\Java\jdk1.8.0_77/bin;D:\apache-ant-1.10.5/bin;C:\Program Files\Java\jdk1.8.0_77/bin;C:\ProgramData\Oracle\Java\javapath;C:\Program Files\Java\jdk1.8.0_77\bin;C:\Program Files (x86)\Intel\Intel(R) Management Engine Components\iCLS\;C:\Program Files\Intel\Intel(R) Management Engine Components\iCLS\;C:\WINDOWS\system32;C:\WINDOWS;C:\WINDOWS\System32\Wbem;C:\WINDOWS\System32\WindowsPowerShell\v1.0\;C:\Program Files (x86)\Intel\Intel(R) Management Engine Components\DAL;C:\Program Files\Intel\Intel(R) Management Engine Components\DAL;C:\Program Files (x86)\Intel\Intel(R) Management Engine Components\IPT;C:\Program Files\Intel\Intel(R) Management Engine Components\IPT;C:\Program Files\Git\cmd;C:\WINDOWS\System32\OpenSSH\;C:\Program Files\Microsoft\Web Platform Installer\;C:\Program Files (x86)\Microsoft ASP.NET\ASP.NET Web Pages\v1.0\;C:\Program Files (x86)\Windows Kits\8.0\Windows Performance Toolkit\;C:\Program Files (x86)\Microsoft SQL Server\110\Tools\Binn\;C:\Program Files\Microsoft SQL Server\110\Tools\Binn\;C:\Program Files\Microsoft SQL Server\110\DTS\Binn\;C:\Program Files (x86)\Microsoft SQL Server\110\Tools\Binn\ManagementStudio\;C:\Program Files (x86)\Microsoft SQL Server\110\DTS\Binn\;C:\Program Files\nodejs\;D:\apache-maven-3.5.4\bin;C:\WINDOWS\system32\config\systemprofile\AppData\Local\Microsoft\WindowsApps, OS=Windows_NT, COMPUTERNAME=S2D-LIXL-PC, EXECUTOR_NUMBER=1, HUDSON_SERVER_COOKIE=90f5e365a96a8656, JOB_BASE_NAME=SpringMybatisDemo, PROCESSOR_REVISION=8e0a, CommonProgramW6432=C:\Program Files\Common Files, ComSpec=C:\WINDOWS\system32\cmd.exe, =D:=D:\eclipse-workspace2\SpringMyBatisDemo, BUILD_NUMBER=31, SystemRoot=C:\WINDOWS, TEMP=C:\WINDOWS\TEMP, USERPROFILE=C:\WINDOWS\system32\config\systemprofile, TMP=C:\WINDOWS\TEMP, VS110COMNTOOLS=C:\Program Files (x86)\Microsoft Visual Studio 11.0\Common7\Tools\, CommonProgramFiles(x86)=C:\Program Files (x86)\Common Files, NUMBER_OF_PROCESSORS=8, _USE_CLASSPATH=no}}]
14:28:32.611 [main] DEBUG o.s.core.env.StandardEnvironment - Activating profiles []
14:28:32.624 [main] INFO  o.s.b.f.xml.XmlBeanDefinitionReader - Loading XML bean definitions from class path resource [spring/daoTestApplicationContext.xml]
14:28:32.629 [main] DEBUG o.s.b.f.xml.DefaultDocumentLoader - Using JAXP provider [com.sun.org.apache.xerces.internal.jaxp.DocumentBuilderFactoryImpl]
14:28:32.687 [main] DEBUG o.s.b.f.xml.PluggableSchemaResolver - Loading schema mappings from [META-INF/spring.schemas]
14:28:32.690 [main] DEBUG o.s.b.f.xml.PluggableSchemaResolver - Loaded schema mappings: {http://www.springframework.org/schema/tx/spring-tx-4.3.xsd=org/springframework/transaction/config/spring-tx-4.3.xsd, http://www.springframework.org/schema/tx/spring-tx-2.5.xsd=org/springframework/transaction/config/spring-tx-2.5.xsd, http://www.springframework.org/schema/cache/spring-cache-4.2.xsd=org/springframework/cache/config/spring-cache-4.2.xsd, http://www.springframework.org/schema/aop/spring-aop-4.1.xsd=org/springframework/aop/config/spring-aop-4.1.xsd, http://www.springframework.org/schema/context/spring-context-3.1.xsd=org/springframework/context/config/spring-context-3.1.xsd, http://www.springframework.org/schema/jdbc/spring-jdbc-4.1.xsd=org/springframework/jdbc/config/spring-jdbc-4.1.xsd, http://www.springframework.org/schema/mvc/spring-mvc-4.1.xsd=org/springframework/web/servlet/config/spring-mvc-4.1.xsd, http://www.springframework.org/schema/util/spring-util-3.0.xsd=org/springframework/beans/factory/xml/spring-util-3.0.xsd, http://www.springframework.org/schema/tool/spring-tool.xsd=org/springframework/beans/factory/xml/spring-tool-4.3.xsd, http://www.springframework.org/schema/aop/spring-aop-3.2.xsd=org/springframework/aop/config/spring-aop-3.2.xsd, http://mybatis.org/schema/mybatis-spring-1.2.xsd=org/mybatis/spring/config/mybatis-spring-1.2.xsd, http://www.springframework.org/schema/lang/spring-lang-4.1.xsd=org/springframework/scripting/config/spring-lang-4.1.xsd, http://www.springframework.org/schema/context/spring-context-4.0.xsd=org/springframework/context/config/spring-context-4.0.xsd, http://www.springframework.org/schema/mvc/spring-mvc-3.2.xsd=org/springframework/web/servlet/config/spring-mvc-3.2.xsd, http://www.springframework.org/schema/beans/spring-beans-4.2.xsd=org/springframework/beans/factory/xml/spring-beans-4.2.xsd, http://www.springframework.org/schema/tool/spring-tool-4.1.xsd=org/springframework/beans/factory/xml/spring-tool-4.1.xsd, http://www.springframework.org/schema/lang/spring-lang-3.2.xsd=org/springframework/scripting/config/spring-lang-3.2.xsd, http://www.springframework.org/schema/cache/spring-cache-3.2.xsd=org/springframework/cache/config/spring-cache-3.2.xsd, http://www.springframework.org/schema/jee/spring-jee-4.1.xsd=org/springframework/ejb/config/spring-jee-4.1.xsd, http://www.springframework.org/schema/jdbc/spring-jdbc-3.1.xsd=org/springframework/jdbc/config/spring-jdbc-3.1.xsd, http://www.springframework.org/schema/task/spring-task-4.2.xsd=org/springframework/scheduling/config/spring-task-4.2.xsd, http://www.springframework.org/schema/util/spring-util-2.0.xsd=org/springframework/beans/factory/xml/spring-util-2.0.xsd, http://www.springframework.org/schema/tool/spring-tool-3.2.xsd=org/springframework/beans/factory/xml/spring-tool-3.2.xsd, http://www.springframework.org/schema/context/spring-context.xsd=org/springframework/context/config/spring-context-4.3.xsd, http://www.springframework.org/schema/tx/spring-tx-4.2.xsd=org/springframework/transaction/config/spring-tx-4.2.xsd, http://www.springframework.org/schema/cache/spring-cache-4.1.xsd=org/springframework/cache/config/spring-cache-4.1.xsd, http://www.springframework.org/schema/aop/spring-aop-4.0.xsd=org/springframework/aop/config/spring-aop-4.0.xsd, http://www.springframework.org/schema/jee/spring-jee-3.2.xsd=org/springframework/ejb/config/spring-jee-3.2.xsd, http://www.springframework.org/schema/context/spring-context-3.0.xsd=org/springframework/context/config/spring-context-3.0.xsd, http://www.springframework.org/schema/jdbc/spring-jdbc-4.0.xsd=org/springframework/jdbc/config/spring-jdbc-4.0.xsd, http://www.springframework.org/schema/mvc/spring-mvc-4.0.xsd=org/springframework/web/servlet/config/spring-mvc-4.0.xsd, http://www.springframework.org/schema/util/spring-util-2.5.xsd=org/springframework/beans/factory/xml/spring-util-2.5.xsd, http://www.springframework.org/schema/util/spring-util-4.3.xsd=org/springframework/beans/factory/xml/spring-util-4.3.xsd, http://www.springframework.org/schema/beans/spring-beans-3.2.xsd=org/springframework/beans/factory/xml/spring-beans-3.2.xsd, http://www.springframework.org/schema/aop/spring-aop-3.1.xsd=org/springframework/aop/config/spring-aop-3.1.xsd, http://www.springframework.org/schema/lang/spring-lang-4.0.xsd=org/springframework/scripting/config/spring-lang-4.0.xsd, http://www.springframework.org/schema/mvc/spring-mvc.xsd=org/springframework/web/servlet/config/spring-mvc-4.3.xsd, http://www.springframework.org/schema/mvc/spring-mvc-3.1.xsd=org/springframework/web/servlet/config/spring-mvc-3.1.xsd, http://www.springframework.org/schema/beans/spring-beans-4.1.xsd=org/springframework/beans/factory/xml/spring-beans-4.1.xsd, http://www.springframework.org/schema/tool/spring-tool-4.0.xsd=org/springframework/beans/factory/xml/spring-tool-4.0.xsd, http://www.springframework.org/schema/tx/spring-tx-3.2.xsd=org/springframework/transaction/config/spring-tx-3.2.xsd, http://www.springframework.org/schema/lang/spring-lang-3.1.xsd=org/springframework/scripting/config/spring-lang-3.1.xsd, http://www.springframework.org/schema/cache/spring-cache-3.1.xsd=org/springframework/cache/config/spring-cache-3.1.xsd, http://www.springframework.org/schema/jee/spring-jee-4.0.xsd=org/springframework/ejb/config/spring-jee-4.0.xsd, http://www.springframework.org/schema/jdbc/spring-jdbc-3.0.xsd=org/springframework/jdbc/config/spring-jdbc-3.0.xsd, http://www.springframework.org/schema/task/spring-task-4.1.xsd=org/springframework/scheduling/config/spring-task-4.1.xsd, http://www.springframework.org/schema/jdbc/spring-jdbc.xsd=org/springframework/jdbc/config/spring-jdbc-4.3.xsd, http://www.springframework.org/schema/tool/spring-tool-3.1.xsd=org/springframework/beans/factory/xml/spring-tool-3.1.xsd, http://www.springframework.org/schema/tx/spring-tx-4.1.xsd=org/springframework/transaction/config/spring-tx-4.1.xsd, http://www.springframework.org/schema/cache/spring-cache-4.0.xsd=org/springframework/cache/config/spring-cache-4.0.xsd, http://www.springframework.org/schema/jee/spring-jee-3.1.xsd=org/springframework/ejb/config/spring-jee-3.1.xsd, http://www.springframework.org/schema/task/spring-task-3.2.xsd=org/springframework/scheduling/config/spring-task-3.2.xsd, http://www.springframework.org/schema/util/spring-util-4.2.xsd=org/springframework/beans/factory/xml/spring-util-4.2.xsd, http://www.springframework.org/schema/beans/spring-beans-3.1.xsd=org/springframework/beans/factory/xml/spring-beans-3.1.xsd, http://www.springframework.org/schema/util/spring-util.xsd=org/springframework/beans/factory/xml/spring-util-4.3.xsd, http://www.springframework.org/schema/aop/spring-aop-3.0.xsd=org/springframework/aop/config/spring-aop-3.0.xsd, http://www.springframework.org/schema/mvc/spring-mvc-3.0.xsd=org/springframework/web/servlet/config/spring-mvc-3.0.xsd, http://www.springframework.org/schema/beans/spring-beans-4.0.xsd=org/springframework/beans/factory/xml/spring-beans-4.0.xsd, http://www.springframework.org/schema/beans/spring-beans.xsd=org/springframework/beans/factory/xml/spring-beans-4.3.xsd, http://www.springframework.org/schema/tx/spring-tx-3.1.xsd=org/springframework/transaction/config/spring-tx-3.1.xsd, http://www.springframework.org/schema/lang/spring-lang-3.0.xsd=org/springframework/scripting/config/spring-lang-3.0.xsd, http://mybatis.org/schema/mybatis-spring.xsd=org/mybatis/spring/config/mybatis-spring-1.2.xsd, http://www.springframework.org/schema/context/spring-context-2.5.xsd=org/springframework/context/config/spring-context-2.5.xsd, http://www.springframework.org/schema/context/spring-context-4.3.xsd=org/springframework/context/config/spring-context-4.3.xsd, http://www.springframework.org/schema/task/spring-task-4.0.xsd=org/springframework/scheduling/config/spring-task-4.0.xsd, http://www.springframework.org/schema/tool/spring-tool-3.0.xsd=org/springframework/beans/factory/xml/spring-tool-3.0.xsd, http://www.springframework.org/schema/tx/spring-tx-4.0.xsd=org/springframework/transaction/config/spring-tx-4.0.xsd, http://www.springframework.org/schema/aop/spring-aop-2.0.xsd=org/springframework/aop/config/spring-aop-2.0.xsd, http://www.springframework.org/schema/jee/spring-jee-3.0.xsd=org/springframework/ejb/config/spring-jee-3.0.xsd, http://www.springframework.org/schema/task/spring-task-3.1.xsd=org/springframework/scheduling/config/spring-task-3.1.xsd, http://www.springframework.org/schema/util/spring-util-4.1.xsd=org/springframework/beans/factory/xml/spring-util-4.1.xsd, http://www.springframework.org/schema/beans/spring-beans-3.0.xsd=org/springframework/beans/factory/xml/spring-beans-3.0.xsd, http://www.springframework.org/schema/jee/spring-jee.xsd=org/springframework/ejb/config/spring-jee-4.3.xsd, http://www.springframework.org/schema/aop/spring-aop-2.5.xsd=org/springframework/aop/config/spring-aop-2.5.xsd, http://www.springframework.org/schema/aop/spring-aop-4.3.xsd=org/springframework/aop/config/spring-aop-4.3.xsd, http://www.springframework.org/schema/lang/spring-lang-2.0.xsd=org/springframework/scripting/config/spring-lang-2.0.xsd, http://www.springframework.org/schema/jdbc/spring-jdbc-4.3.xsd=org/springframework/jdbc/config/spring-jdbc-4.3.xsd, http://www.springframework.org/schema/mvc/spring-mvc-4.3.xsd=org/springframework/web/servlet/config/spring-mvc-4.3.xsd, http://www.springframework.org/schema/util/spring-util-3.2.xsd=org/springframework/beans/factory/xml/spring-util-3.2.xsd, http://www.springframework.org/schema/task/spring-task.xsd=org/springframework/scheduling/config/spring-task-4.3.xsd, http://www.springframework.org/schema/tool/spring-tool-2.0.xsd=org/springframework/beans/factory/xml/spring-tool-2.0.xsd, http://www.springframework.org/schema/tx/spring-tx-3.0.xsd=org/springframework/transaction/config/spring-tx-3.0.xsd, http://www.springframework.org/schema/lang/spring-lang-2.5.xsd=org/springframework/scripting/config/spring-lang-2.5.xsd, http://www.springframework.org/schema/lang/spring-lang-4.3.xsd=org/springframework/scripting/config/spring-lang-4.3.xsd, http://www.springframework.org/schema/context/spring-context-4.2.xsd=org/springframework/context/config/spring-context-4.2.xsd, http://www.springframework.org/schema/jee/spring-jee-2.0.xsd=org/springframework/ejb/config/spring-jee-2.0.xsd, http://www.springframework.org/schema/tool/spring-tool-4.3.xsd=org/springframework/beans/factory/xml/spring-tool-4.3.xsd, http://www.springframework.org/schema/tool/spring-tool-2.5.xsd=org/springframework/beans/factory/xml/spring-tool-2.5.xsd, http://www.springframework.org/schema/jee/spring-jee-4.3.xsd=org/springframework/ejb/config/spring-jee-4.3.xsd, http://www.springframework.org/schema/jee/spring-jee-2.5.xsd=org/springframework/ejb/config/spring-jee-2.5.xsd, http://www.springframework.org/schema/task/spring-task-3.0.xsd=org/springframework/scheduling/config/spring-task-3.0.xsd, http://www.springframework.org/schema/util/spring-util-4.0.xsd=org/springframework/beans/factory/xml/spring-util-4.0.xsd, http://www.springframework.org/schema/cache/spring-cache-4.3.xsd=org/springframework/cache/config/spring-cache-4.3.xsd, http://www.springframework.org/schema/aop/spring-aop-4.2.xsd=org/springframework/aop/config/spring-aop-4.2.xsd, http://www.springframework.org/schema/lang/spring-lang.xsd=org/springframework/scripting/config/spring-lang-4.3.xsd, http://www.springframework.org/schema/context/spring-context-3.2.xsd=org/springframework/context/config/spring-context-3.2.xsd, http://www.springframework.org/schema/jdbc/spring-jdbc-4.2.xsd=org/springframework/jdbc/config/spring-jdbc-4.2.xsd, http://www.springframework.org/schema/mvc/spring-mvc-4.2.xsd=org/springframework/web/servlet/config/spring-mvc-4.2.xsd, http://www.springframework.org/schema/util/spring-util-3.1.xsd=org/springframework/beans/factory/xml/spring-util-3.1.xsd, http://www.springframework.org/schema/beans/spring-beans-2.0.xsd=org/springframework/beans/factory/xml/spring-beans-2.0.xsd, http://www.springframework.org/schema/cache/spring-cache.xsd=org/springframework/cache/config/spring-cache-4.3.xsd, http://www.springframework.org/schema/tx/spring-tx.xsd=org/springframework/transaction/config/spring-tx-4.3.xsd, http://www.springframework.org/schema/lang/spring-lang-4.2.xsd=org/springframework/scripting/config/spring-lang-4.2.xsd, http://www.springframework.org/schema/context/spring-context-4.1.xsd=org/springframework/context/config/spring-context-4.1.xsd, http://www.springframework.org/schema/beans/spring-beans-2.5.xsd=org/springframework/beans/factory/xml/spring-beans-2.5.xsd, http://www.springframework.org/schema/beans/spring-beans-4.3.xsd=org/springframework/beans/factory/xml/spring-beans-4.3.xsd, http://www.springframework.org/schema/tool/spring-tool-4.2.xsd=org/springframework/beans/factory/xml/spring-tool-4.2.xsd, http://www.springframework.org/schema/tx/spring-tx-2.0.xsd=org/springframework/transaction/config/spring-tx-2.0.xsd, http://www.springframework.org/schema/jee/spring-jee-4.2.xsd=org/springframework/ejb/config/spring-jee-4.2.xsd, http://www.springframework.org/schema/jdbc/spring-jdbc-3.2.xsd=org/springframework/jdbc/config/spring-jdbc-3.2.xsd, http://www.springframework.org/schema/task/spring-task-4.3.xsd=org/springframework/scheduling/config/spring-task-4.3.xsd, http://www.springframework.org/schema/aop/spring-aop.xsd=org/springframework/aop/config/spring-aop-4.3.xsd}
14:28:32.691 [main] DEBUG o.s.b.f.xml.PluggableSchemaResolver - Found XML schema [http://www.springframework.org/schema/beans/spring-beans.xsd] in classpath: org/springframework/beans/factory/xml/spring-beans-4.3.xsd
14:28:32.749 [main] DEBUG o.s.b.f.xml.PluggableSchemaResolver - Found XML schema [http://www.springframework.org/schema/context/spring-context.xsd] in classpath: org/springframework/context/config/spring-context-4.3.xsd
14:28:32.763 [main] DEBUG o.s.b.f.xml.PluggableSchemaResolver - Found XML schema [http://www.springframework.org/schema/tool/spring-tool-4.3.xsd] in classpath: org/springframework/beans/factory/xml/spring-tool-4.3.xsd
14:28:32.771 [main] DEBUG o.s.b.f.xml.PluggableSchemaResolver - Found XML schema [http://www.springframework.org/schema/tx/spring-tx-4.3.xsd] in classpath: org/springframework/transaction/config/spring-tx-4.3.xsd
14:28:32.777 [main] DEBUG o.s.b.f.x.DefaultBeanDefinitionDocumentReader - Loading bean definitions
14:28:32.788 [main] DEBUG o.s.b.f.x.DefaultNamespaceHandlerResolver - Loading NamespaceHandler mappings from [META-INF/spring.handlers]
14:28:32.790 [main] DEBUG o.s.b.f.x.DefaultNamespaceHandlerResolver - Loaded NamespaceHandler mappings: {http://www.springframework.org/schema/p=org.springframework.beans.factory.xml.SimplePropertyNamespaceHandler, http://www.springframework.org/schema/mvc=org.springframework.web.servlet.config.MvcNamespaceHandler, http://www.springframework.org/schema/util=org.springframework.beans.factory.xml.UtilNamespaceHandler, http://www.springframework.org/schema/jee=org.springframework.ejb.config.JeeNamespaceHandler, http://www.springframework.org/schema/aop=org.springframework.aop.config.AopNamespaceHandler, http://www.springframework.org/schema/jdbc=org.springframework.jdbc.config.JdbcNamespaceHandler, http://www.springframework.org/schema/cache=org.springframework.cache.config.CacheNamespaceHandler, http://mybatis.org/schema/mybatis-spring=org.mybatis.spring.config.NamespaceHandler, http://www.springframework.org/schema/c=org.springframework.beans.factory.xml.SimpleConstructorNamespaceHandler, http://www.springframework.org/schema/tx=org.springframework.transaction.config.TxNamespaceHandler, http://www.springframework.org/schema/task=org.springframework.scheduling.config.TaskNamespaceHandler, http://www.springframework.org/schema/lang=org.springframework.scripting.config.LangNamespaceHandler, http://www.springframework.org/schema/context=org.springframework.context.config.ContextNamespaceHandler}
14:28:32.807 [main] DEBUG o.s.b.f.x.BeanDefinitionParserDelegate - Neither XML 'id' nor 'name' specified - using generated bean name [org.mybatis.spring.mapper.MapperScannerConfigurer#0]
14:28:32.823 [main] DEBUG o.s.b.f.xml.XmlBeanDefinitionReader - Loaded 11 bean definitions from location pattern [classpath:/spring/daoTestApplicationContext.xml]
14:28:32.842 [main] INFO  o.s.c.s.GenericApplicationContext - Refreshing org.springframework.context.support.GenericApplicationContext@1b68b9a4: startup date [Fri Nov 02 14:28:32 CST 2018]; root of context hierarchy
14:28:32.842 [main] DEBUG o.s.c.s.GenericApplicationContext - Bean factory for org.springframework.context.support.GenericApplicationContext@1b68b9a4: org.springframework.beans.factory.support.DefaultListableBeanFactory@795cd85e: defining beans [org.springframework.context.support.PropertySourcesPlaceholderConfigurer#0,dataSource,sqlSessionFactory,org.mybatis.spring.mapper.MapperScannerConfigurer#0,transactionManager,org.springframework.transaction.config.internalTransactionalEventListenerFactory,org.springframework.aop.config.internalAutoProxyCreator,org.springframework.transaction.annotation.AnnotationTransactionAttributeSource#0,org.springframework.transaction.interceptor.TransactionInterceptor#0,org.springframework.transaction.config.internalTransactionAdvisor,dataSourceTest,org.springframework.context.annotation.internalConfigurationAnnotationProcessor,org.springframework.context.annotation.internalAutowiredAnnotationProcessor,org.springframework.context.annotation.internalRequiredAnnotationProcessor,org.springframework.context.annotation.internalCommonAnnotationProcessor,org.springframework.context.event.internalEventListenerProcessor,org.springframework.context.event.internalEventListenerFactory]; root of factory hierarchy
14:28:32.880 [main] DEBUG o.s.b.f.s.DefaultListableBeanFactory - Creating shared instance of singleton bean 'org.springframework.context.annotation.internalConfigurationAnnotationProcessor'
14:28:32.881 [main] DEBUG o.s.b.f.s.DefaultListableBeanFactory - Creating instance of bean 'org.springframework.context.annotation.internalConfigurationAnnotationProcessor'
14:28:32.909 [main] DEBUG o.s.b.f.s.DefaultListableBeanFactory - Eagerly caching bean 'org.springframework.context.annotation.internalConfigurationAnnotationProcessor' to allow for resolving potential circular references
14:28:32.911 [main] DEBUG o.s.b.f.s.DefaultListableBeanFactory - Finished creating instance of bean 'org.springframework.context.annotation.internalConfigurationAnnotationProcessor'
14:28:32.960 [main] DEBUG o.s.b.f.s.DefaultListableBeanFactory - Creating shared instance of singleton bean 'org.mybatis.spring.mapper.MapperScannerConfigurer#0'
14:28:32.960 [main] DEBUG o.s.b.f.s.DefaultListableBeanFactory - Creating instance of bean 'org.mybatis.spring.mapper.MapperScannerConfigurer#0'
14:28:32.960 [main] DEBUG o.s.b.f.s.DefaultListableBeanFactory - Eagerly caching bean 'org.mybatis.spring.mapper.MapperScannerConfigurer#0' to allow for resolving potential circular references
14:28:32.986 [main] DEBUG o.s.b.f.s.DefaultListableBeanFactory - Invoking afterPropertiesSet() on bean with name 'org.mybatis.spring.mapper.MapperScannerConfigurer#0'
14:28:32.986 [main] DEBUG o.s.b.f.s.DefaultListableBeanFactory - Finished creating instance of bean 'org.mybatis.spring.mapper.MapperScannerConfigurer#0'
14:28:32.989 [main] DEBUG o.s.core.env.StandardEnvironment - Adding PropertySource 'systemProperties' with lowest search precedence
14:28:32.989 [main] DEBUG o.s.core.env.StandardEnvironment - Adding PropertySource 'systemEnvironment' with lowest search precedence
14:28:32.989 [main] DEBUG o.s.core.env.StandardEnvironment - Initialized StandardEnvironment with PropertySources [MapPropertySource@1062635358 {name='systemProperties', properties={java.runtime.name=Java(TM) SE Runtime Environment, sun.boot.library.path=C:\Program Files\Java\jdk1.8.0_77\jre\bin, java.vm.version=25.77-b03, java.vm.vendor=Oracle Corporation, java.vendor.url=http://java.oracle.com/, path.separator=;, java.vm.name=Java HotSpot(TM) 64-Bit Server VM, file.encoding.pkg=sun.io, user.country=CN, user.script=, sun.java.launcher=SUN_STANDARD, sun.os.patch.level=, java.vm.specification.name=Java Virtual Machine Specification, user.dir=D:\eclipse-workspace2\SpringMyBatisDemo, java.runtime.version=1.8.0_77-b03, java.awt.graphicsenv=sun.awt.Win32GraphicsEnvironment, java.endorsed.dirs=C:\Program Files\Java\jdk1.8.0_77\jre\lib\endorsed, os.arch=amd64, java.io.tmpdir=C:\WINDOWS\TEMP\, line.separator=
, java.vm.specification.vendor=Oracle Corporation, user.variant=, os.name=Windows 10, sun.jnu.encoding=GBK, java.library.path=C:\Program Files\Java\jdk1.8.0_77\jre\bin;C:\WINDOWS\Sun\Java\bin;C:\WINDOWS\system32;C:\WINDOWS;C:\Program Files\Java\jdk1.8.0_77/bin;C:\Program Files\Java\jdk1.8.0_77/bin;D:\apache-ant-1.10.5/bin;C:\Program Files\Java\jdk1.8.0_77/bin;C:\ProgramData\Oracle\Java\javapath;C:\Program Files\Java\jdk1.8.0_77\bin;C:\Program Files (x86)\Intel\Intel(R) Management Engine Components\iCLS\;C:\Program Files\Intel\Intel(R) Management Engine Components\iCLS\;C:\WINDOWS\system32;C:\WINDOWS;C:\WINDOWS\System32\Wbem;C:\WINDOWS\System32\WindowsPowerShell\v1.0\;C:\Program Files (x86)\Intel\Intel(R) Management Engine Components\DAL;C:\Program Files\Intel\Intel(R) Management Engine Components\DAL;C:\Program Files (x86)\Intel\Intel(R) Management Engine Components\IPT;C:\Program Files\Intel\Intel(R) Management Engine Components\IPT;C:\Program Files\Git\cmd;C:\WINDOWS\System32\OpenSSH\;C:\Program Files\Microsoft\Web Platform Installer\;C:\Program Files (x86)\Microsoft ASP.NET\ASP.NET Web Pages\v1.0\;C:\Program Files (x86)\Windows Kits\8.0\Windows Performance Toolkit\;C:\Program Files (x86)\Microsoft SQL Server\110\Tools\Binn\;C:\Program Files\Microsoft SQL Server\110\Tools\Binn\;C:\Program Files\Microsoft SQL Server\110\DTS\Binn\;C:\Program Files (x86)\Microsoft SQL Server\110\Tools\Binn\ManagementStudio\;C:\Program Files (x86)\Microsoft SQL Server\110\DTS\Binn\;C:\Program Files\nodejs\;D:\apache-maven-3.5.4\bin;C:\WINDOWS\system32\config\systemprofile\AppData\Local\Microsoft\WindowsApps;., java.specification.name=Java Platform API Specification, java.class.version=52.0, sun.management.compiler=HotSpot 64-Bit Tiered Compilers, os.version=10.0, user.home=C:\WINDOWS\system32\config\systemprofile, user.timezone=Asia/Shanghai, java.awt.printerjob=sun.awt.windows.WPrinterJob, file.encoding=GBK, java.specification.version=1.8, java.class.path=D:\eclipse-workspace2\SpringMyBatisDemo\build\instrumented;D:\eclipse-workspace2\SpringMyBatisDemo\build\classes;D:\eclipse-workspace2\SpringMyBatisDemo\cobertura\cobertura-2.1.1-javadoc.jar;D:\eclipse-workspace2\SpringMyBatisDemo\cobertura\cobertura-2.1.1-sources.jar;D:\eclipse-workspace2\SpringMyBatisDemo\cobertura\cobertura-2.1.1.jar;D:\eclipse-workspace2\SpringMyBatisDemo\cobertura\lib\asm-5.0.1.jar;D:\eclipse-workspace2\SpringMyBatisDemo\cobertura\lib\asm-analysis-5.0.1.jar;D:\eclipse-workspace2\SpringMyBatisDemo\cobertura\lib\asm-commons-5.0.1.jar;D:\eclipse-workspace2\SpringMyBatisDemo\cobertura\lib\asm-tree-5.0.1.jar;D:\eclipse-workspace2\SpringMyBatisDemo\cobertura\lib\asm-util-5.0.1.jar;D:\eclipse-workspace2\SpringMyBatisDemo\cobertura\lib\commons-lang3-3.3.2.jar;D:\eclipse-workspace2\SpringMyBatisDemo\cobertura\lib\hamcrest-core-1.3.jar;D:\eclipse-workspace2\SpringMyBatisDemo\cobertura\lib\jaxen-1.1.4.jar;D:\eclipse-workspace2\SpringMyBatisDemo\cobertura\lib\jetty-6.1.14.jar;D:\eclipse-workspace2\SpringMyBatisDemo\cobertura\lib\jetty-util-6.1.14.jar;D:\eclipse-workspace2\SpringMyBatisDemo\cobertura\lib\junit-4.11.jar;D:\eclipse-workspace2\SpringMyBatisDemo\cobertura\lib\logback-classic-1.0.13.jar;D:\eclipse-workspace2\SpringMyBatisDemo\cobertura\lib\logback-core-1.0.13.jar;D:\eclipse-workspace2\SpringMyBatisDemo\cobertura\lib\oro-2.0.8.jar;D:\eclipse-workspace2\SpringMyBatisDemo\cobertura\lib\servlet-api-2.5-6.1.14.jar;D:\eclipse-workspace2\SpringMyBatisDemo\cobertura\lib\slf4j-api-1.7.5.jar;D:\eclipse-workspace2\SpringMyBatisDemo\webapp\WEB-INF\lib\aopalliance-1.0.jar;D:\eclipse-workspace2\SpringMyBatisDemo\webapp\WEB-INF\lib\c3p0-0.9.5.2.jar;D:\eclipse-workspace2\SpringMyBatisDemo\webapp\WEB-INF\lib\classmate-1.3.4.jar;D:\eclipse-workspace2\SpringMyBatisDemo\webapp\WEB-INF\lib\commons-beanutils-1.8.0.jar;D:\eclipse-workspace2\SpringMyBatisDemo\webapp\WEB-INF\lib\commons-collections-3.2.jar;D:\eclipse-workspace2\SpringMyBatisDemo\webapp\WEB-INF\lib\commons-digester-2.0.jar;D:\eclipse-workspace2\SpringMyBatisDemo\webapp\WEB-INF\lib\commons-io-2.5.jar;D:\eclipse-workspace2\SpringMyBatisDemo\webapp\WEB-INF\lib\commons-lang-2.4.jar;D:\eclipse-workspace2\SpringMyBatisDemo\webapp\WEB-INF\lib\commons-logging-1.2.jar;D:\eclipse-workspace2\SpringMyBatisDemo\webapp\WEB-INF\lib\commons-pool2-2.3.jar;D:\eclipse-workspace2\SpringMyBatisDemo\webapp\WEB-INF\lib\hamcrest-core-1.3.jar;D:\eclipse-workspace2\SpringMyBatisDemo\webapp\WEB-INF\lib\hibernate-validator-6.0.12.Final.jar;D:\eclipse-workspace2\SpringMyBatisDemo\webapp\WEB-INF\lib\jackson-annotations-2.5.0.jar;D:\eclipse-workspace2\SpringMyBatisDemo\webapp\WEB-INF\lib\jackson-core-2.5.4.jar;D:\eclipse-workspace2\SpringMyBatisDemo\webapp\WEB-INF\lib\jackson-databind-2.5.4.jar;D:\eclipse-workspace2\SpringMyBatisDemo\webapp\WEB-INF\lib\javax.servlet-api-3.1.0.jar;D:\eclipse-workspace2\SpringMyBatisDemo\webapp\WEB-INF\lib\jboss-logging-3.3.2.Final.jar;D:\eclipse-workspace2\SpringMyBatisDemo\webapp\WEB-INF\lib\jcl-over-slf4j-1.7.6.jar;D:\eclipse-workspace2\SpringMyBatisDemo\webapp\WEB-INF\lib\jedis-2.7.3.jar;D:\eclipse-workspace2\SpringMyBatisDemo\webapp\WEB-INF\lib\jstl-1.2.jar;D:\eclipse-workspace2\SpringMyBatisDemo\webapp\WEB-INF\lib\logback-classic-1.1.1.jar;D:\eclipse-workspace2\SpringMyBatisDemo\webapp\WEB-INF\lib\logback-core-1.1.1.jar;D:\eclipse-workspace2\SpringMyBatisDemo\webapp\WEB-INF\lib\mchange-commons-java-0.2.11.jar;D:\eclipse-workspace2\SpringMyBatisDemo\webapp\WEB-INF\lib\mssql-jdbc-6.2.2.jre8.jar;D:\eclipse-workspace2\SpringMyBatisDemo\webapp\WEB-INF\lib\mybatis-3.4.6.jar;D:\eclipse-workspace2\SpringMyBatisDemo\webapp\WEB-INF\lib\mybatis-spring-1.3.2.jar;D:\eclipse-workspace2\SpringMyBatisDemo\webapp\WEB-INF\lib\protostuff-api-1.0.8.jar;D:\eclipse-workspace2\SpringMyBatisDemo\webapp\WEB-INF\lib\protostuff-collectionschema-1.0.8.jar;D:\eclipse-workspace2\SpringMyBatisDemo\webapp\WEB-INF\lib\protostuff-core-1.0.8.jar;D:\eclipse-workspace2\SpringMyBatisDemo\webapp\WEB-INF\lib\protostuff-runtime-1.0.8.jar;D:\eclipse-workspace2\SpringMyBatisDemo\webapp\WEB-INF\lib\slf4j-api-1.7.6.jar;D:\eclipse-workspace2\SpringMyBatisDemo\webapp\WEB-INF\lib\spring-aop-4.3.20.RELEASE.jar;D:\eclipse-workspace2\SpringMyBatisDemo\webapp\WEB-INF\lib\spring-aspects-4.3.20.RELEASE.jar;D:\eclipse-workspace2\SpringMyBatisDemo\webapp\WEB-INF\lib\spring-beans-4.3.20.RELEASE.jar;D:\eclipse-workspace2\SpringMyBatisDemo\webapp\WEB-INF\lib\spring-context-4.3.20.RELEASE.jar;D:\eclipse-workspace2\SpringMyBatisDemo\webapp\WEB-INF\lib\spring-core-4.3.20.RELEASE.jar;D:\eclipse-workspace2\SpringMyBatisDemo\webapp\WEB-INF\lib\spring-expression-4.3.20.RELEASE.jar;D:\eclipse-workspace2\SpringMyBatisDemo\webapp\WEB-INF\lib\spring-instrument-4.3.20.RELEASE.jar;D:\eclipse-workspace2\SpringMyBatisDemo\webapp\WEB-INF\lib\spring-jdbc-4.3.20.RELEASE.jar;D:\eclipse-workspace2\SpringMyBatisDemo\webapp\WEB-INF\lib\spring-tx-4.3.20.RELEASE.jar;D:\eclipse-workspace2\SpringMyBatisDemo\webapp\WEB-INF\lib\spring-web-4.3.20.RELEASE.jar;D:\eclipse-workspace2\SpringMyBatisDemo\webapp\WEB-INF\lib\spring-webmvc-4.3.20.RELEASE.jar;D:\eclipse-workspace2\SpringMyBatisDemo\webapp\WEB-INF\lib\standard-1.1.2.jar;D:\eclipse-workspace2\SpringMyBatisDemo\webapp\WEB-INF\lib\tiles-api-3.0.8.jar;D:\eclipse-workspace2\SpringMyBatisDemo\webapp\WEB-INF\lib\tiles-autotag-core-runtime-1.2.jar;D:\eclipse-workspace2\SpringMyBatisDemo\webapp\WEB-INF\lib\tiles-core-3.0.8.jar;D:\eclipse-workspace2\SpringMyBatisDemo\webapp\WEB-INF\lib\tiles-jsp-3.0.8.jar;D:\eclipse-workspace2\SpringMyBatisDemo\webapp\WEB-INF\lib\tiles-request-api-1.0.7.jar;D:\eclipse-workspace2\SpringMyBatisDemo\webapp\WEB-INF\lib\tiles-request-jsp-1.0.7.jar;D:\eclipse-workspace2\SpringMyBatisDemo\webapp\WEB-INF\lib\tiles-request-servlet-1.0.7.jar;D:\eclipse-workspace2\SpringMyBatisDemo\webapp\WEB-INF\lib\tiles-servlet-3.0.8.jar;D:\eclipse-workspace2\SpringMyBatisDemo\webapp\WEB-INF\lib\tiles-template-3.0.8.jar;D:\eclipse-workspace2\SpringMyBatisDemo\webapp\WEB-INF\lib\validation-api-2.0.1.Final.jar;D:\eclipse-workspace2\SpringMyBatisDemo\lib\test\byte-buddy-1.7.11.jar;D:\eclipse-workspace2\SpringMyBatisDemo\lib\test\dbunit-2.5.4.jar;D:\eclipse-workspace2\SpringMyBatisDemo\lib\test\h2-1.4.196.jar;D:\eclipse-workspace2\SpringMyBatisDemo\lib\test\junit-4.12.jar;D:\eclipse-workspace2\SpringMyBatisDemo\lib\test\mockito-core-2.3.3.jar;D:\eclipse-workspace2\SpringMyBatisDemo\lib\test\objenesis-2.6.jar;D:\eclipse-workspace2\SpringMyBatisDemo\lib\test\poi-3.11-20141221.jar;D:\eclipse-workspace2\SpringMyBatisDemo\lib\test\poi-ooxml-3.11-20141221.jar;D:\eclipse-workspace2\SpringMyBatisDemo\lib\test\poi-ooxml-schemas-3.11-20141221.jar;D:\eclipse-workspace2\SpringMyBatisDemo\lib\test\spring-test-4.3.20.RELEASE.jar;D:\eclipse-workspace2\SpringMyBatisDemo\lib\test\xmlbeans-2.6.0.jar;D:\apache-ant-1.10.5\lib\ant-launcher.jar;D:\apache-ant-1.10.5\lib\ant.jar;D:\apache-ant-1.10.5\lib\ant-junit.jar;D:\apache-ant-1.10.5\lib\ant-junit4.jar, user.name=S2D-LIXL-PC$, java.vm.specification.version=1.8, sun.java.command=org.apache.tools.ant.taskdefs.optional.junit.JUnitTestRunner appname.bl.dao.BookDaoQueryAllTest skipNonTests=false filtertrace=true haltOnError=false haltOnFailure=false showoutput=false outputtoformatters=true logfailedtests=true threadid=0 logtestlistenerevents=false formatter=org.apache.tools.ant.taskdefs.optional.junit.XMLJUnitResultFormatter,D:\eclipse-workspace2\SpringMyBatisDemo\reports\junit-xml\TEST-appname.bl.dao.BookDaoQueryAllTest.xml crashfile=D:\eclipse-workspace2\SpringMyBatisDemo\junitvmwatcher4309912369449466321.properties propsfile=D:\eclipse-workspace2\SpringMyBatisDemo\junit4794650249231111733.properties, java.home=C:\Program Files\Java\jdk1.8.0_77\jre, sun.arch.data.model=64, user.language=zh, java.specification.vendor=Oracle Corporation, awt.toolkit=sun.awt.windows.WToolkit, java.vm.info=mixed mode, java.version=1.8.0_77, java.ext.dirs=C:\Program Files\Java\jdk1.8.0_77\jre\lib\ext;C:\WINDOWS\Sun\Java\lib\ext, sun.boot.class.path=C:\Program Files\Java\jdk1.8.0_77\jre\lib\resources.jar;C:\Program Files\Java\jdk1.8.0_77\jre\lib\rt.jar;C:\Program Files\Java\jdk1.8.0_77\jre\lib\sunrsasign.jar;C:\Program Files\Java\jdk1.8.0_77\jre\lib\jsse.jar;C:\Program Files\Java\jdk1.8.0_77\jre\lib\jce.jar;C:\Program Files\Java\jdk1.8.0_77\jre\lib\charsets.jar;C:\Program Files\Java\jdk1.8.0_77\jre\lib\jfr.jar;C:\Program Files\Java\jdk1.8.0_77\jre\classes, java.vendor=Oracle Corporation, file.separator=\, java.vendor.url.bug=http://bugreport.sun.com/bugreport/, sun.io.unicode.encoding=UnicodeLittle, sun.cpu.endian=little, sun.desktop=windows, sun.cpu.isalist=amd64}}, SystemEnvironmentPropertySource@726379593 {name='systemEnvironment', properties={PROCESSOR_LEVEL=6, RUN_DISPLAY_URL=http://unconfigured-jenkins-location/job/SpringMybatisDemo/31/display/redirect, HUDSON_HOME=C:\Program Files (x86)\Jenkins, RUN_CHANGES_DISPLAY_URL=http://unconfigured-jenkins-location/job/SpringMybatisDemo/31/display/redirect?page=changes, WINSW_SERVICE_ID=Jenkins, HUDSON_COOKIE=c9115c60-7093-4b0d-bf36-3ab69ac95b5d, ALLUSERSPROFILE=C:\ProgramData, PROCESSOR_ARCHITECTURE=AMD64, PSModulePath=C:\Program Files\WindowsPowerShell\Modules;C:\WINDOWS\system32\WindowsPowerShell\v1.0\Modules;C:\Program Files (x86)\Microsoft SQL Server\110\Tools\PowerShell\Modules\, SystemDrive=C:, JENKINS_SERVER_COOKIE=90f5e365a96a8656, SERVICE_ID=Jenkins, USERNAME=S2D-LIXL-PC$, _JAVACMD=C:\Program Files\Java\jdk1.8.0_77\bin\java.exe, ProgramFiles(x86)=C:\Program Files (x86), BUILD_TAG=jenkins-SpringMybatisDemo-31, PATHEXT=.COM;.EXE;.BAT;.CMD;.VBS;.VBE;.JS;.JSE;.WSF;.WSH;.MSC, DriverData=C:\Windows\System32\Drivers\DriverData, JENKINS_HOME=C:\Program Files (x86)\Jenkins, ProgramData=C:\ProgramData, ProgramW6432=C:\Program Files, NODE_NAME=master, BUILD_DISPLAY_NAME=#31, ANT_CMD_LINE_ARGS= -file build.xml coverage, PROCESSOR_IDENTIFIER=Intel64 Family 6 Model 142 Stepping 10, GenuineIntel, JOB_DISPLAY_URL=http://unconfigured-jenkins-location/job/SpringMybatisDemo/display/redirect, WINSW_EXECUTABLE=C:\Program Files (x86)\Jenkins\jenkins.exe, ProgramFiles=C:\Program Files, PUBLIC=C:\Users\Public, windir=C:\WINDOWS, LOCALAPPDATA=C:\WINDOWS\system32\config\systemprofile\AppData\Local, USERDOMAIN=HYRON-JS, JAVA_HOME=C:\Program Files\Java\jdk1.8.0_77, PROMPT=$P$G, BUILD_ID=31, BASE=C:\Program Files (x86)\Jenkins, JOB_NAME=SpringMybatisDemo, ANT_HOME=D:\apache-ant-1.10.5, asl.log=Destination=file, OneDrive=C:\WINDOWS\system32\config\systemprofile\OneDrive, APPDATA=C:\WINDOWS\system32\config\systemprofile\AppData\Roaming, NODE_LABELS=master, WORKSPACE=D:\eclipse-workspace2\SpringMyBatisDemo, CommonProgramFiles=C:\Program Files\Common Files, Path=C:\Program Files\Java\jdk1.8.0_77/bin;C:\Program Files\Java\jdk1.8.0_77/bin;D:\apache-ant-1.10.5/bin;C:\Program Files\Java\jdk1.8.0_77/bin;C:\ProgramData\Oracle\Java\javapath;C:\Program Files\Java\jdk1.8.0_77\bin;C:\Program Files (x86)\Intel\Intel(R) Management Engine Components\iCLS\;C:\Program Files\Intel\Intel(R) Management Engine Components\iCLS\;C:\WINDOWS\system32;C:\WINDOWS;C:\WINDOWS\System32\Wbem;C:\WINDOWS\System32\WindowsPowerShell\v1.0\;C:\Program Files (x86)\Intel\Intel(R) Management Engine Components\DAL;C:\Program Files\Intel\Intel(R) Management Engine Components\DAL;C:\Program Files (x86)\Intel\Intel(R) Management Engine Components\IPT;C:\Program Files\Intel\Intel(R) Management Engine Components\IPT;C:\Program Files\Git\cmd;C:\WINDOWS\System32\OpenSSH\;C:\Program Files\Microsoft\Web Platform Installer\;C:\Program Files (x86)\Microsoft ASP.NET\ASP.NET Web Pages\v1.0\;C:\Program Files (x86)\Windows Kits\8.0\Windows Performance Toolkit\;C:\Program Files (x86)\Microsoft SQL Server\110\Tools\Binn\;C:\Program Files\Microsoft SQL Server\110\Tools\Binn\;C:\Program Files\Microsoft SQL Server\110\DTS\Binn\;C:\Program Files (x86)\Microsoft SQL Server\110\Tools\Binn\ManagementStudio\;C:\Program Files (x86)\Microsoft SQL Server\110\DTS\Binn\;C:\Program Files\nodejs\;D:\apache-maven-3.5.4\bin;C:\WINDOWS\system32\config\systemprofile\AppData\Local\Microsoft\WindowsApps, OS=Windows_NT, COMPUTERNAME=S2D-LIXL-PC, EXECUTOR_NUMBER=1, HUDSON_SERVER_COOKIE=90f5e365a96a8656, JOB_BASE_NAME=SpringMybatisDemo, PROCESSOR_REVISION=8e0a, CommonProgramW6432=C:\Program Files\Common Files, ComSpec=C:\WINDOWS\system32\cmd.exe, =D:=D:\eclipse-workspace2\SpringMyBatisDemo, BUILD_NUMBER=31, SystemRoot=C:\WINDOWS, TEMP=C:\WINDOWS\TEMP, USERPROFILE=C:\WINDOWS\system32\config\systemprofile, TMP=C:\WINDOWS\TEMP, VS110COMNTOOLS=C:\Program Files (x86)\Microsoft Visual Studio 11.0\Common7\Tools\, CommonProgramFiles(x86)=C:\Program Files (x86)\Common Files, NUMBER_OF_PROCESSORS=8, _USE_CLASSPATH=no}}]
14:28:32.992 [main] DEBUG o.s.c.i.s.PathMatchingResourcePatternResolver - Resolved classpath location [appname/bl/dao/] to resources [URL [file:/D:/eclipse-workspace2/SpringMyBatisDemo/build/classes/appname/bl/dao/]]
14:28:32.993 [main] DEBUG o.s.c.i.s.PathMatchingResourcePatternResolver - Looking for matching resources in directory tree [D:\eclipse-workspace2\SpringMyBatisDemo\build\classes\appname\bl\dao]
14:28:32.993 [main] DEBUG o.s.c.i.s.PathMatchingResourcePatternResolver - Searching directory [D:\eclipse-workspace2\SpringMyBatisDemo\build\classes\appname\bl\dao] for files matching pattern [D:/eclipse-workspace2/SpringMyBatisDemo/build/classes/appname/bl/dao/**/*.class]
14:28:32.995 [main] DEBUG o.s.c.i.s.PathMatchingResourcePatternResolver - Searching directory [D:\eclipse-workspace2\SpringMyBatisDemo\build\classes\appname\bl\dao\base] for files matching pattern [D:/eclipse-workspace2/SpringMyBatisDemo/build/classes/appname/bl/dao/**/*.class]
14:28:32.996 [main] DEBUG o.s.c.i.s.PathMatchingResourcePatternResolver - Resolved location pattern [classpath*:appname/bl/dao/**/*.class] to resources [file [D:\eclipse-workspace2\SpringMyBatisDemo\build\classes\appname\bl\dao\base\SanshoDaoTestHelper$1.class], file [D:\eclipse-workspace2\SpringMyBatisDemo\build\classes\appname\bl\dao\base\SanshoDaoTestHelper.class], file [D:\eclipse-workspace2\SpringMyBatisDemo\build\classes\appname\bl\dao\BookDao.class], file [D:\eclipse-workspace2\SpringMyBatisDemo\build\classes\appname\bl\dao\BookDaoQueryAllTest.class]]
14:28:32.997 [main] DEBUG o.m.s.mapper.ClassPathMapperScanner - Ignored because not a concrete top-level class: file [D:\eclipse-workspace2\SpringMyBatisDemo\build\classes\appname\bl\dao\base\SanshoDaoTestHelper$1.class]
14:28:32.999 [main] DEBUG o.m.s.mapper.ClassPathMapperScanner - Ignored because not a concrete top-level class: file [D:\eclipse-workspace2\SpringMyBatisDemo\build\classes\appname\bl\dao\base\SanshoDaoTestHelper.class]
14:28:32.999 [main] DEBUG o.m.s.mapper.ClassPathMapperScanner - Identified candidate component class: file [D:\eclipse-workspace2\SpringMyBatisDemo\build\classes\appname\bl\dao\BookDao.class]
14:28:32.999 [main] DEBUG o.m.s.mapper.ClassPathMapperScanner - Ignored because not a concrete top-level class: file [D:\eclipse-workspace2\SpringMyBatisDemo\build\classes\appname\bl\dao\BookDaoQueryAllTest.class]
14:28:33.001 [main] DEBUG o.m.s.mapper.ClassPathMapperScanner - Creating MapperFactoryBean with name 'bookDao' and 'appname.bl.dao.BookDao' mapperInterface
14:28:33.002 [main] DEBUG o.s.b.f.s.DefaultListableBeanFactory - Creating shared instance of singleton bean 'org.springframework.context.support.PropertySourcesPlaceholderConfigurer#0'
14:28:33.002 [main] DEBUG o.s.b.f.s.DefaultListableBeanFactory - Creating instance of bean 'org.springframework.context.support.PropertySourcesPlaceholderConfigurer#0'
14:28:33.002 [main] DEBUG o.s.b.f.s.DefaultListableBeanFactory - Eagerly caching bean 'org.springframework.context.support.PropertySourcesPlaceholderConfigurer#0' to allow for resolving potential circular references
14:28:33.012 [main] DEBUG o.s.b.f.s.DefaultListableBeanFactory - Finished creating instance of bean 'org.springframework.context.support.PropertySourcesPlaceholderConfigurer#0'
14:28:33.012 [main] DEBUG o.s.core.env.MutablePropertySources - Adding PropertySource 'environmentProperties' with lowest search precedence
14:28:33.012 [main] DEBUG o.s.c.s.PropertySourcesPlaceholderConfigurer - Loading properties file from class path resource [jdbc-ut.properties]
14:28:33.012 [main] DEBUG o.s.core.env.MutablePropertySources - Adding PropertySource 'localProperties' with lowest search precedence
14:28:33.014 [main] DEBUG o.s.c.e.PropertySourcesPropertyResolver - Could not find key 'jdbc.driver' in any property source
14:28:33.014 [main] DEBUG o.s.c.e.PropertySourcesPropertyResolver - Found key 'jdbc.driver' in PropertySource 'localProperties' with value of type String
14:28:33.014 [main] DEBUG o.s.c.e.PropertySourcesPropertyResolver - Could not find key 'jdbc.url' in any property source
14:28:33.015 [main] DEBUG o.s.c.e.PropertySourcesPropertyResolver - Found key 'jdbc.url' in PropertySource 'localProperties' with value of type String
14:28:33.016 [main] DEBUG o.s.c.e.PropertySourcesPropertyResolver - Could not find key 'jdbc.username' in any property source
14:28:33.016 [main] DEBUG o.s.c.e.PropertySourcesPropertyResolver - Found key 'jdbc.username' in PropertySource 'localProperties' with value of type String
14:28:33.016 [main] DEBUG o.s.c.e.PropertySourcesPropertyResolver - Could not find key 'jdbc.password' in any property source
14:28:33.016 [main] DEBUG o.s.c.e.PropertySourcesPropertyResolver - Found key 'jdbc.password' in PropertySource 'localProperties' with value of type String
14:28:33.018 [main] DEBUG o.s.b.f.s.DefaultListableBeanFactory - Creating shared instance of singleton bean 'org.springframework.context.annotation.internalAutowiredAnnotationProcessor'
14:28:33.018 [main] DEBUG o.s.b.f.s.DefaultListableBeanFactory - Creating instance of bean 'org.springframework.context.annotation.internalAutowiredAnnotationProcessor'
14:28:33.019 [main] DEBUG o.s.b.f.s.DefaultListableBeanFactory - Eagerly caching bean 'org.springframework.context.annotation.internalAutowiredAnnotationProcessor' to allow for resolving potential circular references
14:28:33.035 [main] DEBUG o.s.b.f.s.DefaultListableBeanFactory - Finished creating instance of bean 'org.springframework.context.annotation.internalAutowiredAnnotationProcessor'
14:28:33.035 [main] DEBUG o.s.b.f.s.DefaultListableBeanFactory - Creating shared instance of singleton bean 'org.springframework.context.annotation.internalRequiredAnnotationProcessor'
14:28:33.035 [main] DEBUG o.s.b.f.s.DefaultListableBeanFactory - Creating instance of bean 'org.springframework.context.annotation.internalRequiredAnnotationProcessor'
14:28:33.035 [main] DEBUG o.s.b.f.s.DefaultListableBeanFactory - Eagerly caching bean 'org.springframework.context.annotation.internalRequiredAnnotationProcessor' to allow for resolving potential circular references
14:28:33.039 [main] DEBUG o.s.b.f.s.DefaultListableBeanFactory - Finished creating instance of bean 'org.springframework.context.annotation.internalRequiredAnnotationProcessor'
14:28:33.040 [main] DEBUG o.s.b.f.s.DefaultListableBeanFactory - Creating shared instance of singleton bean 'org.springframework.context.annotation.internalCommonAnnotationProcessor'
14:28:33.040 [main] DEBUG o.s.b.f.s.DefaultListableBeanFactory - Creating instance of bean 'org.springframework.context.annotation.internalCommonAnnotationProcessor'
14:28:33.044 [main] DEBUG o.s.b.f.s.DefaultListableBeanFactory - Eagerly caching bean 'org.springframework.context.annotation.internalCommonAnnotationProcessor' to allow for resolving potential circular references
14:28:33.050 [main] DEBUG o.s.b.f.s.DefaultListableBeanFactory - Finished creating instance of bean 'org.springframework.context.annotation.internalCommonAnnotationProcessor'
14:28:33.050 [main] DEBUG o.s.b.f.s.DefaultListableBeanFactory - Creating shared instance of singleton bean 'org.springframework.aop.config.internalAutoProxyCreator'
14:28:33.050 [main] DEBUG o.s.b.f.s.DefaultListableBeanFactory - Creating instance of bean 'org.springframework.aop.config.internalAutoProxyCreator'
14:28:33.060 [main] DEBUG o.s.b.f.s.DefaultListableBeanFactory - Eagerly caching bean 'org.springframework.aop.config.internalAutoProxyCreator' to allow for resolving potential circular references
14:28:33.070 [main] DEBUG o.s.b.f.s.DefaultListableBeanFactory - Finished creating instance of bean 'org.springframework.aop.config.internalAutoProxyCreator'
14:28:33.071 [main] DEBUG o.s.c.s.GenericApplicationContext - Unable to locate MessageSource with name 'messageSource': using default [org.springframework.context.support.DelegatingMessageSource@272ed83b]
14:28:33.074 [main] DEBUG o.s.c.s.GenericApplicationContext - Unable to locate ApplicationEventMulticaster with name 'applicationEventMulticaster': using default [org.springframework.context.event.SimpleApplicationEventMulticaster@b62d79]
14:28:33.075 [main] DEBUG o.s.b.f.s.DefaultListableBeanFactory - Pre-instantiating singletons in org.springframework.beans.factory.support.DefaultListableBeanFactory@795cd85e: defining beans [org.springframework.context.support.PropertySourcesPlaceholderConfigurer#0,dataSource,sqlSessionFactory,org.mybatis.spring.mapper.MapperScannerConfigurer#0,transactionManager,org.springframework.transaction.config.internalTransactionalEventListenerFactory,org.springframework.aop.config.internalAutoProxyCreator,org.springframework.transaction.annotation.AnnotationTransactionAttributeSource#0,org.springframework.transaction.interceptor.TransactionInterceptor#0,org.springframework.transaction.config.internalTransactionAdvisor,dataSourceTest,org.springframework.context.annotation.internalConfigurationAnnotationProcessor,org.springframework.context.annotation.internalAutowiredAnnotationProcessor,org.springframework.context.annotation.internalRequiredAnnotationProcessor,org.springframework.context.annotation.internalCommonAnnotationProcessor,org.springframework.context.event.internalEventListenerProcessor,org.springframework.context.event.internalEventListenerFactory,bookDao]; root of factory hierarchy
14:28:33.075 [main] DEBUG o.s.b.f.s.DefaultListableBeanFactory - Returning cached instance of singleton bean 'org.springframework.context.support.PropertySourcesPlaceholderConfigurer#0'
14:28:33.075 [main] DEBUG o.s.b.f.s.DefaultListableBeanFactory - Creating shared instance of singleton bean 'dataSource'
14:28:33.075 [main] DEBUG o.s.b.f.s.DefaultListableBeanFactory - Creating instance of bean 'dataSource'
14:28:33.077 [main] DEBUG o.s.b.f.s.DefaultListableBeanFactory - Eagerly caching bean 'dataSource' to allow for resolving potential circular references
14:28:33.201 [main] INFO  o.s.j.d.DriverManagerDataSource - Loaded JDBC driver: org.h2.Driver
14:28:33.202 [main] DEBUG o.s.b.f.s.DefaultListableBeanFactory - Creating shared instance of singleton bean 'org.springframework.transaction.config.internalTransactionAdvisor'
14:28:33.202 [main] DEBUG o.s.b.f.s.DefaultListableBeanFactory - Creating instance of bean 'org.springframework.transaction.config.internalTransactionAdvisor'
14:28:33.203 [main] DEBUG o.s.b.f.s.DefaultListableBeanFactory - Eagerly caching bean 'org.springframework.transaction.config.internalTransactionAdvisor' to allow for resolving potential circular references
14:28:33.209 [main] DEBUG o.s.b.f.s.DefaultListableBeanFactory - Creating shared instance of singleton bean 'org.springframework.transaction.annotation.AnnotationTransactionAttributeSource#0'
14:28:33.209 [main] DEBUG o.s.b.f.s.DefaultListableBeanFactory - Creating instance of bean 'org.springframework.transaction.annotation.AnnotationTransactionAttributeSource#0'
14:28:33.210 [main] DEBUG o.s.b.f.s.DefaultListableBeanFactory - Eagerly caching bean 'org.springframework.transaction.annotation.AnnotationTransactionAttributeSource#0' to allow for resolving potential circular references
14:28:33.212 [main] DEBUG o.s.a.f.a.BeanFactoryAdvisorRetrievalHelper - Skipping currently created advisor 'org.springframework.transaction.config.internalTransactionAdvisor'
14:28:33.213 [main] DEBUG o.s.b.f.s.DefaultListableBeanFactory - Finished creating instance of bean 'org.springframework.transaction.annotation.AnnotationTransactionAttributeSource#0'
14:28:33.215 [main] DEBUG o.s.b.f.s.DefaultListableBeanFactory - Finished creating instance of bean 'org.springframework.transaction.config.internalTransactionAdvisor'
14:28:33.217 [main] DEBUG o.s.b.f.s.DefaultListableBeanFactory - Finished creating instance of bean 'dataSource'
14:28:33.218 [main] DEBUG o.s.b.f.s.DefaultListableBeanFactory - Creating shared instance of singleton bean 'sqlSessionFactory'
14:28:33.218 [main] DEBUG o.s.b.f.s.DefaultListableBeanFactory - Creating instance of bean 'sqlSessionFactory'
14:28:33.229 [main] DEBUG org.apache.ibatis.logging.LogFactory - Logging initialized using 'class org.apache.ibatis.logging.slf4j.Slf4jImpl' adapter.
14:28:33.232 [main] DEBUG o.s.b.f.s.DefaultListableBeanFactory - Eagerly caching bean 'sqlSessionFactory' to allow for resolving potential circular references
14:28:33.240 [main] DEBUG o.s.b.f.s.DefaultListableBeanFactory - Returning cached instance of singleton bean 'dataSource'
14:28:33.240 [main] DEBUG o.s.c.i.s.PathMatchingResourcePatternResolver - Looking for matching resources in directory tree [D:\eclipse-workspace2\SpringMyBatisDemo\build\classes\mapper]
14:28:33.240 [main] DEBUG o.s.c.i.s.PathMatchingResourcePatternResolver - Searching directory [D:\eclipse-workspace2\SpringMyBatisDemo\build\classes\mapper] for files matching pattern [D:/eclipse-workspace2/SpringMyBatisDemo/build/classes/mapper/*.xml]
14:28:33.241 [main] DEBUG o.s.c.i.s.PathMatchingResourcePatternResolver - Resolved location pattern [classpath:mapper/*.xml] to resources [file [D:\eclipse-workspace2\SpringMyBatisDemo\build\classes\mapper\BookDao.xml]]
14:28:33.241 [main] DEBUG o.s.b.f.s.DefaultListableBeanFactory - Invoking afterPropertiesSet() on bean with name 'sqlSessionFactory'
14:28:33.318 [main] DEBUG org.apache.ibatis.io.VFS - Class not found: org.jboss.vfs.VFS
14:28:33.318 [main] DEBUG org.apache.ibatis.io.JBoss6VFS - JBoss 6 VFS API is not available in this environment.
14:28:33.319 [main] DEBUG org.apache.ibatis.io.VFS - Class not found: org.jboss.vfs.VirtualFile
14:28:33.320 [main] DEBUG org.apache.ibatis.io.VFS - VFS implementation org.apache.ibatis.io.JBoss6VFS is not valid in this environment.
14:28:33.320 [main] DEBUG org.apache.ibatis.io.VFS - Using VFS adapter org.apache.ibatis.io.DefaultVFS
14:28:33.321 [main] DEBUG org.apache.ibatis.io.DefaultVFS - Find JAR URL: file:/D:/eclipse-workspace2/SpringMyBatisDemo/build/instrumented/appname/bl/entity
14:28:33.322 [main] DEBUG org.apache.ibatis.io.DefaultVFS - Not a JAR: file:/D:/eclipse-workspace2/SpringMyBatisDemo/build/instrumented/appname/bl/entity
14:28:33.376 [main] DEBUG org.apache.ibatis.io.DefaultVFS - Reader entry: Book.class
14:28:33.376 [main] DEBUG org.apache.ibatis.io.DefaultVFS - Listing file:/D:/eclipse-workspace2/SpringMyBatisDemo/build/instrumented/appname/bl/entity
[...]
14:28:33.775 [main] DEBUG o.s.aop.framework.CglibAopProxy - Unable to apply any optimizations to advised method: protected org.dbunit.dataset.IDataSet appname.bl.dao.base.SanshoDaoTestHelper.getDataSet() throws java.lang.Exception
14:28:33.775 [main] DEBUG o.s.aop.framework.CglibAopProxy - Found 'equals' method: public boolean java.lang.Object.equals(java.lang.Object)
14:28:33.775 [main] DEBUG o.s.aop.framework.CglibAopProxy - Unable to apply any optimizations to advised method: public java.lang.String java.lang.Object.toString()
14:28:33.775 [main] DEBUG o.s.aop.framework.CglibAopProxy - Found 'hashCode' method: public native int java.lang.Object.hashCode()
14:28:33.775 [main] DEBUG o.s.aop.framework.CglibAopProxy - Unable to apply any optimizations to advised method: protected native java.lang.Object java.lang.Object.clone() throws java.lang.CloneNotSupportedException
14:28:33.775 [main] DEBUG o.s.aop.framework.CglibAopProxy - Method is declared on Advised interface: public abstract int org.springframework.aop.framework.Advised.indexOf(org.springframework.aop.Advisor)
14:28:33.775 [main] DEBUG o.s.aop.framework.CglibAopProxy - Method is declared on Advised interface: public abstract int org.springframework.aop.framework.Advised.indexOf(org.aopalliance.aop.Advice)
14:28:33.775 [main] DEBUG o.s.aop.framework.CglibAopProxy - Method is declared on Advised interface: public abstract boolean org.springframework.aop.framework.Advised.isFrozen()
14:28:33.775 [main] DEBUG o.s.aop.framework.CglibAopProxy - Method is declared on Advised interface: public abstract org.springframework.aop.Advisor[] org.springframework.aop.framework.Advised.getAdvisors()
14:28:33.775 [main] DEBUG o.s.aop.framework.CglibAopProxy - Method is declared on Advised interface: public abstract boolean org.springframework.aop.framework.Advised.removeAdvice(org.aopalliance.aop.Advice)
14:28:33.775 [main] DEBUG o.s.aop.framework.CglibAopProxy - Method is declared on Advised interface: public abstract boolean org.springframework.aop.framework.Advised.removeAdvisor(org.springframework.aop.Advisor)
14:28:33.775 [main] DEBUG o.s.aop.framework.CglibAopProxy - Method is declared on Advised interface: public abstract void org.springframework.aop.framework.Advised.removeAdvisor(int) throws org.springframework.aop.framework.AopConfigException
14:28:33.775 [main] DEBUG o.s.aop.framework.CglibAopProxy - Method is declared on Advised interface: public abstract boolean org.springframework.aop.framework.Advised.replaceAdvisor(org.springframework.aop.Advisor,org.springframework.aop.Advisor) throws org.springframework.aop.framework.AopConfigException
14:28:33.775 [main] DEBUG o.s.aop.framework.CglibAopProxy - Method is declared on Advised interface: public abstract void org.springframework.aop.framework.Advised.addAdvisor(org.springframework.aop.Advisor) throws org.springframework.aop.framework.AopConfigException
14:28:33.775 [main] DEBUG o.s.aop.framework.CglibAopProxy - Method is declared on Advised interface: public abstract void org.springframework.aop.framework.Advised.addAdvisor(int,org.springframework.aop.Advisor) throws org.springframework.aop.framework.AopConfigException
14:28:33.776 [main] DEBUG o.s.aop.framework.CglibAopProxy - Method is declared on Advised interface: public abstract boolean org.springframework.aop.framework.Advised.isPreFiltered()
14:28:33.776 [main] DEBUG o.s.aop.framework.CglibAopProxy - Method is declared on Advised interface: public abstract boolean org.springframework.aop.framework.Advised.isInterfaceProxied(java.lang.Class)
14:28:33.776 [main] DEBUG o.s.aop.framework.CglibAopProxy - Method is declared on Advised interface: public abstract java.lang.Class[] org.springframework.aop.framework.Advised.getProxiedInterfaces()
14:28:33.776 [main] DEBUG o.s.aop.framework.CglibAopProxy - Method is declared on Advised interface: public abstract java.lang.String org.springframework.aop.framework.Advised.toProxyConfigString()
14:28:33.776 [main] DEBUG o.s.aop.framework.CglibAopProxy - Method is declared on Advised interface: public abstract boolean org.springframework.aop.framework.Advised.isProxyTargetClass()
14:28:33.776 [main] DEBUG o.s.aop.framework.CglibAopProxy - Method is declared on Advised interface: public abstract org.springframework.aop.TargetSource org.springframework.aop.framework.Advised.getTargetSource()
14:28:33.776 [main] DEBUG o.s.aop.framework.CglibAopProxy - Method is declared on Advised interface: public abstract void org.springframework.aop.framework.Advised.setPreFiltered(boolean)
14:28:33.776 [main] DEBUG o.s.aop.framework.CglibAopProxy - Method is declared on Advised interface: public abstract void org.springframework.aop.framework.Advised.setTargetSource(org.springframework.aop.TargetSource)
14:28:33.776 [main] DEBUG o.s.aop.framework.CglibAopProxy - Method is declared on Advised interface: public abstract void org.springframework.aop.framework.Advised.setExposeProxy(boolean)
14:28:33.776 [main] DEBUG o.s.aop.framework.CglibAopProxy - Method is declared on Advised interface: public abstract boolean org.springframework.aop.framework.Advised.isExposeProxy()
14:28:33.776 [main] DEBUG o.s.aop.framework.CglibAopProxy - Method is declared on Advised interface: public abstract void org.springframework.aop.framework.Advised.addAdvice(int,org.aopalliance.aop.Advice) throws org.springframework.aop.framework.AopConfigException
14:28:33.776 [main] DEBUG o.s.aop.framework.CglibAopProxy - Method is declared on Advised interface: public abstract void org.springframework.aop.framework.Advised.addAdvice(org.aopalliance.aop.Advice) throws org.springframework.aop.framework.AopConfigException
14:28:33.776 [main] DEBUG o.s.aop.framework.CglibAopProxy - Method is declared on Advised interface: public abstract java.lang.Class org.springframework.aop.TargetClassAware.getTargetClass()
14:28:33.866 [main] DEBUG o.s.t.c.s.AbstractDirtiesContextTestExecutionListener - Before test method: context [DefaultTestContext@1445d7f testClass = BookDaoQueryAllTest, testInstance = appname.bl.dao.BookDaoQueryAllTest@64d7f7e0, testMethod = queryAll_test001@BookDaoQueryAllTest, testException = [null], mergedContextConfiguration = [MergedContextConfiguration@6a396c1e testClass = BookDaoQueryAllTest, locations = '{classpath:/spring/daoTestApplicationContext.xml}', classes = '{}', contextInitializerClasses = '[]', activeProfiles = '{}', propertySourceLocations = '{}', propertySourceProperties = '{}', contextCustomizers = set[[empty]], contextLoader = 'org.springframework.test.context.support.DelegatingSmartContextLoader', parent = [null]]], class annotated with @DirtiesContext [false] with mode [null], method annotated with @DirtiesContext [false] with mode [null].
14:28:33.867 [main] DEBUG o.s.t.a.AnnotationTransactionAttributeSource - Adding transactional method 'appname.bl.dao.BookDaoQueryAllTest.queryAll_test001' with attribute: PROPAGATION_REQUIRED,ISOLATION_DEFAULT
14:28:33.870 [main] DEBUG o.s.t.c.t.TransactionalTestExecutionListener - Explicit transaction definition [PROPAGATION_REQUIRED,ISOLATION_DEFAULT] found for test context [DefaultTestContext@1445d7f testClass = BookDaoQueryAllTest, testInstance = appname.bl.dao.BookDaoQueryAllTest@64d7f7e0, testMethod = queryAll_test001@BookDaoQueryAllTest, testException = [null], mergedContextConfiguration = [MergedContextConfiguration@6a396c1e testClass = BookDaoQueryAllTest, locations = '{classpath:/spring/daoTestApplicationContext.xml}', classes = '{}', contextInitializerClasses = '[]', activeProfiles = '{}', propertySourceLocations = '{}', propertySourceProperties = '{}', contextCustomizers = set[[empty]], contextLoader = 'org.springframework.test.context.support.DelegatingSmartContextLoader', parent = [null]]]
14:28:33.871 [main] DEBUG o.s.t.c.t.TransactionalTestExecutionListener - Retrieved @TransactionConfiguration [null] for test class [appname.bl.dao.BookDaoQueryAllTest].
14:28:33.871 [main] DEBUG o.s.t.c.t.TransactionalTestExecutionListener - Using TransactionConfigurationAttributes [TransactionConfigurationAttributes@5c2375a9 transactionManagerName = '', defaultRollback = true] for test class [appname.bl.dao.BookDaoQueryAllTest].
14:28:33.871 [main] DEBUG o.s.t.c.c.DefaultCacheAwareContextLoaderDelegate - Retrieved ApplicationContext from cache with key [[MergedContextConfiguration@6a396c1e testClass = BookDaoQueryAllTest, locations = '{classpath:/spring/daoTestApplicationContext.xml}', classes = '{}', contextInitializerClasses = '[]', activeProfiles = '{}', propertySourceLocations = '{}', propertySourceProperties = '{}', contextCustomizers = set[[empty]], contextLoader = 'org.springframework.test.context.support.DelegatingSmartContextLoader', parent = [null]]]
14:28:33.871 [main] DEBUG o.springframework.test.context.cache - Spring test ApplicationContext cache statistics: [DefaultContextCache@11d8ae8b size = 1, maxSize = 32, parentContextCount = 0, hitCount = 1, missCount = 1]
14:28:33.871 [main] DEBUG o.s.b.f.s.DefaultListableBeanFactory - Returning cached instance of singleton bean 'transactionManager'
14:28:33.874 [main] DEBUG o.s.t.c.t.TransactionalTestExecutionListener - Retrieved default @Rollback(true) for test class [appname.bl.dao.BookDaoQueryAllTest].
14:28:33.874 [main] DEBUG o.s.t.c.t.TransactionalTestExecutionListener - No method-level @Rollback override: using default rollback [true] for test context [DefaultTestContext@1445d7f testClass = BookDaoQueryAllTest, testInstance = appname.bl.dao.BookDaoQueryAllTest@64d7f7e0, testMethod = queryAll_test001@BookDaoQueryAllTest, testException = [null], mergedContextConfiguration = [MergedContextConfiguration@6a396c1e testClass = BookDaoQueryAllTest, locations = '{classpath:/spring/daoTestApplicationContext.xml}', classes = '{}', contextInitializerClasses = '[]', activeProfiles = '{}', propertySourceLocations = '{}', propertySourceProperties = '{}', contextCustomizers = set[[empty]], contextLoader = 'org.springframework.test.context.support.DelegatingSmartContextLoader', parent = [null]]].
14:28:33.879 [main] DEBUG o.s.j.d.DataSourceTransactionManager - Creating new transaction with name [appname.bl.dao.BookDaoQueryAllTest.queryAll_test001]: PROPAGATION_REQUIRED,ISOLATION_DEFAULT
14:28:33.879 [main] DEBUG o.s.j.d.DriverManagerDataSource - Creating new JDBC DriverManager Connection to [jdbc:h2:tcp://localhost/~/test;DB_CLOSE_DELAY=-1]
14:28:36.019 [main] WARN  o.s.test.context.TestContextManager - Caught exception while allowing TestExecutionListener [org.springframework.test.context.transaction.TransactionalTestExecutionListener@32a068d1] to process 'before' execution of test method [public void appname.bl.dao.BookDaoQueryAllTest.queryAll_test001()] for test instance [appname.bl.dao.BookDaoQueryAllTest@64d7f7e0]
org.springframework.transaction.CannotCreateTransactionException: Could not open JDBC Connection for transaction; nested exception is org.h2.jdbc.JdbcSQLException: Connection is broken: "java.net.ConnectException: Connection refused: connect: localhost" [90067-196]
	at org.springframework.jdbc.datasource.DataSourceTransactionManager.doBegin(DataSourceTransactionManager.java:289) ~[spring-jdbc-4.3.20.RELEASE.jar:4.3.20.RELEASE]
	at org.springframework.transaction.support.AbstractPlatformTransactionManager.getTransaction(AbstractPlatformTransactionManager.java:377) ~[spring-tx-4.3.20.RELEASE.jar:4.3.20.RELEASE]
	at org.springframework.test.context.transaction.TransactionContext.startTransaction(TransactionContext.java:102) ~[spring-test-4.3.20.RELEASE.jar:4.3.20.RELEASE]
	at org.springframework.test.context.transaction.TransactionalTestExecutionListener.beforeTestMethod(TransactionalTestExecutionListener.java:200) ~[spring-test-4.3.20.RELEASE.jar:4.3.20.RELEASE]
	at org.springframework.test.context.TestContextManager.beforeTestMethod(TestContextManager.java:269) ~[spring-test-4.3.20.RELEASE.jar:4.3.20.RELEASE]
	at org.springframework.test.context.junit4.statements.RunBeforeTestMethodCallbacks.evaluate(RunBeforeTestMethodCallbacks.java:74) [spring-test-4.3.20.RELEASE.jar:4.3.20.RELEASE]
	at org.springframework.test.context.junit4.statements.RunAfterTestMethodCallbacks.evaluate(RunAfterTestMethodCallbacks.java:86) [spring-test-4.3.20.RELEASE.jar:4.3.20.RELEASE]
	at org.junit.rules.TestWatcher$1.evaluate(TestWatcher.java:55) [junit-4.11.jar:na]
	at org.junit.rules.TestWatcher$1.evaluate(TestWatcher.java:55) [junit-4.11.jar:na]
	at org.junit.rules.RunRules.evaluate(RunRules.java:20) [junit-4.11.jar:na]
	at org.springframework.test.context.junit4.statements.SpringRepeat.evaluate(SpringRepeat.java:84) [spring-test-4.3.20.RELEASE.jar:4.3.20.RELEASE]
	at org.junit.runners.ParentRunner.runLeaf(ParentRunner.java:271) [junit-4.11.jar:na]
	at org.springframework.test.context.junit4.SpringJUnit4ClassRunner.runChild(SpringJUnit4ClassRunner.java:252) [spring-test-4.3.20.RELEASE.jar:4.3.20.RELEASE]
	at org.springframework.test.context.junit4.SpringJUnit4ClassRunner.runChild(SpringJUnit4ClassRunner.java:94) [spring-test-4.3.20.RELEASE.jar:4.3.20.RELEASE]
	at org.junit.runners.ParentRunner$3.run(ParentRunner.java:238) [junit-4.11.jar:na]
	at org.junit.runners.ParentRunner$1.schedule(ParentRunner.java:63) [junit-4.11.jar:na]
	at org.junit.runners.ParentRunner.runChildren(ParentRunner.java:236) [junit-4.11.jar:na]
	at org.junit.runners.ParentRunner.access$000(ParentRunner.java:53) [junit-4.11.jar:na]
	at org.junit.runners.ParentRunner$2.evaluate(ParentRunner.java:229) [junit-4.11.jar:na]
	at org.springframework.test.context.junit4.statements.RunBeforeTestClassCallbacks.evaluate(RunBeforeTestClassCallbacks.java:61) [spring-test-4.3.20.RELEASE.jar:4.3.20.RELEASE]
	at org.springframework.test.context.junit4.statements.RunAfterTestClassCallbacks.evaluate(RunAfterTestClassCallbacks.java:70) [spring-test-4.3.20.RELEASE.jar:4.3.20.RELEASE]
	at org.junit.runners.ParentRunner.run(ParentRunner.java:309) [junit-4.11.jar:na]
	at org.springframework.test.context.junit4.SpringJUnit4ClassRunner.run(SpringJUnit4ClassRunner.java:191) [spring-test-4.3.20.RELEASE.jar:4.3.20.RELEASE]
	at junit.framework.JUnit4TestAdapter.run(JUnit4TestAdapter.java:38) [junit-4.11.jar:na]
	at org.apache.tools.ant.taskdefs.optional.junit.JUnitTestRunner.run(JUnitTestRunner.java:534) [ant-junit.jar:na]
	at org.apache.tools.ant.taskdefs.optional.junit.JUnitTestRunner.launch(JUnitTestRunner.java:1196) [ant-junit.jar:na]
	at org.apache.tools.ant.taskdefs.optional.junit.JUnitTestRunner.main(JUnitTestRunner.java:1041) [ant-junit.jar:na]
Caused by: org.h2.jdbc.JdbcSQLException: Connection is broken: "java.net.ConnectException: Connection refused: connect: localhost" [90067-196]
	at org.h2.message.DbException.getJdbcSQLException(DbException.java:345) ~[h2-1.4.196.jar:1.4.196]
	at org.h2.message.DbException.get(DbException.java:168) ~[h2-1.4.196.jar:1.4.196]
	at org.h2.engine.SessionRemote.connectServer(SessionRemote.java:457) ~[h2-1.4.196.jar:1.4.196]
	at org.h2.engine.SessionRemote.connectEmbeddedOrServer(SessionRemote.java:334) ~[h2-1.4.196.jar:1.4.196]
	at org.h2.jdbc.JdbcConnection.<init>(JdbcConnection.java:116) ~[h2-1.4.196.jar:1.4.196]
	at org.h2.jdbc.JdbcConnection.<init>(JdbcConnection.java:100) ~[h2-1.4.196.jar:1.4.196]
	at org.h2.Driver.connect(Driver.java:69) ~[h2-1.4.196.jar:1.4.196]
	at java.sql.DriverManager.getConnection(DriverManager.java:664) ~[na:1.8.0_77]
	at java.sql.DriverManager.getConnection(DriverManager.java:208) ~[na:1.8.0_77]
	at org.springframework.jdbc.datasource.DriverManagerDataSource.getConnectionFromDriverManager(DriverManagerDataSource.java:153) ~[spring-jdbc-4.3.20.RELEASE.jar:4.3.20.RELEASE]
	at org.springframework.jdbc.datasource.DriverManagerDataSource.getConnectionFromDriver(DriverManagerDataSource.java:144) ~[spring-jdbc-4.3.20.RELEASE.jar:4.3.20.RELEASE]
	at org.springframework.jdbc.datasource.AbstractDriverBasedDataSource.getConnectionFromDriver(AbstractDriverBasedDataSource.java:196) ~[spring-jdbc-4.3.20.RELEASE.jar:4.3.20.RELEASE]
	at org.springframework.jdbc.datasource.AbstractDriverBasedDataSource.getConnection(AbstractDriverBasedDataSource.java:159) ~[spring-jdbc-4.3.20.RELEASE.jar:4.3.20.RELEASE]
	at org.springframework.jdbc.datasource.DataSourceTransactionManager.doBegin(DataSourceTransactionManager.java:246) ~[spring-jdbc-4.3.20.RELEASE.jar:4.3.20.RELEASE]
	... 26 common frames omitted
Caused by: java.net.ConnectException: Connection refused: connect
	at java.net.DualStackPlainSocketImpl.waitForConnect(Native Method) ~[na:1.8.0_77]
	at java.net.DualStackPlainSocketImpl.socketConnect(DualStackPlainSocketImpl.java:85) ~[na:1.8.0_77]
	at java.net.AbstractPlainSocketImpl.doConnect(AbstractPlainSocketImpl.java:350) ~[na:1.8.0_77]
	at java.net.AbstractPlainSocketImpl.connectToAddress(AbstractPlainSocketImpl.java:206) ~[na:1.8.0_77]
	at java.net.AbstractPlainSocketImpl.connect(AbstractPlainSocketImpl.java:188) ~[na:1.8.0_77]
	at java.net.PlainSocketImpl.connect(PlainSocketImpl.java:172) ~[na:1.8.0_77]
	at java.net.SocksSocketImpl.connect(SocksSocketImpl.java:392) ~[na:1.8.0_77]
	at java.net.Socket.connect(Socket.java:589) ~[na:1.8.0_77]
	at org.h2.util.NetUtils.createSocket(NetUtils.java:103) ~[h2-1.4.196.jar:1.4.196]
	at org.h2.util.NetUtils.createSocket(NetUtils.java:83) ~[h2-1.4.196.jar:1.4.196]
	at org.h2.engine.SessionRemote.initTransfer(SessionRemote.java:115) ~[h2-1.4.196.jar:1.4.196]
	at org.h2.engine.SessionRemote.connectServer(SessionRemote.java:453) ~[h2-1.4.196.jar:1.4.196]
	... 37 common frames omitted
14:28:36.024 [main] DEBUG o.s.t.c.s.AbstractDirtiesContextTestExecutionListener - After test method: context [DefaultTestContext@1445d7f testClass = BookDaoQueryAllTest, testInstance = appname.bl.dao.BookDaoQueryAllTest@64d7f7e0, testMethod = queryAll_test001@BookDaoQueryAllTest, testException = org.springframework.transaction.CannotCreateTransactionException: Could not open JDBC Connection for transaction; nested exception is org.h2.jdbc.JdbcSQLException: Connection is broken: "java.net.ConnectException: Connection refused: connect: localhost" [90067-196], mergedContextConfiguration = [MergedContextConfiguration@6a396c1e testClass = BookDaoQueryAllTest, locations = '{classpath:/spring/daoTestApplicationContext.xml}', classes = '{}', contextInitializerClasses = '[]', activeProfiles = '{}', propertySourceLocations = '{}', propertySourceProperties = '{}', contextCustomizers = set[[empty]], contextLoader = 'org.springframework.test.context.support.DelegatingSmartContextLoader', parent = [null]]], class annotated with @DirtiesContext [false] with mode [null], method annotated with @DirtiesContext [false] with mode [null].
14:28:36.031 [main] DEBUG o.s.t.c.s.AbstractDirtiesContextTestExecutionListener - After test class: context [DefaultTestContext@1445d7f testClass = BookDaoQueryAllTest, testInstance = [null], testMethod = [null], testException = [null], mergedContextConfiguration = [MergedContextConfiguration@6a396c1e testClass = BookDaoQueryAllTest, locations = '{classpath:/spring/daoTestApplicationContext.xml}', classes = '{}', contextInitializerClasses = '[]', activeProfiles = '{}', propertySourceLocations = '{}', propertySourceProperties = '{}', contextCustomizers = set[[empty]], contextLoader = 'org.springframework.test.context.support.DelegatingSmartContextLoader', parent = [null]]], class annotated with @DirtiesContext [false] with mode [null].
]]></system-out>
  <system-err><![CDATA[SLF4J: Class path contains multiple SLF4J bindings.
SLF4J: Found binding in [jar:file:/D:/eclipse-workspace2/SpringMyBatisDemo/cobertura/lib/logback-classic-1.0.13.jar!/org/slf4j/impl/StaticLoggerBinder.class]
SLF4J: Found binding in [jar:file:/D:/eclipse-workspace2/SpringMyBatisDemo/webapp/WEB-INF/lib/logback-classic-1.1.1.jar!/org/slf4j/impl/StaticLoggerBinder.class]
SLF4J: See http://www.slf4j.org/codes.html#multiple_bindings for an explanation.
SLF4J: Actual binding is of type [ch.qos.logback.classic.util.ContextSelectorStaticBinder]
]]></system-err>
</testsuite>
